[12:29:34:645]Debug >> Log [ctor] >> Log path = [E:\EcoMart\EcoMartSolution\EcoMartSolution\bin\Debug]
[12:29:34:654]ERROR >> <<SqlConnection.OnError>> -    at System.Data.SqlClient.SqlConnection.OnError(SqlException exception, Boolean breakConnection, Action`1 wrapCloseInAction)
   at System.Data.SqlClient.TdsParser.ThrowExceptionAndWarning(TdsParserStateObject stateObj, Boolean callerHasConnectionLock, Boolean asyncClose)
   at System.Data.SqlClient.TdsParser.TryRun(RunBehavior runBehavior, SqlCommand cmdHandler, SqlDataReader dataStream, BulkCopySimpleResultSet bulkCopyHandler, TdsParserStateObject stateObj, Boolean& dataReady)
   at System.Data.SqlClient.SqlDataReader.TryConsumeMetaData()
   at System.Data.SqlClient.SqlDataReader.get_MetaData()
   at System.Data.SqlClient.SqlCommand.FinishExecuteReader(SqlDataReader ds, RunBehavior runBehavior, String resetOptionsString, Boolean isInternal, Boolean forDescribeParameterEncryption, Boolean shouldCacheForAlwaysEncrypted)
   at System.Data.SqlClient.SqlCommand.RunExecuteReaderTds(CommandBehavior cmdBehavior, RunBehavior runBehavior, Boolean returnStream, Boolean async, Int32 timeout, Task& task, Boolean asyncWrite, Boolean inRetry, SqlDataReader ds, Boolean describeParameterEncryptionRequest)
   at System.Data.SqlClient.SqlCommand.RunExecuteReader(CommandBehavior cmdBehavior, RunBehavior runBehavior, Boolean returnStream, String method, TaskCompletionSource`1 completion, Int32 timeout, Task& task, Boolean& usedCache, Boolean asyncWrite, Boolean inRetry)
   at System.Data.SqlClient.SqlCommand.RunExecuteReader(CommandBehavior cmdBehavior, RunBehavior runBehavior, Boolean returnStream, String method)
   at System.Data.SqlClient.SqlCommand.ExecuteScalar()
   at PharmaSYSDistributorPlus.DataLayer.DBInterface.ExecuteScalar(String strSql) in E:\EcoMart\EcoMartSolution\EcoMartSolution\DataLayer\DBInterface.cs:line 206
[12:35:40:217]ERROR >> Backup Path  Missing 
[13:05:43:618]Debug >> Log [ctor] >> Log path = [E:\EcoMart\EcoMartSolution\EcoMartSolution\bin\Debug]
[13:05:43:620]ERROR >> Backup Path  Missing 
[17:58:29:266]Debug >> Log [ctor] >> Log path = [E:\EcoMart\EcoMartSolution\EcoMartSolution\bin\Debug]
[17:58:29:298]ERROR >> Backup Path  Missing 
[18:52:58:383]Debug >> Log [ctor] >> Log path = [E:\EcoMart\EcoMartSolution\EcoMartSolution\bin\Debug]
[18:52:58:461]ERROR >> Backup Path  Missing 
[19:25:14:337]Debug >> Log [ctor] >> Log path = [E:\EcoMart\EcoMartSolution\EcoMartSolution\bin\Debug]
[19:25:14:338]ERROR >> Backup Path  Missing 
[19:32:34:672]Debug >> Log [ctor] >> Log path = [E:\EcoMart\EcoMartSolution\EcoMartSolution\bin\Debug]
[19:32:34:674]ERROR >> Backup Path  Missing 
