[13:20:10:083]Debug >> Log [ctor] >> Log path = [E:\GitDistributor - New\PharmaSYSDistributorPlus\bin\Debug]
[13:20:10:104]ERROR >> <<MySqlStream.ReadPacket>> -    at MySql.Data.MySqlClient.MySqlStream.ReadPacket()
   at MySql.Data.MySqlClient.NativeDriver.GetResult(Int32& affectedRow, Int64& insertedId)
   at MySql.Data.MySqlClient.Driver.NextResult(Int32 statementId, Boolean force)
   at MySql.Data.MySqlClient.MySqlDataReader.NextResult()
   at MySql.Data.MySqlClient.MySqlCommand.ExecuteReader(CommandBehavior behavior)
   at System.Data.Common.DbDataAdapter.FillInternal(DataSet dataset, DataTable[] datatables, Int32 startRecord, Int32 maxRecords, String srcTable, IDbCommand command, CommandBehavior behavior)
   at System.Data.Common.DbDataAdapter.Fill(DataSet dataSet, Int32 startRecord, Int32 maxRecords, String srcTable, IDbCommand command, CommandBehavior behavior)
   at System.Data.Common.DbDataAdapter.Fill(DataSet dataSet)
   at PharmaSYSDistributorPlus.DataLayer.DBInterface.SelectDataSet(String strQuery) in E:\GitDistributor - New\PharmaSYSDistributorPlus\DataLayer\DBInterface.cs:line 94
[13:20:10:406]ERROR >> <<MySqlStream.ReadPacket>> -    at MySql.Data.MySqlClient.MySqlStream.ReadPacket()
   at MySql.Data.MySqlClient.NativeDriver.GetResult(Int32& affectedRow, Int64& insertedId)
   at MySql.Data.MySqlClient.Driver.NextResult(Int32 statementId, Boolean force)
   at MySql.Data.MySqlClient.MySqlDataReader.NextResult()
   at MySql.Data.MySqlClient.MySqlCommand.ExecuteReader(CommandBehavior behavior)
   at System.Data.Common.DbDataAdapter.FillInternal(DataSet dataset, DataTable[] datatables, Int32 startRecord, Int32 maxRecords, String srcTable, IDbCommand command, CommandBehavior behavior)
   at System.Data.Common.DbDataAdapter.Fill(DataSet dataSet, Int32 startRecord, Int32 maxRecords, String srcTable, IDbCommand command, CommandBehavior behavior)
   at System.Data.Common.DbDataAdapter.Fill(DataSet dataSet)
   at PharmaSYSDistributorPlus.DataLayer.DBInterface.SelectDataSet(String strQuery) in E:\GitDistributor - New\PharmaSYSDistributorPlus\DataLayer\DBInterface.cs:line 94
[13:20:55:935]ERROR >> <<MySqlStream.ReadPacket>> -    at MySql.Data.MySqlClient.MySqlStream.ReadPacket()
   at MySql.Data.MySqlClient.NativeDriver.GetResult(Int32& affectedRow, Int64& insertedId)
   at MySql.Data.MySqlClient.Driver.NextResult(Int32 statementId, Boolean force)
   at MySql.Data.MySqlClient.MySqlDataReader.NextResult()
   at MySql.Data.MySqlClient.MySqlCommand.ExecuteReader(CommandBehavior behavior)
   at System.Data.Common.DbDataAdapter.FillInternal(DataSet dataset, DataTable[] datatables, Int32 startRecord, Int32 maxRecords, String srcTable, IDbCommand command, CommandBehavior behavior)
   at System.Data.Common.DbDataAdapter.Fill(DataSet dataSet, Int32 startRecord, Int32 maxRecords, String srcTable, IDbCommand command, CommandBehavior behavior)
   at System.Data.Common.DbDataAdapter.Fill(DataSet dataSet)
   at PharmaSYSDistributorPlus.DataLayer.DBInterface.SelectDataSet(String strQuery) in E:\GitDistributor - New\PharmaSYSDistributorPlus\DataLayer\DBInterface.cs:line 94
[13:20:56:236]ERROR >> <<MySqlStream.ReadPacket>> -    at MySql.Data.MySqlClient.MySqlStream.ReadPacket()
   at MySql.Data.MySqlClient.NativeDriver.GetResult(Int32& affectedRow, Int64& insertedId)
   at MySql.Data.MySqlClient.Driver.NextResult(Int32 statementId, Boolean force)
   at MySql.Data.MySqlClient.MySqlDataReader.NextResult()
   at MySql.Data.MySqlClient.MySqlCommand.ExecuteReader(CommandBehavior behavior)
   at System.Data.Common.DbDataAdapter.FillInternal(DataSet dataset, DataTable[] datatables, Int32 startRecord, Int32 maxRecords, String srcTable, IDbCommand command, CommandBehavior behavior)
   at System.Data.Common.DbDataAdapter.Fill(DataSet dataSet, Int32 startRecord, Int32 maxRecords, String srcTable, IDbCommand command, CommandBehavior behavior)
   at System.Data.Common.DbDataAdapter.Fill(DataSet dataSet)
   at PharmaSYSDistributorPlus.DataLayer.DBInterface.SelectDataSet(String strQuery) in E:\GitDistributor - New\PharmaSYSDistributorPlus\DataLayer\DBInterface.cs:line 94
[13:21:38:231]ERROR >> <<MySqlStream.ReadPacket>> -    at MySql.Data.MySqlClient.MySqlStream.ReadPacket()
   at MySql.Data.MySqlClient.NativeDriver.GetResult(Int32& affectedRow, Int64& insertedId)
   at MySql.Data.MySqlClient.Driver.NextResult(Int32 statementId, Boolean force)
   at MySql.Data.MySqlClient.MySqlDataReader.NextResult()
   at MySql.Data.MySqlClient.MySqlCommand.ExecuteReader(CommandBehavior behavior)
   at System.Data.Common.DbDataAdapter.FillInternal(DataSet dataset, DataTable[] datatables, Int32 startRecord, Int32 maxRecords, String srcTable, IDbCommand command, CommandBehavior behavior)
   at System.Data.Common.DbDataAdapter.Fill(DataSet dataSet, Int32 startRecord, Int32 maxRecords, String srcTable, IDbCommand command, CommandBehavior behavior)
   at System.Data.Common.DbDataAdapter.Fill(DataSet dataSet)
   at PharmaSYSDistributorPlus.DataLayer.DBInterface.SelectDataSet(String strQuery) in E:\GitDistributor - New\PharmaSYSDistributorPlus\DataLayer\DBInterface.cs:line 94
[13:21:46:505]ERROR >> <<UnboxT`1.NullableField>> -    at System.Data.DataRowExtensions.UnboxT`1.NullableField[TElem](Object value)
   at PharmaSYSDistributorPlus.DataLayer.DBProduct.<>c.<GetMergedProductStock>b__36_2(DataRow p, DataRow t) in E:\GitDistributor - New\PharmaSYSDistributorPlus\DataLayer\DBProduct.cs:line 445
   at System.Linq.Enumerable.<JoinIterator>d__37`4.MoveNext()
   at System.Collections.Generic.List`1..ctor(IEnumerable`1 collection)
   at System.Linq.Enumerable.ToList[TSource](IEnumerable`1 source)
   at PharmaSYSDistributorPlus.DataLayer.DBProduct.GetMergedProductStock(DataTable dtProduct, DataTable dtStock, DataTable EditedTempDataList) in E:\GitDistributor - New\PharmaSYSDistributorPlus\DataLayer\DBProduct.cs:line 442
[13:22:19:155]ERROR >> System.ArgumentException: Column named Col_NewBatch cannot be found.
Parameter name: columnName
   at System.Windows.Forms.DataGridViewCellCollection.get_Item(String columnName)
   at PharmaSYSDistributorPlus.InterfaceLayer.UclDistributorSale.dgvBatchGridClick() in E:\GitDistributor - New\PharmaSYSDistributorPlus\InterfaceLayer\Controls\UclDistributorSale.cs:line 4681
[13:23:48:457]ERROR >> <<MySqlStream.ReadPacket>> -    at MySql.Data.MySqlClient.MySqlStream.ReadPacket()
   at MySql.Data.MySqlClient.NativeDriver.GetResult(Int32& affectedRow, Int64& insertedId)
   at MySql.Data.MySqlClient.Driver.NextResult(Int32 statementId, Boolean force)
   at MySql.Data.MySqlClient.MySqlDataReader.NextResult()
   at MySql.Data.MySqlClient.MySqlCommand.ExecuteReader(CommandBehavior behavior)
   at System.Data.Common.DbDataAdapter.FillInternal(DataSet dataset, DataTable[] datatables, Int32 startRecord, Int32 maxRecords, String srcTable, IDbCommand command, CommandBehavior behavior)
   at System.Data.Common.DbDataAdapter.Fill(DataSet dataSet, Int32 startRecord, Int32 maxRecords, String srcTable, IDbCommand command, CommandBehavior behavior)
   at System.Data.Common.DbDataAdapter.Fill(DataSet dataSet)
   at PharmaSYSDistributorPlus.DataLayer.DBInterface.SelectDataSet(String strQuery) in E:\GitDistributor - New\PharmaSYSDistributorPlus\DataLayer\DBInterface.cs:line 94
[13:23:48:757]ERROR >> <<MySqlStream.ReadPacket>> -    at MySql.Data.MySqlClient.MySqlStream.ReadPacket()
   at MySql.Data.MySqlClient.NativeDriver.GetResult(Int32& affectedRow, Int64& insertedId)
   at MySql.Data.MySqlClient.Driver.NextResult(Int32 statementId, Boolean force)
   at MySql.Data.MySqlClient.MySqlDataReader.NextResult()
   at MySql.Data.MySqlClient.MySqlCommand.ExecuteReader(CommandBehavior behavior)
   at System.Data.Common.DbDataAdapter.FillInternal(DataSet dataset, DataTable[] datatables, Int32 startRecord, Int32 maxRecords, String srcTable, IDbCommand command, CommandBehavior behavior)
   at System.Data.Common.DbDataAdapter.Fill(DataSet dataSet, Int32 startRecord, Int32 maxRecords, String srcTable, IDbCommand command, CommandBehavior behavior)
   at System.Data.Common.DbDataAdapter.Fill(DataSet dataSet)
   at PharmaSYSDistributorPlus.DataLayer.DBInterface.SelectDataSet(String strQuery) in E:\GitDistributor - New\PharmaSYSDistributorPlus\DataLayer\DBInterface.cs:line 94
