[08:17:12:742]Debug >> Log [ctor] >> Log path = [E:\GitDistributor - New\PharmaSYSDistributorPlus\bin\Debug]
[08:17:12:747]ERROR >> <<MySqlStream.ReadPacket>> -    at MySql.Data.MySqlClient.MySqlStream.ReadPacket()
   at MySql.Data.MySqlClient.NativeDriver.GetResult(Int32& affectedRow, Int64& insertedId)
   at MySql.Data.MySqlClient.Driver.NextResult(Int32 statementId, Boolean force)
   at MySql.Data.MySqlClient.MySqlDataReader.NextResult()
   at MySql.Data.MySqlClient.MySqlCommand.ExecuteReader(CommandBehavior behavior)
   at System.Data.Common.DbDataAdapter.FillInternal(DataSet dataset, DataTable[] datatables, Int32 startRecord, Int32 maxRecords, String srcTable, IDbCommand command, CommandBehavior behavior)
   at System.Data.Common.DbDataAdapter.Fill(DataSet dataSet, Int32 startRecord, Int32 maxRecords, String srcTable, IDbCommand command, CommandBehavior behavior)
   at System.Data.Common.DbDataAdapter.Fill(DataSet dataSet)
   at PharmaSYSDistributorPlus.DataLayer.DBInterface.SelectDataSet(String strQuery) in E:\GitDistributor - New\PharmaSYSDistributorPlus\DataLayer\DBInterface.cs:line 94
[08:17:13:110]ERROR >> <<MySqlStream.ReadPacket>> -    at MySql.Data.MySqlClient.MySqlStream.ReadPacket()
   at MySql.Data.MySqlClient.NativeDriver.GetResult(Int32& affectedRow, Int64& insertedId)
   at MySql.Data.MySqlClient.Driver.NextResult(Int32 statementId, Boolean force)
   at MySql.Data.MySqlClient.MySqlDataReader.NextResult()
   at MySql.Data.MySqlClient.MySqlCommand.ExecuteReader(CommandBehavior behavior)
   at System.Data.Common.DbDataAdapter.FillInternal(DataSet dataset, DataTable[] datatables, Int32 startRecord, Int32 maxRecords, String srcTable, IDbCommand command, CommandBehavior behavior)
   at System.Data.Common.DbDataAdapter.Fill(DataSet dataSet, Int32 startRecord, Int32 maxRecords, String srcTable, IDbCommand command, CommandBehavior behavior)
   at System.Data.Common.DbDataAdapter.Fill(DataSet dataSet)
   at PharmaSYSDistributorPlus.DataLayer.DBInterface.SelectDataSet(String strQuery) in E:\GitDistributor - New\PharmaSYSDistributorPlus\DataLayer\DBInterface.cs:line 94
[08:17:21:304]ERROR >> <<MySqlStream.ReadPacket>> -    at MySql.Data.MySqlClient.MySqlStream.ReadPacket()
   at MySql.Data.MySqlClient.NativeDriver.GetResult(Int32& affectedRow, Int64& insertedId)
   at MySql.Data.MySqlClient.Driver.NextResult(Int32 statementId, Boolean force)
   at MySql.Data.MySqlClient.MySqlDataReader.NextResult()
   at MySql.Data.MySqlClient.MySqlCommand.ExecuteReader(CommandBehavior behavior)
   at System.Data.Common.DbDataAdapter.FillInternal(DataSet dataset, DataTable[] datatables, Int32 startRecord, Int32 maxRecords, String srcTable, IDbCommand command, CommandBehavior behavior)
   at System.Data.Common.DbDataAdapter.Fill(DataSet dataSet, Int32 startRecord, Int32 maxRecords, String srcTable, IDbCommand command, CommandBehavior behavior)
   at System.Data.Common.DbDataAdapter.Fill(DataSet dataSet)
   at PharmaSYSDistributorPlus.DataLayer.DBInterface.SelectDataSet(String strQuery) in E:\GitDistributor - New\PharmaSYSDistributorPlus\DataLayer\DBInterface.cs:line 94
[08:17:21:711]ERROR >> <<MySqlStream.ReadPacket>> -    at MySql.Data.MySqlClient.MySqlStream.ReadPacket()
   at MySql.Data.MySqlClient.NativeDriver.GetResult(Int32& affectedRow, Int64& insertedId)
   at MySql.Data.MySqlClient.Driver.NextResult(Int32 statementId, Boolean force)
   at MySql.Data.MySqlClient.MySqlDataReader.NextResult()
   at MySql.Data.MySqlClient.MySqlCommand.ExecuteReader(CommandBehavior behavior)
   at System.Data.Common.DbDataAdapter.FillInternal(DataSet dataset, DataTable[] datatables, Int32 startRecord, Int32 maxRecords, String srcTable, IDbCommand command, CommandBehavior behavior)
   at System.Data.Common.DbDataAdapter.Fill(DataSet dataSet, Int32 startRecord, Int32 maxRecords, String srcTable, IDbCommand command, CommandBehavior behavior)
   at System.Data.Common.DbDataAdapter.Fill(DataSet dataSet)
   at PharmaSYSDistributorPlus.DataLayer.DBInterface.SelectDataSet(String strQuery) in E:\GitDistributor - New\PharmaSYSDistributorPlus\DataLayer\DBInterface.cs:line 94
[08:17:23:757]ERROR >> <<MySqlStream.ReadPacket>> -    at MySql.Data.MySqlClient.MySqlStream.ReadPacket()
   at MySql.Data.MySqlClient.NativeDriver.GetResult(Int32& affectedRow, Int64& insertedId)
   at MySql.Data.MySqlClient.Driver.NextResult(Int32 statementId, Boolean force)
   at MySql.Data.MySqlClient.MySqlDataReader.NextResult()
   at MySql.Data.MySqlClient.MySqlCommand.ExecuteReader(CommandBehavior behavior)
   at System.Data.Common.DbDataAdapter.FillInternal(DataSet dataset, DataTable[] datatables, Int32 startRecord, Int32 maxRecords, String srcTable, IDbCommand command, CommandBehavior behavior)
   at System.Data.Common.DbDataAdapter.Fill(DataSet dataSet, Int32 startRecord, Int32 maxRecords, String srcTable, IDbCommand command, CommandBehavior behavior)
   at System.Data.Common.DbDataAdapter.Fill(DataSet dataSet)
   at PharmaSYSDistributorPlus.DataLayer.DBInterface.SelectDataSet(String strQuery) in E:\GitDistributor - New\PharmaSYSDistributorPlus\DataLayer\DBInterface.cs:line 94
[08:17:26:072]ERROR >> <<UnboxT`1.NullableField>> -    at System.Data.DataRowExtensions.UnboxT`1.NullableField[TElem](Object value)
   at PharmaSYSDistributorPlus.DataLayer.DBProduct.<>c.<GetMergedProductStock>b__36_2(DataRow p, DataRow t) in E:\GitDistributor - New\PharmaSYSDistributorPlus\DataLayer\DBProduct.cs:line 445
   at System.Linq.Enumerable.<JoinIterator>d__37`4.MoveNext()
   at System.Collections.Generic.List`1..ctor(IEnumerable`1 collection)
   at System.Linq.Enumerable.ToList[TSource](IEnumerable`1 source)
   at PharmaSYSDistributorPlus.DataLayer.DBProduct.GetMergedProductStock(DataTable dtProduct, DataTable dtStock, DataTable EditedTempDataList) in E:\GitDistributor - New\PharmaSYSDistributorPlus\DataLayer\DBProduct.cs:line 442
[08:22:00:226]ERROR >> <<DataGridViewCellCollection.get_Item>> -    at System.Windows.Forms.DataGridViewCellCollection.get_Item(String columnName)
   at PharmaSYSDistributorPlus.InterfaceLayer.UclDistributorSale.ReduceStockIntblStock() in E:\GitDistributor - New\PharmaSYSDistributorPlus\InterfaceLayer\Controls\UclDistributorSale.cs:line 1906
[08:22:25:895]ERROR >> <<DataGridViewCellCollection.get_Item>> -    at System.Windows.Forms.DataGridViewCellCollection.get_Item(String columnName)
   at PharmaSYSDistributorPlus.InterfaceLayer.UclDistributorSale.ReduceStockIntblStock() in E:\GitDistributor - New\PharmaSYSDistributorPlus\InterfaceLayer\Controls\UclDistributorSale.cs:line 1906
[09:28:21:983]ERROR >> <<DataGridViewCellCollection.get_Item>> -    at System.Windows.Forms.DataGridViewCellCollection.get_Item(String columnName)
   at PharmaSYSDistributorPlus.InterfaceLayer.UclDistributorSale.ReduceStockIntblStock()
[09:30:10:886]ERROR >> <<MySqlStream.ReadPacket>> -    at MySql.Data.MySqlClient.MySqlStream.ReadPacket()
   at MySql.Data.MySqlClient.NativeDriver.GetResult(Int32& affectedRow, Int64& insertedId)
   at MySql.Data.MySqlClient.Driver.NextResult(Int32 statementId, Boolean force)
   at MySql.Data.MySqlClient.MySqlDataReader.NextResult()
   at MySql.Data.MySqlClient.MySqlCommand.ExecuteReader(CommandBehavior behavior)
   at System.Data.Common.DbDataAdapter.FillInternal(DataSet dataset, DataTable[] datatables, Int32 startRecord, Int32 maxRecords, String srcTable, IDbCommand command, CommandBehavior behavior)
   at System.Data.Common.DbDataAdapter.Fill(DataSet dataSet, Int32 startRecord, Int32 maxRecords, String srcTable, IDbCommand command, CommandBehavior behavior)
   at System.Data.Common.DbDataAdapter.Fill(DataSet dataSet)
   at PharmaSYSDistributorPlus.DataLayer.DBInterface.SelectDataSet(String strQuery)
[09:30:11:413]ERROR >> <<MySqlStream.ReadPacket>> -    at MySql.Data.MySqlClient.MySqlStream.ReadPacket()
   at MySql.Data.MySqlClient.NativeDriver.GetResult(Int32& affectedRow, Int64& insertedId)
   at MySql.Data.MySqlClient.Driver.NextResult(Int32 statementId, Boolean force)
   at MySql.Data.MySqlClient.MySqlDataReader.NextResult()
   at MySql.Data.MySqlClient.MySqlCommand.ExecuteReader(CommandBehavior behavior)
   at System.Data.Common.DbDataAdapter.FillInternal(DataSet dataset, DataTable[] datatables, Int32 startRecord, Int32 maxRecords, String srcTable, IDbCommand command, CommandBehavior behavior)
   at System.Data.Common.DbDataAdapter.Fill(DataSet dataSet, Int32 startRecord, Int32 maxRecords, String srcTable, IDbCommand command, CommandBehavior behavior)
   at System.Data.Common.DbDataAdapter.Fill(DataSet dataSet)
   at PharmaSYSDistributorPlus.DataLayer.DBInterface.SelectDataSet(String strQuery)
