[18:17:10:357]Debug >> Log [ctor] >> Log path = [D:\GitDistributor - New\PharmaSYSDistributorPlus\bin\Debug]
[18:17:10:387]ERROR >> <<MySqlAuthenticationPlugin.AuthenticationFailed>> -    at MySql.Data.MySqlClient.Authentication.MySqlAuthenticationPlugin.AuthenticationFailed(Exception ex)
   at MySql.Data.MySqlClient.Authentication.MySqlAuthenticationPlugin.ReadPacket()
   at MySql.Data.MySqlClient.Authentication.MySqlAuthenticationPlugin.Authenticate(Boolean reset)
   at MySql.Data.MySqlClient.NativeDriver.Open()
   at MySql.Data.MySqlClient.Driver.Open()
   at MySql.Data.MySqlClient.Driver.Create(MySqlConnectionStringBuilder settings)
   at MySql.Data.MySqlClient.MySqlPool.GetPooledConnection()
   at MySql.Data.MySqlClient.MySqlPool.TryToGetDriver()
   at MySql.Data.MySqlClient.MySqlPool.GetConnection()
   at MySql.Data.MySqlClient.MySqlConnection.Open()
   at PharmaSYSDistributorPlus.DataLayer.DBInterface.OpenConnection() in D:\GitDistributor - New\PharmaSYSDistributorPlus\DataLayer\DBInterface.cs:line 414
   at PharmaSYSDistributorPlus.DataLayer.DBInterface.Initialize() in D:\GitDistributor - New\PharmaSYSDistributorPlus\DataLayer\DBInterface.cs:line 58
[18:17:28:142]ERROR >> <<MySqlStream.ReadPacket>> -    at MySql.Data.MySqlClient.MySqlStream.ReadPacket()
   at MySql.Data.MySqlClient.NativeDriver.GetResult(Int32& affectedRow, Int64& insertedId)
   at MySql.Data.MySqlClient.Driver.NextResult(Int32 statementId, Boolean force)
   at MySql.Data.MySqlClient.MySqlDataReader.NextResult()
   at MySql.Data.MySqlClient.MySqlCommand.ExecuteReader(CommandBehavior behavior)
   at System.Data.Common.DbDataAdapter.FillInternal(DataSet dataset, DataTable[] datatables, Int32 startRecord, Int32 maxRecords, String srcTable, IDbCommand command, CommandBehavior behavior)
   at System.Data.Common.DbDataAdapter.Fill(DataSet dataSet, Int32 startRecord, Int32 maxRecords, String srcTable, IDbCommand command, CommandBehavior behavior)
   at System.Data.Common.DbDataAdapter.Fill(DataSet dataSet)
   at PharmaSYSDistributorPlus.DataLayer.DBInterface.SelectDataSet(String strQuery) in D:\GitDistributor - New\PharmaSYSDistributorPlus\DataLayer\DBInterface.cs:line 94
[18:17:28:369]ERROR >> <<MySqlStream.ReadPacket>> -    at MySql.Data.MySqlClient.MySqlStream.ReadPacket()
   at MySql.Data.MySqlClient.NativeDriver.GetResult(Int32& affectedRow, Int64& insertedId)
   at MySql.Data.MySqlClient.Driver.NextResult(Int32 statementId, Boolean force)
   at MySql.Data.MySqlClient.MySqlDataReader.NextResult()
   at MySql.Data.MySqlClient.MySqlCommand.ExecuteReader(CommandBehavior behavior)
   at System.Data.Common.DbDataAdapter.FillInternal(DataSet dataset, DataTable[] datatables, Int32 startRecord, Int32 maxRecords, String srcTable, IDbCommand command, CommandBehavior behavior)
   at System.Data.Common.DbDataAdapter.Fill(DataSet dataSet, Int32 startRecord, Int32 maxRecords, String srcTable, IDbCommand command, CommandBehavior behavior)
   at System.Data.Common.DbDataAdapter.Fill(DataSet dataSet)
   at PharmaSYSDistributorPlus.DataLayer.DBInterface.SelectDataSet(String strQuery) in D:\GitDistributor - New\PharmaSYSDistributorPlus\DataLayer\DBInterface.cs:line 94
[18:20:52:482]Debug >> Log [ctor] >> Log path = [D:\GitDistributor - New\PharmaSYSDistributorPlus\bin\Debug]
[18:20:52:491]ERROR >> <<MySqlAuthenticationPlugin.AuthenticationFailed>> -    at MySql.Data.MySqlClient.Authentication.MySqlAuthenticationPlugin.AuthenticationFailed(Exception ex)
   at MySql.Data.MySqlClient.Authentication.MySqlAuthenticationPlugin.ReadPacket()
   at MySql.Data.MySqlClient.Authentication.MySqlAuthenticationPlugin.Authenticate(Boolean reset)
   at MySql.Data.MySqlClient.NativeDriver.Open()
   at MySql.Data.MySqlClient.Driver.Open()
   at MySql.Data.MySqlClient.Driver.Create(MySqlConnectionStringBuilder settings)
   at MySql.Data.MySqlClient.MySqlPool.GetPooledConnection()
   at MySql.Data.MySqlClient.MySqlPool.TryToGetDriver()
   at MySql.Data.MySqlClient.MySqlPool.GetConnection()
   at MySql.Data.MySqlClient.MySqlConnection.Open()
   at PharmaSYSDistributorPlus.DataLayer.DBInterface.OpenConnection() in D:\GitDistributor - New\PharmaSYSDistributorPlus\DataLayer\DBInterface.cs:line 414
   at PharmaSYSDistributorPlus.DataLayer.DBInterface.Initialize() in D:\GitDistributor - New\PharmaSYSDistributorPlus\DataLayer\DBInterface.cs:line 58
[18:21:04:566]ERROR >> <<MySqlStream.ReadPacket>> -    at MySql.Data.MySqlClient.MySqlStream.ReadPacket()
   at MySql.Data.MySqlClient.NativeDriver.GetResult(Int32& affectedRow, Int64& insertedId)
   at MySql.Data.MySqlClient.Driver.NextResult(Int32 statementId, Boolean force)
   at MySql.Data.MySqlClient.MySqlDataReader.NextResult()
   at MySql.Data.MySqlClient.MySqlCommand.ExecuteReader(CommandBehavior behavior)
   at System.Data.Common.DbDataAdapter.FillInternal(DataSet dataset, DataTable[] datatables, Int32 startRecord, Int32 maxRecords, String srcTable, IDbCommand command, CommandBehavior behavior)
   at System.Data.Common.DbDataAdapter.Fill(DataSet dataSet, Int32 startRecord, Int32 maxRecords, String srcTable, IDbCommand command, CommandBehavior behavior)
   at System.Data.Common.DbDataAdapter.Fill(DataSet dataSet)
   at PharmaSYSDistributorPlus.DataLayer.DBInterface.SelectDataSet(String strQuery) in D:\GitDistributor - New\PharmaSYSDistributorPlus\DataLayer\DBInterface.cs:line 94
[18:21:04:738]ERROR >> <<MySqlStream.ReadPacket>> -    at MySql.Data.MySqlClient.MySqlStream.ReadPacket()
   at MySql.Data.MySqlClient.NativeDriver.GetResult(Int32& affectedRow, Int64& insertedId)
   at MySql.Data.MySqlClient.Driver.NextResult(Int32 statementId, Boolean force)
   at MySql.Data.MySqlClient.MySqlDataReader.NextResult()
   at MySql.Data.MySqlClient.MySqlCommand.ExecuteReader(CommandBehavior behavior)
   at System.Data.Common.DbDataAdapter.FillInternal(DataSet dataset, DataTable[] datatables, Int32 startRecord, Int32 maxRecords, String srcTable, IDbCommand command, CommandBehavior behavior)
   at System.Data.Common.DbDataAdapter.Fill(DataSet dataSet, Int32 startRecord, Int32 maxRecords, String srcTable, IDbCommand command, CommandBehavior behavior)
   at System.Data.Common.DbDataAdapter.Fill(DataSet dataSet)
   at PharmaSYSDistributorPlus.DataLayer.DBInterface.SelectDataSet(String strQuery) in D:\GitDistributor - New\PharmaSYSDistributorPlus\DataLayer\DBInterface.cs:line 94
[18:24:15:673]ERROR >> <<UnboxT`1.NullableField>> -    at System.Data.DataRowExtensions.UnboxT`1.NullableField[TElem](Object value)
   at PharmaSYSDistributorPlus.DataLayer.DBProduct.<>c.<GetMergedProductStock>b__36_2(DataRow p, DataRow t)
   at System.Linq.Enumerable.<JoinIterator>d__37`4.MoveNext()
   at System.Collections.Generic.List`1..ctor(IEnumerable`1 collection)
   at System.Linq.Enumerable.ToList[TSource](IEnumerable`1 source)
   at PharmaSYSDistributorPlus.DataLayer.DBProduct.GetMergedProductStock(DataTable dtProduct, DataTable dtStock, DataTable EditedTempDataList)
[18:24:22:288]ERROR >> System.NullReferenceException: Object reference not set to an instance of an object.
   at PharmaSYSDistributorPlus.InterfaceLayer.CommonControls.PSProductViewControl.FillProductDetails()
[18:29:18:645]ERROR >> Backup Path  Missing 
[18:35:11:879]Debug >> Log [ctor] >> Log path = [D:\GitDistributor - New\PharmaSYSDistributorPlus\bin\Debug]
[18:35:11:895]ERROR >> <<MySqlAuthenticationPlugin.AuthenticationFailed>> -    at MySql.Data.MySqlClient.Authentication.MySqlAuthenticationPlugin.AuthenticationFailed(Exception ex)
   at MySql.Data.MySqlClient.Authentication.MySqlAuthenticationPlugin.ReadPacket()
   at MySql.Data.MySqlClient.Authentication.MySqlAuthenticationPlugin.Authenticate(Boolean reset)
   at MySql.Data.MySqlClient.NativeDriver.Open()
   at MySql.Data.MySqlClient.Driver.Open()
   at MySql.Data.MySqlClient.Driver.Create(MySqlConnectionStringBuilder settings)
   at MySql.Data.MySqlClient.MySqlPool.GetPooledConnection()
   at MySql.Data.MySqlClient.MySqlPool.TryToGetDriver()
   at MySql.Data.MySqlClient.MySqlPool.GetConnection()
   at MySql.Data.MySqlClient.MySqlConnection.Open()
   at PharmaSYSDistributorPlus.DataLayer.DBInterface.OpenConnection() in D:\GitDistributor - New\PharmaSYSDistributorPlus\DataLayer\DBInterface.cs:line 414
   at PharmaSYSDistributorPlus.DataLayer.DBInterface.Initialize() in D:\GitDistributor - New\PharmaSYSDistributorPlus\DataLayer\DBInterface.cs:line 58
[18:35:24:076]ERROR >> <<MySqlStream.ReadPacket>> -    at MySql.Data.MySqlClient.MySqlStream.ReadPacket()
   at MySql.Data.MySqlClient.NativeDriver.GetResult(Int32& affectedRow, Int64& insertedId)
   at MySql.Data.MySqlClient.Driver.NextResult(Int32 statementId, Boolean force)
   at MySql.Data.MySqlClient.MySqlDataReader.NextResult()
   at MySql.Data.MySqlClient.MySqlCommand.ExecuteReader(CommandBehavior behavior)
   at System.Data.Common.DbDataAdapter.FillInternal(DataSet dataset, DataTable[] datatables, Int32 startRecord, Int32 maxRecords, String srcTable, IDbCommand command, CommandBehavior behavior)
   at System.Data.Common.DbDataAdapter.Fill(DataSet dataSet, Int32 startRecord, Int32 maxRecords, String srcTable, IDbCommand command, CommandBehavior behavior)
   at System.Data.Common.DbDataAdapter.Fill(DataSet dataSet)
   at PharmaSYSDistributorPlus.DataLayer.DBInterface.SelectDataSet(String strQuery) in D:\GitDistributor - New\PharmaSYSDistributorPlus\DataLayer\DBInterface.cs:line 94
[18:35:24:266]ERROR >> <<MySqlStream.ReadPacket>> -    at MySql.Data.MySqlClient.MySqlStream.ReadPacket()
   at MySql.Data.MySqlClient.NativeDriver.GetResult(Int32& affectedRow, Int64& insertedId)
   at MySql.Data.MySqlClient.Driver.NextResult(Int32 statementId, Boolean force)
   at MySql.Data.MySqlClient.MySqlDataReader.NextResult()
   at MySql.Data.MySqlClient.MySqlCommand.ExecuteReader(CommandBehavior behavior)
   at System.Data.Common.DbDataAdapter.FillInternal(DataSet dataset, DataTable[] datatables, Int32 startRecord, Int32 maxRecords, String srcTable, IDbCommand command, CommandBehavior behavior)
   at System.Data.Common.DbDataAdapter.Fill(DataSet dataSet, Int32 startRecord, Int32 maxRecords, String srcTable, IDbCommand command, CommandBehavior behavior)
   at System.Data.Common.DbDataAdapter.Fill(DataSet dataSet)
   at PharmaSYSDistributorPlus.DataLayer.DBInterface.SelectDataSet(String strQuery) in D:\GitDistributor - New\PharmaSYSDistributorPlus\DataLayer\DBInterface.cs:line 94
[18:35:38:817]ERROR >> <<UnboxT`1.NullableField>> -    at System.Data.DataRowExtensions.UnboxT`1.NullableField[TElem](Object value)
   at PharmaSYSDistributorPlus.DataLayer.DBProduct.<>c.<GetMergedProductStock>b__36_2(DataRow p, DataRow t) in D:\GitDistributor - New\PharmaSYSDistributorPlus\DataLayer\DBProduct.cs:line 445
   at System.Linq.Enumerable.<JoinIterator>d__37`4.MoveNext()
   at System.Collections.Generic.List`1..ctor(IEnumerable`1 collection)
   at System.Linq.Enumerable.ToList[TSource](IEnumerable`1 source)
   at PharmaSYSDistributorPlus.DataLayer.DBProduct.GetMergedProductStock(DataTable dtProduct, DataTable dtStock, DataTable EditedTempDataList) in D:\GitDistributor - New\PharmaSYSDistributorPlus\DataLayer\DBProduct.cs:line 442
[18:35:39:808]ERROR >> System.NullReferenceException: Object reference not set to an instance of an object.
   at PharmaSYSDistributorPlus.InterfaceLayer.CommonControls.PSProductViewControl.FillProductDetails() in D:\GitDistributor - New\PharmaSYSDistributorPlus\InterfaceLayer\CommonControls\PSProductViewControl.cs:line 1175
[18:36:47:233]ERROR >> <<UnboxT`1.NullableField>> -    at System.Data.DataRowExtensions.UnboxT`1.NullableField[TElem](Object value)
   at PharmaSYSDistributorPlus.DataLayer.DBProduct.<>c.<GetMergedProductStock>b__36_2(DataRow p, DataRow t) in D:\GitDistributor - New\PharmaSYSDistributorPlus\DataLayer\DBProduct.cs:line 445
   at System.Linq.Enumerable.<JoinIterator>d__37`4.MoveNext()
   at System.Collections.Generic.List`1..ctor(IEnumerable`1 collection)
   at System.Linq.Enumerable.ToList[TSource](IEnumerable`1 source)
   at PharmaSYSDistributorPlus.DataLayer.DBProduct.GetMergedProductStock(DataTable dtProduct, DataTable dtStock, DataTable EditedTempDataList) in D:\GitDistributor - New\PharmaSYSDistributorPlus\DataLayer\DBProduct.cs:line 442
[18:36:50:987]ERROR >> System.NullReferenceException: Object reference not set to an instance of an object.
   at PharmaSYSDistributorPlus.InterfaceLayer.CommonControls.PSProductViewControl.FillProductDetails() in D:\GitDistributor - New\PharmaSYSDistributorPlus\InterfaceLayer\CommonControls\PSProductViewControl.cs:line 1175
[18:37:28:883]ERROR >> <<UnboxT`1.NullableField>> -    at System.Data.DataRowExtensions.UnboxT`1.NullableField[TElem](Object value)
   at PharmaSYSDistributorPlus.DataLayer.DBProduct.<>c.<GetMergedProductStock>b__36_2(DataRow p, DataRow t) in D:\GitDistributor - New\PharmaSYSDistributorPlus\DataLayer\DBProduct.cs:line 445
   at System.Linq.Enumerable.<JoinIterator>d__37`4.MoveNext()
   at System.Collections.Generic.List`1..ctor(IEnumerable`1 collection)
   at System.Linq.Enumerable.ToList[TSource](IEnumerable`1 source)
   at PharmaSYSDistributorPlus.DataLayer.DBProduct.GetMergedProductStock(DataTable dtProduct, DataTable dtStock, DataTable EditedTempDataList) in D:\GitDistributor - New\PharmaSYSDistributorPlus\DataLayer\DBProduct.cs:line 442
[18:37:43:186]ERROR >> <<UnboxT`1.NullableField>> -    at System.Data.DataRowExtensions.UnboxT`1.NullableField[TElem](Object value)
   at PharmaSYSDistributorPlus.DataLayer.DBProduct.<>c.<GetMergedProductStock>b__36_2(DataRow p, DataRow t) in D:\GitDistributor - New\PharmaSYSDistributorPlus\DataLayer\DBProduct.cs:line 445
   at System.Linq.Enumerable.<JoinIterator>d__37`4.MoveNext()
   at System.Collections.Generic.List`1..ctor(IEnumerable`1 collection)
   at System.Linq.Enumerable.ToList[TSource](IEnumerable`1 source)
   at PharmaSYSDistributorPlus.DataLayer.DBProduct.GetMergedProductStock(DataTable dtProduct, DataTable dtStock, DataTable EditedTempDataList) in D:\GitDistributor - New\PharmaSYSDistributorPlus\DataLayer\DBProduct.cs:line 442
[18:37:46:821]ERROR >> System.NullReferenceException: Object reference not set to an instance of an object.
   at PharmaSYSDistributorPlus.InterfaceLayer.CommonControls.PSProductViewControl.FillProductDetails() in D:\GitDistributor - New\PharmaSYSDistributorPlus\InterfaceLayer\CommonControls\PSProductViewControl.cs:line 1175
[18:39:38:990]ERROR >> <<UnboxT`1.NullableField>> -    at System.Data.DataRowExtensions.UnboxT`1.NullableField[TElem](Object value)
   at PharmaSYSDistributorPlus.DataLayer.DBProduct.<>c.<GetMergedProductStock>b__36_2(DataRow p, DataRow t) in D:\GitDistributor - New\PharmaSYSDistributorPlus\DataLayer\DBProduct.cs:line 445
   at System.Linq.Enumerable.<JoinIterator>d__37`4.MoveNext()
   at System.Collections.Generic.List`1..ctor(IEnumerable`1 collection)
   at System.Linq.Enumerable.ToList[TSource](IEnumerable`1 source)
   at PharmaSYSDistributorPlus.DataLayer.DBProduct.GetMergedProductStock(DataTable dtProduct, DataTable dtStock, DataTable EditedTempDataList) in D:\GitDistributor - New\PharmaSYSDistributorPlus\DataLayer\DBProduct.cs:line 442
[18:39:39:065]ERROR >> System.NullReferenceException: Object reference not set to an instance of an object.
   at PharmaSYSDistributorPlus.InterfaceLayer.CommonControls.PSProductViewControl.FillProductDetails() in D:\GitDistributor - New\PharmaSYSDistributorPlus\InterfaceLayer\CommonControls\PSProductViewControl.cs:line 1360
[18:46:08:500]ERROR >> <<DataGridViewCellCollection.get_Item>> -    at System.Windows.Forms.DataGridViewCellCollection.get_Item(String columnName)
   at PharmaSYSDistributorPlus.InterfaceLayer.UclDistributorCreditNoteStock.CalculateAmount(Int32 deletedrowindex)
[18:46:48:091]ERROR >> <<DataGridViewCellCollection.get_Item>> -    at System.Windows.Forms.DataGridViewCellCollection.get_Item(String columnName)
   at PharmaSYSDistributorPlus.InterfaceLayer.UclDistributorCreditNoteStock.CalculateAmount(Int32 deletedrowindex)
[18:46:48:125]ERROR >> <<UnboxT`1.NullableField>> -    at System.Data.DataRowExtensions.UnboxT`1.NullableField[TElem](Object value)
   at PharmaSYSDistributorPlus.DataLayer.DBProduct.<>c.<GetMergedProductStock>b__36_2(DataRow p, DataRow t)
   at System.Linq.Enumerable.<JoinIterator>d__37`4.MoveNext()
   at System.Collections.Generic.List`1..ctor(IEnumerable`1 collection)
   at System.Linq.Enumerable.ToList[TSource](IEnumerable`1 source)
   at PharmaSYSDistributorPlus.DataLayer.DBProduct.GetMergedProductStock(DataTable dtProduct, DataTable dtStock, DataTable EditedTempDataList)
[18:46:48:195]ERROR >> System.NullReferenceException: Object reference not set to an instance of an object.
   at PharmaSYSDistributorPlus.InterfaceLayer.CommonControls.PSProductViewControl.FillProductDetails()
[18:47:05:487]ERROR >> <<DataGridViewCellCollection.get_Item>> -    at System.Windows.Forms.DataGridViewCellCollection.get_Item(String columnName)
   at PharmaSYSDistributorPlus.InterfaceLayer.UclDistributorCreditNoteStock.CalculateAmount(Int32 deletedrowindex)
[18:47:11:422]ERROR >> <<DataGridViewCellCollection.get_Item>> -    at System.Windows.Forms.DataGridViewCellCollection.get_Item(String columnName)
   at PharmaSYSDistributorPlus.InterfaceLayer.UclDistributorCreditNoteStock.CalculateAmount(Int32 deletedrowindex)
[18:47:13:217]ERROR >> <<DataGridViewCellCollection.get_Item>> -    at System.Windows.Forms.DataGridViewCellCollection.get_Item(String columnName)
   at PharmaSYSDistributorPlus.InterfaceLayer.UclDistributorCreditNoteStock.CalculateAmount(Int32 deletedrowindex)
[18:47:21:208]ERROR >> <<DataGridViewCellCollection.get_Item>> -    at System.Windows.Forms.DataGridViewCellCollection.get_Item(String columnName)
   at PharmaSYSDistributorPlus.InterfaceLayer.UclDistributorCreditNoteStock.CalculateAmount(Int32 deletedrowindex)
[18:47:21:968]ERROR >> <<DataGridViewCellCollection.get_Item>> -    at System.Windows.Forms.DataGridViewCellCollection.get_Item(String columnName)
   at PharmaSYSDistributorPlus.InterfaceLayer.UclDistributorCreditNoteStock.CalculateAmount(Int32 deletedrowindex)
[18:49:10:655]ERROR >> <<UnboxT`1.NullableField>> -    at System.Data.DataRowExtensions.UnboxT`1.NullableField[TElem](Object value)
   at PharmaSYSDistributorPlus.DataLayer.DBProduct.<>c.<GetMergedProductStock>b__36_2(DataRow p, DataRow t)
   at System.Linq.Enumerable.<JoinIterator>d__37`4.MoveNext()
   at System.Collections.Generic.List`1..ctor(IEnumerable`1 collection)
   at System.Linq.Enumerable.ToList[TSource](IEnumerable`1 source)
   at PharmaSYSDistributorPlus.DataLayer.DBProduct.GetMergedProductStock(DataTable dtProduct, DataTable dtStock, DataTable EditedTempDataList)
[18:49:15:760]ERROR >> System.NullReferenceException: Object reference not set to an instance of an object.
   at PharmaSYSDistributorPlus.InterfaceLayer.CommonControls.PSProductViewControl.FillProductDetails()
[18:51:38:479]Debug >> Log [ctor] >> Log path = [D:\GitDistributor - New\PharmaSYSDistributorPlus\bin\Debug]
[18:51:38:489]ERROR >> <<MySqlAuthenticationPlugin.AuthenticationFailed>> -    at MySql.Data.MySqlClient.Authentication.MySqlAuthenticationPlugin.AuthenticationFailed(Exception ex)
   at MySql.Data.MySqlClient.Authentication.MySqlAuthenticationPlugin.ReadPacket()
   at MySql.Data.MySqlClient.Authentication.MySqlAuthenticationPlugin.Authenticate(Boolean reset)
   at MySql.Data.MySqlClient.NativeDriver.Open()
   at MySql.Data.MySqlClient.Driver.Open()
   at MySql.Data.MySqlClient.Driver.Create(MySqlConnectionStringBuilder settings)
   at MySql.Data.MySqlClient.MySqlPool.GetPooledConnection()
   at MySql.Data.MySqlClient.MySqlPool.TryToGetDriver()
   at MySql.Data.MySqlClient.MySqlPool.GetConnection()
   at MySql.Data.MySqlClient.MySqlConnection.Open()
   at PharmaSYSDistributorPlus.DataLayer.DBInterface.OpenConnection() in D:\GitDistributor - New\PharmaSYSDistributorPlus\DataLayer\DBInterface.cs:line 414
   at PharmaSYSDistributorPlus.DataLayer.DBInterface.Initialize() in D:\GitDistributor - New\PharmaSYSDistributorPlus\DataLayer\DBInterface.cs:line 58
[18:51:50:264]ERROR >> <<MySqlStream.ReadPacket>> -    at MySql.Data.MySqlClient.MySqlStream.ReadPacket()
   at MySql.Data.MySqlClient.NativeDriver.GetResult(Int32& affectedRow, Int64& insertedId)
   at MySql.Data.MySqlClient.Driver.NextResult(Int32 statementId, Boolean force)
   at MySql.Data.MySqlClient.MySqlDataReader.NextResult()
   at MySql.Data.MySqlClient.MySqlCommand.ExecuteReader(CommandBehavior behavior)
   at System.Data.Common.DbDataAdapter.FillInternal(DataSet dataset, DataTable[] datatables, Int32 startRecord, Int32 maxRecords, String srcTable, IDbCommand command, CommandBehavior behavior)
   at System.Data.Common.DbDataAdapter.Fill(DataSet dataSet, Int32 startRecord, Int32 maxRecords, String srcTable, IDbCommand command, CommandBehavior behavior)
   at System.Data.Common.DbDataAdapter.Fill(DataSet dataSet)
   at PharmaSYSDistributorPlus.DataLayer.DBInterface.SelectDataSet(String strQuery) in D:\GitDistributor - New\PharmaSYSDistributorPlus\DataLayer\DBInterface.cs:line 94
[18:51:50:447]ERROR >> <<MySqlStream.ReadPacket>> -    at MySql.Data.MySqlClient.MySqlStream.ReadPacket()
   at MySql.Data.MySqlClient.NativeDriver.GetResult(Int32& affectedRow, Int64& insertedId)
   at MySql.Data.MySqlClient.Driver.NextResult(Int32 statementId, Boolean force)
   at MySql.Data.MySqlClient.MySqlDataReader.NextResult()
   at MySql.Data.MySqlClient.MySqlCommand.ExecuteReader(CommandBehavior behavior)
   at System.Data.Common.DbDataAdapter.FillInternal(DataSet dataset, DataTable[] datatables, Int32 startRecord, Int32 maxRecords, String srcTable, IDbCommand command, CommandBehavior behavior)
   at System.Data.Common.DbDataAdapter.Fill(DataSet dataSet, Int32 startRecord, Int32 maxRecords, String srcTable, IDbCommand command, CommandBehavior behavior)
   at System.Data.Common.DbDataAdapter.Fill(DataSet dataSet)
   at PharmaSYSDistributorPlus.DataLayer.DBInterface.SelectDataSet(String strQuery) in D:\GitDistributor - New\PharmaSYSDistributorPlus\DataLayer\DBInterface.cs:line 94
[18:52:06:126]ERROR >> <<UnboxT`1.NullableField>> -    at System.Data.DataRowExtensions.UnboxT`1.NullableField[TElem](Object value)
   at PharmaSYSDistributorPlus.DataLayer.DBProduct.<>c.<GetMergedProductStock>b__36_2(DataRow p, DataRow t) in D:\GitDistributor - New\PharmaSYSDistributorPlus\DataLayer\DBProduct.cs:line 445
   at System.Linq.Enumerable.<JoinIterator>d__37`4.MoveNext()
   at System.Collections.Generic.List`1..ctor(IEnumerable`1 collection)
   at System.Linq.Enumerable.ToList[TSource](IEnumerable`1 source)
   at PharmaSYSDistributorPlus.DataLayer.DBProduct.GetMergedProductStock(DataTable dtProduct, DataTable dtStock, DataTable EditedTempDataList) in D:\GitDistributor - New\PharmaSYSDistributorPlus\DataLayer\DBProduct.cs:line 442
[18:52:09:863]ERROR >> System.NullReferenceException: Object reference not set to an instance of an object.
   at PharmaSYSDistributorPlus.InterfaceLayer.CommonControls.PSProductViewControl.FillProductDetails() in D:\GitDistributor - New\PharmaSYSDistributorPlus\InterfaceLayer\CommonControls\PSProductViewControl.cs:line 1175
