[05:11:22:041]Debug >> Log [ctor] >> Log path = [E:\GitDistributor - New\PharmaSYSDistributorPlus\bin\Debug]
[05:11:22:056]ERROR >> <<__Error.WinIOError>> -    at System.IO.__Error.WinIOError(Int32 errorCode, String maybeFullPath)
   at System.IO.FileStream.Init(String path, FileMode mode, FileAccess access, Int32 rights, Boolean useRights, FileShare share, Int32 bufferSize, FileOptions options, SECURITY_ATTRIBUTES secAttrs, String msgPath, Boolean bFromProxy, Boolean useLongPath, Boolean checkHost)
   at System.IO.FileStream..ctor(String path, FileMode mode, FileAccess access, FileShare share, Int32 bufferSize)
   at System.Xml.XmlDownloadManager.GetStream(Uri uri, ICredentials credentials, IWebProxy proxy, RequestCachePolicy cachePolicy)
   at System.Xml.XmlUrlResolver.GetEntity(Uri absoluteUri, String role, Type ofObjectToReturn)
   at System.Xml.XmlTextReaderImpl.OpenUrlDelegate(Object xmlResolver)
   at System.Runtime.CompilerServices.RuntimeHelpers.ExecuteCodeWithGuaranteedCleanup(TryCode code, CleanupCode backoutCode, Object userData)
   at System.Threading.CompressedStack.Run(CompressedStack compressedStack, ContextCallback callback, Object state)
   at System.Xml.XmlTextReaderImpl.OpenUrl()
   at System.Xml.XmlTextReaderImpl.Read()
   at System.Xml.XmlLoader.Load(XmlDocument doc, XmlReader reader, Boolean preserveWhitespace)
   at System.Xml.XmlDocument.Load(XmlReader reader)
   at System.Xml.XmlDocument.Load(String filename)
   at PharmaSYSDistributorPlus.InterfaceLayer.CustomizePrintSetting.GetXMLData() in E:\GitDistributor - New\PharmaSYSDistributorPlus\InterfaceLayer\Controls\CustomizePrintSetting.cs:line 4330
[05:11:34:354]ERROR >> <<MySqlStream.ReadPacket>> -    at MySql.Data.MySqlClient.MySqlStream.ReadPacket()
   at MySql.Data.MySqlClient.NativeDriver.GetResult(Int32& affectedRow, Int64& insertedId)
   at MySql.Data.MySqlClient.Driver.NextResult(Int32 statementId, Boolean force)
   at MySql.Data.MySqlClient.MySqlDataReader.NextResult()
   at MySql.Data.MySqlClient.MySqlCommand.ExecuteReader(CommandBehavior behavior)
   at System.Data.Common.DbDataAdapter.FillInternal(DataSet dataset, DataTable[] datatables, Int32 startRecord, Int32 maxRecords, String srcTable, IDbCommand command, CommandBehavior behavior)
   at System.Data.Common.DbDataAdapter.Fill(DataSet dataSet, Int32 startRecord, Int32 maxRecords, String srcTable, IDbCommand command, CommandBehavior behavior)
   at System.Data.Common.DbDataAdapter.Fill(DataSet dataSet)
   at PharmaSYSDistributorPlus.DataLayer.DBInterface.SelectDataSet(String strQuery) in E:\GitDistributor - New\PharmaSYSDistributorPlus\DataLayer\DBInterface.cs:line 94
[05:11:36:603]ERROR >> <<MySqlStream.ReadPacket>> -    at MySql.Data.MySqlClient.MySqlStream.ReadPacket()
   at MySql.Data.MySqlClient.NativeDriver.GetResult(Int32& affectedRow, Int64& insertedId)
   at MySql.Data.MySqlClient.Driver.NextResult(Int32 statementId, Boolean force)
   at MySql.Data.MySqlClient.MySqlDataReader.NextResult()
   at MySql.Data.MySqlClient.MySqlCommand.ExecuteReader(CommandBehavior behavior)
   at System.Data.Common.DbDataAdapter.FillInternal(DataSet dataset, DataTable[] datatables, Int32 startRecord, Int32 maxRecords, String srcTable, IDbCommand command, CommandBehavior behavior)
   at System.Data.Common.DbDataAdapter.Fill(DataSet dataSet, Int32 startRecord, Int32 maxRecords, String srcTable, IDbCommand command, CommandBehavior behavior)
   at System.Data.Common.DbDataAdapter.Fill(DataSet dataSet)
   at PharmaSYSDistributorPlus.DataLayer.DBInterface.SelectDataSet(String strQuery) in E:\GitDistributor - New\PharmaSYSDistributorPlus\DataLayer\DBInterface.cs:line 94
[05:11:36:728]ERROR >> <<MySqlStream.ReadPacket>> -    at MySql.Data.MySqlClient.MySqlStream.ReadPacket()
   at MySql.Data.MySqlClient.NativeDriver.GetResult(Int32& affectedRow, Int64& insertedId)
   at MySql.Data.MySqlClient.Driver.NextResult(Int32 statementId, Boolean force)
   at MySql.Data.MySqlClient.MySqlDataReader.NextResult()
   at MySql.Data.MySqlClient.MySqlCommand.ExecuteReader(CommandBehavior behavior)
   at System.Data.Common.DbDataAdapter.FillInternal(DataSet dataset, DataTable[] datatables, Int32 startRecord, Int32 maxRecords, String srcTable, IDbCommand command, CommandBehavior behavior)
   at System.Data.Common.DbDataAdapter.Fill(DataSet dataSet, Int32 startRecord, Int32 maxRecords, String srcTable, IDbCommand command, CommandBehavior behavior)
   at System.Data.Common.DbDataAdapter.Fill(DataSet dataSet)
   at PharmaSYSDistributorPlus.DataLayer.DBInterface.SelectDataSet(String strQuery) in E:\GitDistributor - New\PharmaSYSDistributorPlus\DataLayer\DBInterface.cs:line 94
[05:11:40:258]ERROR >> <<UnboxT`1.ReferenceField>> -    at System.Data.DataRowExtensions.UnboxT`1.ReferenceField(Object value)
   at PharmaSYSDistributorPlus.DataLayer.DBProduct.<>c.<GetMergedProductStock>b__36_1(DataRow t) in E:\GitDistributor - New\PharmaSYSDistributorPlus\DataLayer\DBProduct.cs:line 444
   at System.Linq.Lookup`2.CreateForJoin(IEnumerable`1 source, Func`2 keySelector, IEqualityComparer`1 comparer)
   at System.Linq.Enumerable.<JoinIterator>d__37`4.MoveNext()
   at System.Collections.Generic.List`1..ctor(IEnumerable`1 collection)
   at System.Linq.Enumerable.ToList[TSource](IEnumerable`1 source)
   at PharmaSYSDistributorPlus.DataLayer.DBProduct.GetMergedProductStock(DataTable dtProduct, DataTable dtStock, DataTable EditedTempDataList) in E:\GitDistributor - New\PharmaSYSDistributorPlus\DataLayer\DBProduct.cs:line 442
[05:19:02:992]Debug >> Log [ctor] >> Log path = [E:\GitDistributor - New\PharmaSYSDistributorPlus\bin\Debug]
[05:19:03:008]ERROR >> <<__Error.WinIOError>> -    at System.IO.__Error.WinIOError(Int32 errorCode, String maybeFullPath)
   at System.IO.FileStream.Init(String path, FileMode mode, FileAccess access, Int32 rights, Boolean useRights, FileShare share, Int32 bufferSize, FileOptions options, SECURITY_ATTRIBUTES secAttrs, String msgPath, Boolean bFromProxy, Boolean useLongPath, Boolean checkHost)
   at System.IO.FileStream..ctor(String path, FileMode mode, FileAccess access, FileShare share, Int32 bufferSize)
   at System.Xml.XmlDownloadManager.GetStream(Uri uri, ICredentials credentials, IWebProxy proxy, RequestCachePolicy cachePolicy)
   at System.Xml.XmlUrlResolver.GetEntity(Uri absoluteUri, String role, Type ofObjectToReturn)
   at System.Xml.XmlTextReaderImpl.OpenUrlDelegate(Object xmlResolver)
   at System.Runtime.CompilerServices.RuntimeHelpers.ExecuteCodeWithGuaranteedCleanup(TryCode code, CleanupCode backoutCode, Object userData)
   at System.Threading.CompressedStack.Run(CompressedStack compressedStack, ContextCallback callback, Object state)
   at System.Xml.XmlTextReaderImpl.OpenUrl()
   at System.Xml.XmlTextReaderImpl.Read()
   at System.Xml.XmlLoader.Load(XmlDocument doc, XmlReader reader, Boolean preserveWhitespace)
   at System.Xml.XmlDocument.Load(XmlReader reader)
   at System.Xml.XmlDocument.Load(String filename)
   at PharmaSYSDistributorPlus.InterfaceLayer.CustomizePrintSetting.GetXMLData() in E:\GitDistributor - New\PharmaSYSDistributorPlus\InterfaceLayer\Controls\CustomizePrintSetting.cs:line 4330
[05:19:18:712]ERROR >> <<MySqlStream.ReadPacket>> -    at MySql.Data.MySqlClient.MySqlStream.ReadPacket()
   at MySql.Data.MySqlClient.NativeDriver.GetResult(Int32& affectedRow, Int64& insertedId)
   at MySql.Data.MySqlClient.Driver.NextResult(Int32 statementId, Boolean force)
   at MySql.Data.MySqlClient.MySqlDataReader.NextResult()
   at MySql.Data.MySqlClient.MySqlCommand.ExecuteReader(CommandBehavior behavior)
   at System.Data.Common.DbDataAdapter.FillInternal(DataSet dataset, DataTable[] datatables, Int32 startRecord, Int32 maxRecords, String srcTable, IDbCommand command, CommandBehavior behavior)
   at System.Data.Common.DbDataAdapter.Fill(DataSet dataSet, Int32 startRecord, Int32 maxRecords, String srcTable, IDbCommand command, CommandBehavior behavior)
   at System.Data.Common.DbDataAdapter.Fill(DataSet dataSet)
   at PharmaSYSDistributorPlus.DataLayer.DBInterface.SelectDataSet(String strQuery) in E:\GitDistributor - New\PharmaSYSDistributorPlus\DataLayer\DBInterface.cs:line 94
[05:19:20:649]ERROR >> <<MySqlStream.ReadPacket>> -    at MySql.Data.MySqlClient.MySqlStream.ReadPacket()
   at MySql.Data.MySqlClient.NativeDriver.GetResult(Int32& affectedRow, Int64& insertedId)
   at MySql.Data.MySqlClient.Driver.NextResult(Int32 statementId, Boolean force)
   at MySql.Data.MySqlClient.MySqlDataReader.NextResult()
   at MySql.Data.MySqlClient.MySqlCommand.ExecuteReader(CommandBehavior behavior)
   at System.Data.Common.DbDataAdapter.FillInternal(DataSet dataset, DataTable[] datatables, Int32 startRecord, Int32 maxRecords, String srcTable, IDbCommand command, CommandBehavior behavior)
   at System.Data.Common.DbDataAdapter.Fill(DataSet dataSet, Int32 startRecord, Int32 maxRecords, String srcTable, IDbCommand command, CommandBehavior behavior)
   at System.Data.Common.DbDataAdapter.Fill(DataSet dataSet)
   at PharmaSYSDistributorPlus.DataLayer.DBInterface.SelectDataSet(String strQuery) in E:\GitDistributor - New\PharmaSYSDistributorPlus\DataLayer\DBInterface.cs:line 94
[05:19:20:718]ERROR >> <<MySqlStream.ReadPacket>> -    at MySql.Data.MySqlClient.MySqlStream.ReadPacket()
   at MySql.Data.MySqlClient.NativeDriver.GetResult(Int32& affectedRow, Int64& insertedId)
   at MySql.Data.MySqlClient.Driver.NextResult(Int32 statementId, Boolean force)
   at MySql.Data.MySqlClient.MySqlDataReader.NextResult()
   at MySql.Data.MySqlClient.MySqlCommand.ExecuteReader(CommandBehavior behavior)
   at System.Data.Common.DbDataAdapter.FillInternal(DataSet dataset, DataTable[] datatables, Int32 startRecord, Int32 maxRecords, String srcTable, IDbCommand command, CommandBehavior behavior)
   at System.Data.Common.DbDataAdapter.Fill(DataSet dataSet, Int32 startRecord, Int32 maxRecords, String srcTable, IDbCommand command, CommandBehavior behavior)
   at System.Data.Common.DbDataAdapter.Fill(DataSet dataSet)
   at PharmaSYSDistributorPlus.DataLayer.DBInterface.SelectDataSet(String strQuery) in E:\GitDistributor - New\PharmaSYSDistributorPlus\DataLayer\DBInterface.cs:line 94
[05:19:23:499]ERROR >> <<UnboxT`1.ReferenceField>> -    at System.Data.DataRowExtensions.UnboxT`1.ReferenceField(Object value)
   at PharmaSYSDistributorPlus.DataLayer.DBProduct.<>c.<GetMergedProductStock>b__36_1(DataRow t) in E:\GitDistributor - New\PharmaSYSDistributorPlus\DataLayer\DBProduct.cs:line 444
   at System.Linq.Lookup`2.CreateForJoin(IEnumerable`1 source, Func`2 keySelector, IEqualityComparer`1 comparer)
   at System.Linq.Enumerable.<JoinIterator>d__37`4.MoveNext()
   at System.Collections.Generic.List`1..ctor(IEnumerable`1 collection)
   at System.Linq.Enumerable.ToList[TSource](IEnumerable`1 source)
   at PharmaSYSDistributorPlus.DataLayer.DBProduct.GetMergedProductStock(DataTable dtProduct, DataTable dtStock, DataTable EditedTempDataList) in E:\GitDistributor - New\PharmaSYSDistributorPlus\DataLayer\DBProduct.cs:line 442
[05:20:50:847]ERROR >> Backup Path  Missing 
[05:26:01:059]Debug >> Log [ctor] >> Log path = [E:\GitDistributor - New\PharmaSYSDistributorPlus\bin\Debug]
[05:26:01:075]ERROR >> <<__Error.WinIOError>> -    at System.IO.__Error.WinIOError(Int32 errorCode, String maybeFullPath)
   at System.IO.FileStream.Init(String path, FileMode mode, FileAccess access, Int32 rights, Boolean useRights, FileShare share, Int32 bufferSize, FileOptions options, SECURITY_ATTRIBUTES secAttrs, String msgPath, Boolean bFromProxy, Boolean useLongPath, Boolean checkHost)
   at System.IO.FileStream..ctor(String path, FileMode mode, FileAccess access, FileShare share, Int32 bufferSize)
   at System.Xml.XmlDownloadManager.GetStream(Uri uri, ICredentials credentials, IWebProxy proxy, RequestCachePolicy cachePolicy)
   at System.Xml.XmlUrlResolver.GetEntity(Uri absoluteUri, String role, Type ofObjectToReturn)
   at System.Xml.XmlTextReaderImpl.OpenUrlDelegate(Object xmlResolver)
   at System.Runtime.CompilerServices.RuntimeHelpers.ExecuteCodeWithGuaranteedCleanup(TryCode code, CleanupCode backoutCode, Object userData)
   at System.Threading.CompressedStack.Run(CompressedStack compressedStack, ContextCallback callback, Object state)
   at System.Xml.XmlTextReaderImpl.OpenUrl()
   at System.Xml.XmlTextReaderImpl.Read()
   at System.Xml.XmlLoader.Load(XmlDocument doc, XmlReader reader, Boolean preserveWhitespace)
   at System.Xml.XmlDocument.Load(XmlReader reader)
   at System.Xml.XmlDocument.Load(String filename)
   at PharmaSYSDistributorPlus.InterfaceLayer.CustomizePrintSetting.GetXMLData() in E:\GitDistributor - New\PharmaSYSDistributorPlus\InterfaceLayer\Controls\CustomizePrintSetting.cs:line 4330
[05:26:11:825]ERROR >> <<MySqlStream.ReadPacket>> -    at MySql.Data.MySqlClient.MySqlStream.ReadPacket()
   at MySql.Data.MySqlClient.NativeDriver.GetResult(Int32& affectedRow, Int64& insertedId)
   at MySql.Data.MySqlClient.Driver.NextResult(Int32 statementId, Boolean force)
   at MySql.Data.MySqlClient.MySqlDataReader.NextResult()
   at MySql.Data.MySqlClient.MySqlCommand.ExecuteReader(CommandBehavior behavior)
   at System.Data.Common.DbDataAdapter.FillInternal(DataSet dataset, DataTable[] datatables, Int32 startRecord, Int32 maxRecords, String srcTable, IDbCommand command, CommandBehavior behavior)
   at System.Data.Common.DbDataAdapter.Fill(DataSet dataSet, Int32 startRecord, Int32 maxRecords, String srcTable, IDbCommand command, CommandBehavior behavior)
   at System.Data.Common.DbDataAdapter.Fill(DataSet dataSet)
   at PharmaSYSDistributorPlus.DataLayer.DBInterface.SelectDataSet(String strQuery) in E:\GitDistributor - New\PharmaSYSDistributorPlus\DataLayer\DBInterface.cs:line 94
[05:26:13:608]ERROR >> <<MySqlStream.ReadPacket>> -    at MySql.Data.MySqlClient.MySqlStream.ReadPacket()
   at MySql.Data.MySqlClient.NativeDriver.GetResult(Int32& affectedRow, Int64& insertedId)
   at MySql.Data.MySqlClient.Driver.NextResult(Int32 statementId, Boolean force)
   at MySql.Data.MySqlClient.MySqlDataReader.NextResult()
   at MySql.Data.MySqlClient.MySqlCommand.ExecuteReader(CommandBehavior behavior)
   at System.Data.Common.DbDataAdapter.FillInternal(DataSet dataset, DataTable[] datatables, Int32 startRecord, Int32 maxRecords, String srcTable, IDbCommand command, CommandBehavior behavior)
   at System.Data.Common.DbDataAdapter.Fill(DataSet dataSet, Int32 startRecord, Int32 maxRecords, String srcTable, IDbCommand command, CommandBehavior behavior)
   at System.Data.Common.DbDataAdapter.Fill(DataSet dataSet)
   at PharmaSYSDistributorPlus.DataLayer.DBInterface.SelectDataSet(String strQuery) in E:\GitDistributor - New\PharmaSYSDistributorPlus\DataLayer\DBInterface.cs:line 94
[05:26:13:661]ERROR >> <<MySqlStream.ReadPacket>> -    at MySql.Data.MySqlClient.MySqlStream.ReadPacket()
   at MySql.Data.MySqlClient.NativeDriver.GetResult(Int32& affectedRow, Int64& insertedId)
   at MySql.Data.MySqlClient.Driver.NextResult(Int32 statementId, Boolean force)
   at MySql.Data.MySqlClient.MySqlDataReader.NextResult()
   at MySql.Data.MySqlClient.MySqlCommand.ExecuteReader(CommandBehavior behavior)
   at System.Data.Common.DbDataAdapter.FillInternal(DataSet dataset, DataTable[] datatables, Int32 startRecord, Int32 maxRecords, String srcTable, IDbCommand command, CommandBehavior behavior)
   at System.Data.Common.DbDataAdapter.Fill(DataSet dataSet, Int32 startRecord, Int32 maxRecords, String srcTable, IDbCommand command, CommandBehavior behavior)
   at System.Data.Common.DbDataAdapter.Fill(DataSet dataSet)
   at PharmaSYSDistributorPlus.DataLayer.DBInterface.SelectDataSet(String strQuery) in E:\GitDistributor - New\PharmaSYSDistributorPlus\DataLayer\DBInterface.cs:line 94
[05:26:15:805]ERROR >> <<UnboxT`1.ReferenceField>> -    at System.Data.DataRowExtensions.UnboxT`1.ReferenceField(Object value)
   at PharmaSYSDistributorPlus.DataLayer.DBProduct.<>c.<GetMergedProductStock>b__36_1(DataRow t) in E:\GitDistributor - New\PharmaSYSDistributorPlus\DataLayer\DBProduct.cs:line 444
   at System.Linq.Lookup`2.CreateForJoin(IEnumerable`1 source, Func`2 keySelector, IEqualityComparer`1 comparer)
   at System.Linq.Enumerable.<JoinIterator>d__37`4.MoveNext()
   at System.Collections.Generic.List`1..ctor(IEnumerable`1 collection)
   at System.Linq.Enumerable.ToList[TSource](IEnumerable`1 source)
   at PharmaSYSDistributorPlus.DataLayer.DBProduct.GetMergedProductStock(DataTable dtProduct, DataTable dtStock, DataTable EditedTempDataList) in E:\GitDistributor - New\PharmaSYSDistributorPlus\DataLayer\DBProduct.cs:line 442
[05:26:58:133]ERROR >> Backup Path  Missing 
[05:29:05:439]Debug >> Log [ctor] >> Log path = [E:\GitDistributor - New\PharmaSYSDistributorPlus\bin\Debug]
[05:29:05:439]ERROR >> <<__Error.WinIOError>> -    at System.IO.__Error.WinIOError(Int32 errorCode, String maybeFullPath)
   at System.IO.FileStream.Init(String path, FileMode mode, FileAccess access, Int32 rights, Boolean useRights, FileShare share, Int32 bufferSize, FileOptions options, SECURITY_ATTRIBUTES secAttrs, String msgPath, Boolean bFromProxy, Boolean useLongPath, Boolean checkHost)
   at System.IO.FileStream..ctor(String path, FileMode mode, FileAccess access, FileShare share, Int32 bufferSize)
   at System.Xml.XmlDownloadManager.GetStream(Uri uri, ICredentials credentials, IWebProxy proxy, RequestCachePolicy cachePolicy)
   at System.Xml.XmlUrlResolver.GetEntity(Uri absoluteUri, String role, Type ofObjectToReturn)
   at System.Xml.XmlTextReaderImpl.OpenUrlDelegate(Object xmlResolver)
   at System.Runtime.CompilerServices.RuntimeHelpers.ExecuteCodeWithGuaranteedCleanup(TryCode code, CleanupCode backoutCode, Object userData)
   at System.Threading.CompressedStack.Run(CompressedStack compressedStack, ContextCallback callback, Object state)
   at System.Xml.XmlTextReaderImpl.OpenUrl()
   at System.Xml.XmlTextReaderImpl.Read()
   at System.Xml.XmlLoader.Load(XmlDocument doc, XmlReader reader, Boolean preserveWhitespace)
   at System.Xml.XmlDocument.Load(XmlReader reader)
   at System.Xml.XmlDocument.Load(String filename)
   at PharmaSYSDistributorPlus.InterfaceLayer.CustomizePrintSetting.GetXMLData() in E:\GitDistributor - New\PharmaSYSDistributorPlus\InterfaceLayer\Controls\CustomizePrintSetting.cs:line 4330
[05:29:12:080]ERROR >> <<MySqlStream.ReadPacket>> -    at MySql.Data.MySqlClient.MySqlStream.ReadPacket()
   at MySql.Data.MySqlClient.NativeDriver.GetResult(Int32& affectedRow, Int64& insertedId)
   at MySql.Data.MySqlClient.Driver.NextResult(Int32 statementId, Boolean force)
   at MySql.Data.MySqlClient.MySqlDataReader.NextResult()
   at MySql.Data.MySqlClient.MySqlCommand.ExecuteReader(CommandBehavior behavior)
   at System.Data.Common.DbDataAdapter.FillInternal(DataSet dataset, DataTable[] datatables, Int32 startRecord, Int32 maxRecords, String srcTable, IDbCommand command, CommandBehavior behavior)
   at System.Data.Common.DbDataAdapter.Fill(DataSet dataSet, Int32 startRecord, Int32 maxRecords, String srcTable, IDbCommand command, CommandBehavior behavior)
   at System.Data.Common.DbDataAdapter.Fill(DataSet dataSet)
   at PharmaSYSDistributorPlus.DataLayer.DBInterface.SelectDataSet(String strQuery) in E:\GitDistributor - New\PharmaSYSDistributorPlus\DataLayer\DBInterface.cs:line 94
[05:29:13:735]ERROR >> <<MySqlStream.ReadPacket>> -    at MySql.Data.MySqlClient.MySqlStream.ReadPacket()
   at MySql.Data.MySqlClient.NativeDriver.GetResult(Int32& affectedRow, Int64& insertedId)
   at MySql.Data.MySqlClient.Driver.NextResult(Int32 statementId, Boolean force)
   at MySql.Data.MySqlClient.MySqlDataReader.NextResult()
   at MySql.Data.MySqlClient.MySqlCommand.ExecuteReader(CommandBehavior behavior)
   at System.Data.Common.DbDataAdapter.FillInternal(DataSet dataset, DataTable[] datatables, Int32 startRecord, Int32 maxRecords, String srcTable, IDbCommand command, CommandBehavior behavior)
   at System.Data.Common.DbDataAdapter.Fill(DataSet dataSet, Int32 startRecord, Int32 maxRecords, String srcTable, IDbCommand command, CommandBehavior behavior)
   at System.Data.Common.DbDataAdapter.Fill(DataSet dataSet)
   at PharmaSYSDistributorPlus.DataLayer.DBInterface.SelectDataSet(String strQuery) in E:\GitDistributor - New\PharmaSYSDistributorPlus\DataLayer\DBInterface.cs:line 94
[05:29:13:788]ERROR >> <<MySqlStream.ReadPacket>> -    at MySql.Data.MySqlClient.MySqlStream.ReadPacket()
   at MySql.Data.MySqlClient.NativeDriver.GetResult(Int32& affectedRow, Int64& insertedId)
   at MySql.Data.MySqlClient.Driver.NextResult(Int32 statementId, Boolean force)
   at MySql.Data.MySqlClient.MySqlDataReader.NextResult()
   at MySql.Data.MySqlClient.MySqlCommand.ExecuteReader(CommandBehavior behavior)
   at System.Data.Common.DbDataAdapter.FillInternal(DataSet dataset, DataTable[] datatables, Int32 startRecord, Int32 maxRecords, String srcTable, IDbCommand command, CommandBehavior behavior)
   at System.Data.Common.DbDataAdapter.Fill(DataSet dataSet, Int32 startRecord, Int32 maxRecords, String srcTable, IDbCommand command, CommandBehavior behavior)
   at System.Data.Common.DbDataAdapter.Fill(DataSet dataSet)
   at PharmaSYSDistributorPlus.DataLayer.DBInterface.SelectDataSet(String strQuery) in E:\GitDistributor - New\PharmaSYSDistributorPlus\DataLayer\DBInterface.cs:line 94
[05:29:15:807]ERROR >> <<UnboxT`1.ReferenceField>> -    at System.Data.DataRowExtensions.UnboxT`1.ReferenceField(Object value)
   at PharmaSYSDistributorPlus.DataLayer.DBProduct.<>c.<GetMergedProductStock>b__36_1(DataRow t) in E:\GitDistributor - New\PharmaSYSDistributorPlus\DataLayer\DBProduct.cs:line 444
   at System.Linq.Lookup`2.CreateForJoin(IEnumerable`1 source, Func`2 keySelector, IEqualityComparer`1 comparer)
   at System.Linq.Enumerable.<JoinIterator>d__37`4.MoveNext()
   at System.Collections.Generic.List`1..ctor(IEnumerable`1 collection)
   at System.Linq.Enumerable.ToList[TSource](IEnumerable`1 source)
   at PharmaSYSDistributorPlus.DataLayer.DBProduct.GetMergedProductStock(DataTable dtProduct, DataTable dtStock, DataTable EditedTempDataList) in E:\GitDistributor - New\PharmaSYSDistributorPlus\DataLayer\DBProduct.cs:line 442
[05:50:23:107]Debug >> Log [ctor] >> Log path = [E:\GitDistributor - New\PharmaSYSDistributorPlus\bin\Debug]
[05:50:23:107]ERROR >> <<__Error.WinIOError>> -    at System.IO.__Error.WinIOError(Int32 errorCode, String maybeFullPath)
   at System.IO.FileStream.Init(String path, FileMode mode, FileAccess access, Int32 rights, Boolean useRights, FileShare share, Int32 bufferSize, FileOptions options, SECURITY_ATTRIBUTES secAttrs, String msgPath, Boolean bFromProxy, Boolean useLongPath, Boolean checkHost)
   at System.IO.FileStream..ctor(String path, FileMode mode, FileAccess access, FileShare share, Int32 bufferSize)
   at System.Xml.XmlDownloadManager.GetStream(Uri uri, ICredentials credentials, IWebProxy proxy, RequestCachePolicy cachePolicy)
   at System.Xml.XmlUrlResolver.GetEntity(Uri absoluteUri, String role, Type ofObjectToReturn)
   at System.Xml.XmlTextReaderImpl.OpenUrlDelegate(Object xmlResolver)
   at System.Runtime.CompilerServices.RuntimeHelpers.ExecuteCodeWithGuaranteedCleanup(TryCode code, CleanupCode backoutCode, Object userData)
   at System.Threading.CompressedStack.Run(CompressedStack compressedStack, ContextCallback callback, Object state)
   at System.Xml.XmlTextReaderImpl.OpenUrl()
   at System.Xml.XmlTextReaderImpl.Read()
   at System.Xml.XmlLoader.Load(XmlDocument doc, XmlReader reader, Boolean preserveWhitespace)
   at System.Xml.XmlDocument.Load(XmlReader reader)
   at System.Xml.XmlDocument.Load(String filename)
   at PharmaSYSDistributorPlus.InterfaceLayer.CustomizePrintSetting.GetXMLData() in E:\GitDistributor - New\PharmaSYSDistributorPlus\InterfaceLayer\Controls\CustomizePrintSetting.cs:line 4330
[05:50:30:138]ERROR >> <<MySqlStream.ReadPacket>> -    at MySql.Data.MySqlClient.MySqlStream.ReadPacket()
   at MySql.Data.MySqlClient.NativeDriver.GetResult(Int32& affectedRow, Int64& insertedId)
   at MySql.Data.MySqlClient.Driver.NextResult(Int32 statementId, Boolean force)
   at MySql.Data.MySqlClient.MySqlDataReader.NextResult()
   at MySql.Data.MySqlClient.MySqlCommand.ExecuteReader(CommandBehavior behavior)
   at System.Data.Common.DbDataAdapter.FillInternal(DataSet dataset, DataTable[] datatables, Int32 startRecord, Int32 maxRecords, String srcTable, IDbCommand command, CommandBehavior behavior)
   at System.Data.Common.DbDataAdapter.Fill(DataSet dataSet, Int32 startRecord, Int32 maxRecords, String srcTable, IDbCommand command, CommandBehavior behavior)
   at System.Data.Common.DbDataAdapter.Fill(DataSet dataSet)
   at PharmaSYSDistributorPlus.DataLayer.DBInterface.SelectDataSet(String strQuery) in E:\GitDistributor - New\PharmaSYSDistributorPlus\DataLayer\DBInterface.cs:line 94
[05:50:32:167]ERROR >> <<MySqlStream.ReadPacket>> -    at MySql.Data.MySqlClient.MySqlStream.ReadPacket()
   at MySql.Data.MySqlClient.NativeDriver.GetResult(Int32& affectedRow, Int64& insertedId)
   at MySql.Data.MySqlClient.Driver.NextResult(Int32 statementId, Boolean force)
   at MySql.Data.MySqlClient.MySqlDataReader.NextResult()
   at MySql.Data.MySqlClient.MySqlCommand.ExecuteReader(CommandBehavior behavior)
   at System.Data.Common.DbDataAdapter.FillInternal(DataSet dataset, DataTable[] datatables, Int32 startRecord, Int32 maxRecords, String srcTable, IDbCommand command, CommandBehavior behavior)
   at System.Data.Common.DbDataAdapter.Fill(DataSet dataSet, Int32 startRecord, Int32 maxRecords, String srcTable, IDbCommand command, CommandBehavior behavior)
   at System.Data.Common.DbDataAdapter.Fill(DataSet dataSet)
   at PharmaSYSDistributorPlus.DataLayer.DBInterface.SelectDataSet(String strQuery) in E:\GitDistributor - New\PharmaSYSDistributorPlus\DataLayer\DBInterface.cs:line 94
[05:50:32:219]ERROR >> <<MySqlStream.ReadPacket>> -    at MySql.Data.MySqlClient.MySqlStream.ReadPacket()
   at MySql.Data.MySqlClient.NativeDriver.GetResult(Int32& affectedRow, Int64& insertedId)
   at MySql.Data.MySqlClient.Driver.NextResult(Int32 statementId, Boolean force)
   at MySql.Data.MySqlClient.MySqlDataReader.NextResult()
   at MySql.Data.MySqlClient.MySqlCommand.ExecuteReader(CommandBehavior behavior)
   at System.Data.Common.DbDataAdapter.FillInternal(DataSet dataset, DataTable[] datatables, Int32 startRecord, Int32 maxRecords, String srcTable, IDbCommand command, CommandBehavior behavior)
   at System.Data.Common.DbDataAdapter.Fill(DataSet dataSet, Int32 startRecord, Int32 maxRecords, String srcTable, IDbCommand command, CommandBehavior behavior)
   at System.Data.Common.DbDataAdapter.Fill(DataSet dataSet)
   at PharmaSYSDistributorPlus.DataLayer.DBInterface.SelectDataSet(String strQuery) in E:\GitDistributor - New\PharmaSYSDistributorPlus\DataLayer\DBInterface.cs:line 94
[05:50:34:578]ERROR >> <<UnboxT`1.ReferenceField>> -    at System.Data.DataRowExtensions.UnboxT`1.ReferenceField(Object value)
   at PharmaSYSDistributorPlus.DataLayer.DBProduct.<>c.<GetMergedProductStock>b__36_1(DataRow t) in E:\GitDistributor - New\PharmaSYSDistributorPlus\DataLayer\DBProduct.cs:line 444
   at System.Linq.Lookup`2.CreateForJoin(IEnumerable`1 source, Func`2 keySelector, IEqualityComparer`1 comparer)
   at System.Linq.Enumerable.<JoinIterator>d__37`4.MoveNext()
   at System.Collections.Generic.List`1..ctor(IEnumerable`1 collection)
   at System.Linq.Enumerable.ToList[TSource](IEnumerable`1 source)
   at PharmaSYSDistributorPlus.DataLayer.DBProduct.GetMergedProductStock(DataTable dtProduct, DataTable dtStock, DataTable EditedTempDataList) in E:\GitDistributor - New\PharmaSYSDistributorPlus\DataLayer\DBProduct.cs:line 442
[05:52:39:065]ERROR >> Backup Path  Missing 
[05:55:28:446]Debug >> Log [ctor] >> Log path = [E:\GitDistributor - New\PharmaSYSDistributorPlus\bin\Debug]
[05:55:28:462]ERROR >> <<__Error.WinIOError>> -    at System.IO.__Error.WinIOError(Int32 errorCode, String maybeFullPath)
   at System.IO.FileStream.Init(String path, FileMode mode, FileAccess access, Int32 rights, Boolean useRights, FileShare share, Int32 bufferSize, FileOptions options, SECURITY_ATTRIBUTES secAttrs, String msgPath, Boolean bFromProxy, Boolean useLongPath, Boolean checkHost)
   at System.IO.FileStream..ctor(String path, FileMode mode, FileAccess access, FileShare share, Int32 bufferSize)
   at System.Xml.XmlDownloadManager.GetStream(Uri uri, ICredentials credentials, IWebProxy proxy, RequestCachePolicy cachePolicy)
   at System.Xml.XmlUrlResolver.GetEntity(Uri absoluteUri, String role, Type ofObjectToReturn)
   at System.Xml.XmlTextReaderImpl.OpenUrlDelegate(Object xmlResolver)
   at System.Runtime.CompilerServices.RuntimeHelpers.ExecuteCodeWithGuaranteedCleanup(TryCode code, CleanupCode backoutCode, Object userData)
   at System.Threading.CompressedStack.Run(CompressedStack compressedStack, ContextCallback callback, Object state)
   at System.Xml.XmlTextReaderImpl.OpenUrl()
   at System.Xml.XmlTextReaderImpl.Read()
   at System.Xml.XmlLoader.Load(XmlDocument doc, XmlReader reader, Boolean preserveWhitespace)
   at System.Xml.XmlDocument.Load(XmlReader reader)
   at System.Xml.XmlDocument.Load(String filename)
   at PharmaSYSDistributorPlus.InterfaceLayer.CustomizePrintSetting.GetXMLData() in E:\GitDistributor - New\PharmaSYSDistributorPlus\InterfaceLayer\Controls\CustomizePrintSetting.cs:line 4330
[05:55:35:087]ERROR >> <<MySqlStream.ReadPacket>> -    at MySql.Data.MySqlClient.MySqlStream.ReadPacket()
   at MySql.Data.MySqlClient.NativeDriver.GetResult(Int32& affectedRow, Int64& insertedId)
   at MySql.Data.MySqlClient.Driver.NextResult(Int32 statementId, Boolean force)
   at MySql.Data.MySqlClient.MySqlDataReader.NextResult()
   at MySql.Data.MySqlClient.MySqlCommand.ExecuteReader(CommandBehavior behavior)
   at System.Data.Common.DbDataAdapter.FillInternal(DataSet dataset, DataTable[] datatables, Int32 startRecord, Int32 maxRecords, String srcTable, IDbCommand command, CommandBehavior behavior)
   at System.Data.Common.DbDataAdapter.Fill(DataSet dataSet, Int32 startRecord, Int32 maxRecords, String srcTable, IDbCommand command, CommandBehavior behavior)
   at System.Data.Common.DbDataAdapter.Fill(DataSet dataSet)
   at PharmaSYSDistributorPlus.DataLayer.DBInterface.SelectDataSet(String strQuery) in E:\GitDistributor - New\PharmaSYSDistributorPlus\DataLayer\DBInterface.cs:line 94
[05:55:36:953]ERROR >> <<MySqlStream.ReadPacket>> -    at MySql.Data.MySqlClient.MySqlStream.ReadPacket()
   at MySql.Data.MySqlClient.NativeDriver.GetResult(Int32& affectedRow, Int64& insertedId)
   at MySql.Data.MySqlClient.Driver.NextResult(Int32 statementId, Boolean force)
   at MySql.Data.MySqlClient.MySqlDataReader.NextResult()
   at MySql.Data.MySqlClient.MySqlCommand.ExecuteReader(CommandBehavior behavior)
   at System.Data.Common.DbDataAdapter.FillInternal(DataSet dataset, DataTable[] datatables, Int32 startRecord, Int32 maxRecords, String srcTable, IDbCommand command, CommandBehavior behavior)
   at System.Data.Common.DbDataAdapter.Fill(DataSet dataSet, Int32 startRecord, Int32 maxRecords, String srcTable, IDbCommand command, CommandBehavior behavior)
   at System.Data.Common.DbDataAdapter.Fill(DataSet dataSet)
   at PharmaSYSDistributorPlus.DataLayer.DBInterface.SelectDataSet(String strQuery) in E:\GitDistributor - New\PharmaSYSDistributorPlus\DataLayer\DBInterface.cs:line 94
[05:55:37:009]ERROR >> <<MySqlStream.ReadPacket>> -    at MySql.Data.MySqlClient.MySqlStream.ReadPacket()
   at MySql.Data.MySqlClient.NativeDriver.GetResult(Int32& affectedRow, Int64& insertedId)
   at MySql.Data.MySqlClient.Driver.NextResult(Int32 statementId, Boolean force)
   at MySql.Data.MySqlClient.MySqlDataReader.NextResult()
   at MySql.Data.MySqlClient.MySqlCommand.ExecuteReader(CommandBehavior behavior)
   at System.Data.Common.DbDataAdapter.FillInternal(DataSet dataset, DataTable[] datatables, Int32 startRecord, Int32 maxRecords, String srcTable, IDbCommand command, CommandBehavior behavior)
   at System.Data.Common.DbDataAdapter.Fill(DataSet dataSet, Int32 startRecord, Int32 maxRecords, String srcTable, IDbCommand command, CommandBehavior behavior)
   at System.Data.Common.DbDataAdapter.Fill(DataSet dataSet)
   at PharmaSYSDistributorPlus.DataLayer.DBInterface.SelectDataSet(String strQuery) in E:\GitDistributor - New\PharmaSYSDistributorPlus\DataLayer\DBInterface.cs:line 94
[05:55:39:140]ERROR >> <<UnboxT`1.ReferenceField>> -    at System.Data.DataRowExtensions.UnboxT`1.ReferenceField(Object value)
   at PharmaSYSDistributorPlus.DataLayer.DBProduct.<>c.<GetMergedProductStock>b__36_1(DataRow t) in E:\GitDistributor - New\PharmaSYSDistributorPlus\DataLayer\DBProduct.cs:line 444
   at System.Linq.Lookup`2.CreateForJoin(IEnumerable`1 source, Func`2 keySelector, IEqualityComparer`1 comparer)
   at System.Linq.Enumerable.<JoinIterator>d__37`4.MoveNext()
   at System.Collections.Generic.List`1..ctor(IEnumerable`1 collection)
   at System.Linq.Enumerable.ToList[TSource](IEnumerable`1 source)
   at PharmaSYSDistributorPlus.DataLayer.DBProduct.GetMergedProductStock(DataTable dtProduct, DataTable dtStock, DataTable EditedTempDataList) in E:\GitDistributor - New\PharmaSYSDistributorPlus\DataLayer\DBProduct.cs:line 442
[05:56:23:351]ERROR >> <<MySqlStream.ReadPacket>> -    at MySql.Data.MySqlClient.MySqlStream.ReadPacket()
   at MySql.Data.MySqlClient.NativeDriver.GetResult(Int32& affectedRow, Int64& insertedId)
   at MySql.Data.MySqlClient.Driver.NextResult(Int32 statementId, Boolean force)
   at MySql.Data.MySqlClient.MySqlDataReader.NextResult()
   at MySql.Data.MySqlClient.MySqlCommand.ExecuteReader(CommandBehavior behavior)
   at System.Data.Common.DbDataAdapter.FillInternal(DataSet dataset, DataTable[] datatables, Int32 startRecord, Int32 maxRecords, String srcTable, IDbCommand command, CommandBehavior behavior)
   at System.Data.Common.DbDataAdapter.Fill(DataSet dataSet, Int32 startRecord, Int32 maxRecords, String srcTable, IDbCommand command, CommandBehavior behavior)
   at System.Data.Common.DbDataAdapter.Fill(DataSet dataSet)
   at PharmaSYSDistributorPlus.DataLayer.DBInterface.SelectDataSet(String strQuery) in E:\GitDistributor - New\PharmaSYSDistributorPlus\DataLayer\DBInterface.cs:line 94
[05:56:24:539]ERROR >> <<MySqlStream.ReadPacket>> -    at MySql.Data.MySqlClient.MySqlStream.ReadPacket()
   at MySql.Data.MySqlClient.NativeDriver.GetResult(Int32& affectedRow, Int64& insertedId)
   at MySql.Data.MySqlClient.Driver.NextResult(Int32 statementId, Boolean force)
   at MySql.Data.MySqlClient.MySqlDataReader.NextResult()
   at MySql.Data.MySqlClient.MySqlCommand.ExecuteReader(CommandBehavior behavior)
   at System.Data.Common.DbDataAdapter.FillInternal(DataSet dataset, DataTable[] datatables, Int32 startRecord, Int32 maxRecords, String srcTable, IDbCommand command, CommandBehavior behavior)
   at System.Data.Common.DbDataAdapter.Fill(DataSet dataSet, Int32 startRecord, Int32 maxRecords, String srcTable, IDbCommand command, CommandBehavior behavior)
   at System.Data.Common.DbDataAdapter.Fill(DataSet dataSet)
   at PharmaSYSDistributorPlus.DataLayer.DBInterface.SelectDataSet(String strQuery) in E:\GitDistributor - New\PharmaSYSDistributorPlus\DataLayer\DBInterface.cs:line 94
[05:59:16:470]ERROR >> Backup Path  Missing 
[06:09:57:306]Debug >> Log [ctor] >> Log path = [E:\GitDistributor - New\PharmaSYSDistributorPlus\bin\Debug]
[06:09:57:329]ERROR >> <<__Error.WinIOError>> -    at System.IO.__Error.WinIOError(Int32 errorCode, String maybeFullPath)
   at System.IO.FileStream.Init(String path, FileMode mode, FileAccess access, Int32 rights, Boolean useRights, FileShare share, Int32 bufferSize, FileOptions options, SECURITY_ATTRIBUTES secAttrs, String msgPath, Boolean bFromProxy, Boolean useLongPath, Boolean checkHost)
   at System.IO.FileStream..ctor(String path, FileMode mode, FileAccess access, FileShare share, Int32 bufferSize)
   at System.Xml.XmlDownloadManager.GetStream(Uri uri, ICredentials credentials, IWebProxy proxy, RequestCachePolicy cachePolicy)
   at System.Xml.XmlUrlResolver.GetEntity(Uri absoluteUri, String role, Type ofObjectToReturn)
   at System.Xml.XmlTextReaderImpl.OpenUrlDelegate(Object xmlResolver)
   at System.Runtime.CompilerServices.RuntimeHelpers.ExecuteCodeWithGuaranteedCleanup(TryCode code, CleanupCode backoutCode, Object userData)
   at System.Threading.CompressedStack.Run(CompressedStack compressedStack, ContextCallback callback, Object state)
   at System.Xml.XmlTextReaderImpl.OpenUrl()
   at System.Xml.XmlTextReaderImpl.Read()
   at System.Xml.XmlLoader.Load(XmlDocument doc, XmlReader reader, Boolean preserveWhitespace)
   at System.Xml.XmlDocument.Load(XmlReader reader)
   at System.Xml.XmlDocument.Load(String filename)
   at PharmaSYSDistributorPlus.InterfaceLayer.CustomizePrintSetting.GetXMLData() in E:\GitDistributor - New\PharmaSYSDistributorPlus\InterfaceLayer\Controls\CustomizePrintSetting.cs:line 4330
[06:10:05:640]ERROR >> <<MySqlStream.ReadPacket>> -    at MySql.Data.MySqlClient.MySqlStream.ReadPacket()
   at MySql.Data.MySqlClient.NativeDriver.GetResult(Int32& affectedRow, Int64& insertedId)
   at MySql.Data.MySqlClient.Driver.NextResult(Int32 statementId, Boolean force)
   at MySql.Data.MySqlClient.MySqlDataReader.NextResult()
   at MySql.Data.MySqlClient.MySqlCommand.ExecuteReader(CommandBehavior behavior)
   at System.Data.Common.DbDataAdapter.FillInternal(DataSet dataset, DataTable[] datatables, Int32 startRecord, Int32 maxRecords, String srcTable, IDbCommand command, CommandBehavior behavior)
   at System.Data.Common.DbDataAdapter.Fill(DataSet dataSet, Int32 startRecord, Int32 maxRecords, String srcTable, IDbCommand command, CommandBehavior behavior)
   at System.Data.Common.DbDataAdapter.Fill(DataSet dataSet)
   at PharmaSYSDistributorPlus.DataLayer.DBInterface.SelectDataSet(String strQuery) in E:\GitDistributor - New\PharmaSYSDistributorPlus\DataLayer\DBInterface.cs:line 94
[06:10:07:615]ERROR >> <<MySqlStream.ReadPacket>> -    at MySql.Data.MySqlClient.MySqlStream.ReadPacket()
   at MySql.Data.MySqlClient.NativeDriver.GetResult(Int32& affectedRow, Int64& insertedId)
   at MySql.Data.MySqlClient.Driver.NextResult(Int32 statementId, Boolean force)
   at MySql.Data.MySqlClient.MySqlDataReader.NextResult()
   at MySql.Data.MySqlClient.MySqlCommand.ExecuteReader(CommandBehavior behavior)
   at System.Data.Common.DbDataAdapter.FillInternal(DataSet dataset, DataTable[] datatables, Int32 startRecord, Int32 maxRecords, String srcTable, IDbCommand command, CommandBehavior behavior)
   at System.Data.Common.DbDataAdapter.Fill(DataSet dataSet, Int32 startRecord, Int32 maxRecords, String srcTable, IDbCommand command, CommandBehavior behavior)
   at System.Data.Common.DbDataAdapter.Fill(DataSet dataSet)
   at PharmaSYSDistributorPlus.DataLayer.DBInterface.SelectDataSet(String strQuery) in E:\GitDistributor - New\PharmaSYSDistributorPlus\DataLayer\DBInterface.cs:line 94
[06:10:07:690]ERROR >> <<MySqlStream.ReadPacket>> -    at MySql.Data.MySqlClient.MySqlStream.ReadPacket()
   at MySql.Data.MySqlClient.NativeDriver.GetResult(Int32& affectedRow, Int64& insertedId)
   at MySql.Data.MySqlClient.Driver.NextResult(Int32 statementId, Boolean force)
   at MySql.Data.MySqlClient.MySqlDataReader.NextResult()
   at MySql.Data.MySqlClient.MySqlCommand.ExecuteReader(CommandBehavior behavior)
   at System.Data.Common.DbDataAdapter.FillInternal(DataSet dataset, DataTable[] datatables, Int32 startRecord, Int32 maxRecords, String srcTable, IDbCommand command, CommandBehavior behavior)
   at System.Data.Common.DbDataAdapter.Fill(DataSet dataSet, Int32 startRecord, Int32 maxRecords, String srcTable, IDbCommand command, CommandBehavior behavior)
   at System.Data.Common.DbDataAdapter.Fill(DataSet dataSet)
   at PharmaSYSDistributorPlus.DataLayer.DBInterface.SelectDataSet(String strQuery) in E:\GitDistributor - New\PharmaSYSDistributorPlus\DataLayer\DBInterface.cs:line 94
[06:10:10:080]ERROR >> <<UnboxT`1.ReferenceField>> -    at System.Data.DataRowExtensions.UnboxT`1.ReferenceField(Object value)
   at PharmaSYSDistributorPlus.DataLayer.DBProduct.<>c.<GetMergedProductStock>b__36_1(DataRow t) in E:\GitDistributor - New\PharmaSYSDistributorPlus\DataLayer\DBProduct.cs:line 444
   at System.Linq.Lookup`2.CreateForJoin(IEnumerable`1 source, Func`2 keySelector, IEqualityComparer`1 comparer)
   at System.Linq.Enumerable.<JoinIterator>d__37`4.MoveNext()
   at System.Collections.Generic.List`1..ctor(IEnumerable`1 collection)
   at System.Linq.Enumerable.ToList[TSource](IEnumerable`1 source)
   at PharmaSYSDistributorPlus.DataLayer.DBProduct.GetMergedProductStock(DataTable dtProduct, DataTable dtStock, DataTable EditedTempDataList) in E:\GitDistributor - New\PharmaSYSDistributorPlus\DataLayer\DBProduct.cs:line 442
[06:12:31:892]ERROR >> Backup Path  Missing 
[18:14:54:302]Debug >> Log [ctor] >> Log path = [E:\GitDistributor - New\PharmaSYSDistributorPlus\bin\Debug]
[18:14:54:315]ERROR >> <<__Error.WinIOError>> -    at System.IO.__Error.WinIOError(Int32 errorCode, String maybeFullPath)
   at System.IO.FileStream.Init(String path, FileMode mode, FileAccess access, Int32 rights, Boolean useRights, FileShare share, Int32 bufferSize, FileOptions options, SECURITY_ATTRIBUTES secAttrs, String msgPath, Boolean bFromProxy, Boolean useLongPath, Boolean checkHost)
   at System.IO.FileStream..ctor(String path, FileMode mode, FileAccess access, FileShare share, Int32 bufferSize)
   at System.Xml.XmlDownloadManager.GetStream(Uri uri, ICredentials credentials, IWebProxy proxy, RequestCachePolicy cachePolicy)
   at System.Xml.XmlUrlResolver.GetEntity(Uri absoluteUri, String role, Type ofObjectToReturn)
   at System.Xml.XmlTextReaderImpl.OpenUrlDelegate(Object xmlResolver)
   at System.Runtime.CompilerServices.RuntimeHelpers.ExecuteCodeWithGuaranteedCleanup(TryCode code, CleanupCode backoutCode, Object userData)
   at System.Threading.CompressedStack.Run(CompressedStack compressedStack, ContextCallback callback, Object state)
   at System.Xml.XmlTextReaderImpl.OpenUrl()
   at System.Xml.XmlTextReaderImpl.Read()
   at System.Xml.XmlLoader.Load(XmlDocument doc, XmlReader reader, Boolean preserveWhitespace)
   at System.Xml.XmlDocument.Load(XmlReader reader)
   at System.Xml.XmlDocument.Load(String filename)
   at PharmaSYSDistributorPlus.InterfaceLayer.CustomizePrintSetting.GetXMLData() in E:\GitDistributor - New\PharmaSYSDistributorPlus\InterfaceLayer\Controls\CustomizePrintSetting.cs:line 4330
[18:15:03:639]ERROR >> Backup Path  Missing 
[18:18:15:365]Debug >> Log [ctor] >> Log path = [E:\GitDistributor - New\PharmaSYSDistributorPlus\bin\Debug]
[18:18:15:482]ERROR >> <<__Error.WinIOError>> -    at System.IO.__Error.WinIOError(Int32 errorCode, String maybeFullPath)
   at System.IO.FileStream.Init(String path, FileMode mode, FileAccess access, Int32 rights, Boolean useRights, FileShare share, Int32 bufferSize, FileOptions options, SECURITY_ATTRIBUTES secAttrs, String msgPath, Boolean bFromProxy, Boolean useLongPath, Boolean checkHost)
   at System.IO.FileStream..ctor(String path, FileMode mode, FileAccess access, FileShare share, Int32 bufferSize)
   at System.Xml.XmlDownloadManager.GetStream(Uri uri, ICredentials credentials, IWebProxy proxy, RequestCachePolicy cachePolicy)
   at System.Xml.XmlUrlResolver.GetEntity(Uri absoluteUri, String role, Type ofObjectToReturn)
   at System.Xml.XmlTextReaderImpl.OpenUrlDelegate(Object xmlResolver)
   at System.Runtime.CompilerServices.RuntimeHelpers.ExecuteCodeWithGuaranteedCleanup(TryCode code, CleanupCode backoutCode, Object userData)
   at System.Threading.CompressedStack.Run(CompressedStack compressedStack, ContextCallback callback, Object state)
   at System.Xml.XmlTextReaderImpl.OpenUrl()
   at System.Xml.XmlTextReaderImpl.Read()
   at System.Xml.XmlLoader.Load(XmlDocument doc, XmlReader reader, Boolean preserveWhitespace)
   at System.Xml.XmlDocument.Load(XmlReader reader)
   at System.Xml.XmlDocument.Load(String filename)
   at PharmaSYSDistributorPlus.InterfaceLayer.CustomizePrintSetting.GetXMLData() in E:\GitDistributor - New\PharmaSYSDistributorPlus\InterfaceLayer\Controls\CustomizePrintSetting.cs:line 4330
[18:18:30:452]ERROR >> <<MySqlStream.ReadPacket>> -    at MySql.Data.MySqlClient.MySqlStream.ReadPacket()
   at MySql.Data.MySqlClient.NativeDriver.GetResult(Int32& affectedRow, Int64& insertedId)
   at MySql.Data.MySqlClient.Driver.NextResult(Int32 statementId, Boolean force)
   at MySql.Data.MySqlClient.MySqlDataReader.NextResult()
   at MySql.Data.MySqlClient.MySqlCommand.ExecuteReader(CommandBehavior behavior)
   at System.Data.Common.DbDataAdapter.FillInternal(DataSet dataset, DataTable[] datatables, Int32 startRecord, Int32 maxRecords, String srcTable, IDbCommand command, CommandBehavior behavior)
   at System.Data.Common.DbDataAdapter.Fill(DataSet dataSet, Int32 startRecord, Int32 maxRecords, String srcTable, IDbCommand command, CommandBehavior behavior)
   at System.Data.Common.DbDataAdapter.Fill(DataSet dataSet)
   at PharmaSYSDistributorPlus.DataLayer.DBInterface.SelectDataSet(String strQuery) in E:\GitDistributor - New\PharmaSYSDistributorPlus\DataLayer\DBInterface.cs:line 94
[18:18:46:035]ERROR >> <<MySqlStream.ReadPacket>> -    at MySql.Data.MySqlClient.MySqlStream.ReadPacket()
   at MySql.Data.MySqlClient.NativeDriver.GetResult(Int32& affectedRow, Int64& insertedId)
   at MySql.Data.MySqlClient.Driver.NextResult(Int32 statementId, Boolean force)
   at MySql.Data.MySqlClient.MySqlDataReader.NextResult()
   at MySql.Data.MySqlClient.MySqlCommand.ExecuteReader(CommandBehavior behavior)
   at System.Data.Common.DbDataAdapter.FillInternal(DataSet dataset, DataTable[] datatables, Int32 startRecord, Int32 maxRecords, String srcTable, IDbCommand command, CommandBehavior behavior)
   at System.Data.Common.DbDataAdapter.Fill(DataSet dataSet, Int32 startRecord, Int32 maxRecords, String srcTable, IDbCommand command, CommandBehavior behavior)
   at System.Data.Common.DbDataAdapter.Fill(DataSet dataSet)
   at PharmaSYSDistributorPlus.DataLayer.DBInterface.SelectDataSet(String strQuery) in E:\GitDistributor - New\PharmaSYSDistributorPlus\DataLayer\DBInterface.cs:line 94
[18:18:46:157]ERROR >> <<MySqlStream.ReadPacket>> -    at MySql.Data.MySqlClient.MySqlStream.ReadPacket()
   at MySql.Data.MySqlClient.NativeDriver.GetResult(Int32& affectedRow, Int64& insertedId)
   at MySql.Data.MySqlClient.Driver.NextResult(Int32 statementId, Boolean force)
   at MySql.Data.MySqlClient.MySqlDataReader.NextResult()
   at MySql.Data.MySqlClient.MySqlCommand.ExecuteReader(CommandBehavior behavior)
   at System.Data.Common.DbDataAdapter.FillInternal(DataSet dataset, DataTable[] datatables, Int32 startRecord, Int32 maxRecords, String srcTable, IDbCommand command, CommandBehavior behavior)
   at System.Data.Common.DbDataAdapter.Fill(DataSet dataSet, Int32 startRecord, Int32 maxRecords, String srcTable, IDbCommand command, CommandBehavior behavior)
   at System.Data.Common.DbDataAdapter.Fill(DataSet dataSet)
   at PharmaSYSDistributorPlus.DataLayer.DBInterface.SelectDataSet(String strQuery) in E:\GitDistributor - New\PharmaSYSDistributorPlus\DataLayer\DBInterface.cs:line 94
[18:18:49:069]ERROR >> <<UnboxT`1.ReferenceField>> -    at System.Data.DataRowExtensions.UnboxT`1.ReferenceField(Object value)
   at PharmaSYSDistributorPlus.DataLayer.DBProduct.<>c.<GetMergedProductStock>b__36_1(DataRow t) in E:\GitDistributor - New\PharmaSYSDistributorPlus\DataLayer\DBProduct.cs:line 444
   at System.Linq.Lookup`2.CreateForJoin(IEnumerable`1 source, Func`2 keySelector, IEqualityComparer`1 comparer)
   at System.Linq.Enumerable.<JoinIterator>d__37`4.MoveNext()
   at System.Collections.Generic.List`1..ctor(IEnumerable`1 collection)
   at System.Linq.Enumerable.ToList[TSource](IEnumerable`1 source)
   at PharmaSYSDistributorPlus.DataLayer.DBProduct.GetMergedProductStock(DataTable dtProduct, DataTable dtStock, DataTable EditedTempDataList) in E:\GitDistributor - New\PharmaSYSDistributorPlus\DataLayer\DBProduct.cs:line 442
[18:20:41:423]ERROR >> <<ArrayList.get_Item>> -    at System.Collections.ArrayList.get_Item(Int32 index)
   at System.Windows.Forms.DataGridViewCellCollection.get_Item(Int32 index)
   at PharmaSYSDistributorPlus.InterfaceLayer.CommonControls.PSMainGridView.ProcessCmdKey(Message& msg, Keys keyData) in E:\GitDistributor - New\PharmaSYSDistributorPlus\InterfaceLayer\CommonControls\PSMainGridView.cs:line 323
[18:20:41:902]ERROR >> <<ArrayList.get_Item>> -    at System.Collections.ArrayList.get_Item(Int32 index)
   at System.Windows.Forms.DataGridViewCellCollection.get_Item(Int32 index)
   at PharmaSYSDistributorPlus.InterfaceLayer.CommonControls.PSMainGridView.ProcessCmdKey(Message& msg, Keys keyData) in E:\GitDistributor - New\PharmaSYSDistributorPlus\InterfaceLayer\CommonControls\PSMainGridView.cs:line 323
[18:20:42:863]ERROR >> <<ArrayList.get_Item>> -    at System.Collections.ArrayList.get_Item(Int32 index)
   at System.Windows.Forms.DataGridViewCellCollection.get_Item(Int32 index)
   at PharmaSYSDistributorPlus.InterfaceLayer.CommonControls.PSMainGridView.ProcessCmdKey(Message& msg, Keys keyData) in E:\GitDistributor - New\PharmaSYSDistributorPlus\InterfaceLayer\CommonControls\PSMainGridView.cs:line 323
[18:21:21:774]ERROR >> <<ArrayList.get_Item>> -    at System.Collections.ArrayList.get_Item(Int32 index)
   at System.Windows.Forms.DataGridViewCellCollection.get_Item(Int32 index)
   at PharmaSYSDistributorPlus.InterfaceLayer.CommonControls.PSMainGridView.ProcessCmdKey(Message& msg, Keys keyData) in E:\GitDistributor - New\PharmaSYSDistributorPlus\InterfaceLayer\CommonControls\PSMainGridView.cs:line 323
[18:21:22:854]ERROR >> <<ArrayList.get_Item>> -    at System.Collections.ArrayList.get_Item(Int32 index)
   at System.Windows.Forms.DataGridViewCellCollection.get_Item(Int32 index)
   at PharmaSYSDistributorPlus.InterfaceLayer.CommonControls.PSMainGridView.ProcessCmdKey(Message& msg, Keys keyData) in E:\GitDistributor - New\PharmaSYSDistributorPlus\InterfaceLayer\CommonControls\PSMainGridView.cs:line 323
[18:21:23:209]ERROR >> <<ArrayList.get_Item>> -    at System.Collections.ArrayList.get_Item(Int32 index)
   at System.Windows.Forms.DataGridViewCellCollection.get_Item(Int32 index)
   at PharmaSYSDistributorPlus.InterfaceLayer.CommonControls.PSMainGridView.ProcessCmdKey(Message& msg, Keys keyData) in E:\GitDistributor - New\PharmaSYSDistributorPlus\InterfaceLayer\CommonControls\PSMainGridView.cs:line 323
[18:21:24:198]ERROR >> <<ArrayList.get_Item>> -    at System.Collections.ArrayList.get_Item(Int32 index)
   at System.Windows.Forms.DataGridViewCellCollection.get_Item(Int32 index)
   at PharmaSYSDistributorPlus.InterfaceLayer.CommonControls.PSMainGridView.ProcessCmdKey(Message& msg, Keys keyData) in E:\GitDistributor - New\PharmaSYSDistributorPlus\InterfaceLayer\CommonControls\PSMainGridView.cs:line 323
[18:21:25:566]ERROR >> <<ArrayList.get_Item>> -    at System.Collections.ArrayList.get_Item(Int32 index)
   at System.Windows.Forms.DataGridViewCellCollection.get_Item(Int32 index)
   at PharmaSYSDistributorPlus.InterfaceLayer.CommonControls.PSMainGridView.ProcessCmdKey(Message& msg, Keys keyData) in E:\GitDistributor - New\PharmaSYSDistributorPlus\InterfaceLayer\CommonControls\PSMainGridView.cs:line 323
[18:21:26:510]ERROR >> <<ArrayList.get_Item>> -    at System.Collections.ArrayList.get_Item(Int32 index)
   at System.Windows.Forms.DataGridViewCellCollection.get_Item(Int32 index)
   at PharmaSYSDistributorPlus.InterfaceLayer.CommonControls.PSMainGridView.ProcessCmdKey(Message& msg, Keys keyData) in E:\GitDistributor - New\PharmaSYSDistributorPlus\InterfaceLayer\CommonControls\PSMainGridView.cs:line 323
[18:21:26:782]ERROR >> <<ArrayList.get_Item>> -    at System.Collections.ArrayList.get_Item(Int32 index)
   at System.Windows.Forms.DataGridViewCellCollection.get_Item(Int32 index)
   at PharmaSYSDistributorPlus.InterfaceLayer.CommonControls.PSMainGridView.ProcessCmdKey(Message& msg, Keys keyData) in E:\GitDistributor - New\PharmaSYSDistributorPlus\InterfaceLayer\CommonControls\PSMainGridView.cs:line 323
[18:21:27:038]ERROR >> <<ArrayList.get_Item>> -    at System.Collections.ArrayList.get_Item(Int32 index)
   at System.Windows.Forms.DataGridViewCellCollection.get_Item(Int32 index)
   at PharmaSYSDistributorPlus.InterfaceLayer.CommonControls.PSMainGridView.ProcessCmdKey(Message& msg, Keys keyData) in E:\GitDistributor - New\PharmaSYSDistributorPlus\InterfaceLayer\CommonControls\PSMainGridView.cs:line 323
[18:21:36:259]ERROR >> <<MySqlStream.ReadPacket>> -    at MySql.Data.MySqlClient.MySqlStream.ReadPacket()
   at MySql.Data.MySqlClient.NativeDriver.GetResult(Int32& affectedRow, Int64& insertedId)
   at MySql.Data.MySqlClient.Driver.NextResult(Int32 statementId, Boolean force)
   at MySql.Data.MySqlClient.MySqlDataReader.NextResult()
   at MySql.Data.MySqlClient.MySqlCommand.ExecuteReader(CommandBehavior behavior)
   at System.Data.Common.DbDataAdapter.FillInternal(DataSet dataset, DataTable[] datatables, Int32 startRecord, Int32 maxRecords, String srcTable, IDbCommand command, CommandBehavior behavior)
   at System.Data.Common.DbDataAdapter.Fill(DataSet dataSet, Int32 startRecord, Int32 maxRecords, String srcTable, IDbCommand command, CommandBehavior behavior)
   at System.Data.Common.DbDataAdapter.Fill(DataSet dataSet)
   at PharmaSYSDistributorPlus.DataLayer.DBInterface.SelectDataSet(String strQuery) in E:\GitDistributor - New\PharmaSYSDistributorPlus\DataLayer\DBInterface.cs:line 94
[18:21:38:255]ERROR >> <<MySqlStream.ReadPacket>> -    at MySql.Data.MySqlClient.MySqlStream.ReadPacket()
   at MySql.Data.MySqlClient.NativeDriver.GetResult(Int32& affectedRow, Int64& insertedId)
   at MySql.Data.MySqlClient.Driver.NextResult(Int32 statementId, Boolean force)
   at MySql.Data.MySqlClient.MySqlDataReader.NextResult()
   at MySql.Data.MySqlClient.MySqlCommand.ExecuteReader(CommandBehavior behavior)
   at System.Data.Common.DbDataAdapter.FillInternal(DataSet dataset, DataTable[] datatables, Int32 startRecord, Int32 maxRecords, String srcTable, IDbCommand command, CommandBehavior behavior)
   at System.Data.Common.DbDataAdapter.Fill(DataSet dataSet, Int32 startRecord, Int32 maxRecords, String srcTable, IDbCommand command, CommandBehavior behavior)
   at System.Data.Common.DbDataAdapter.Fill(DataSet dataSet)
   at PharmaSYSDistributorPlus.DataLayer.DBInterface.SelectDataSet(String strQuery) in E:\GitDistributor - New\PharmaSYSDistributorPlus\DataLayer\DBInterface.cs:line 94
[18:21:38:299]ERROR >> <<MySqlStream.ReadPacket>> -    at MySql.Data.MySqlClient.MySqlStream.ReadPacket()
   at MySql.Data.MySqlClient.NativeDriver.GetResult(Int32& affectedRow, Int64& insertedId)
   at MySql.Data.MySqlClient.Driver.NextResult(Int32 statementId, Boolean force)
   at MySql.Data.MySqlClient.MySqlDataReader.NextResult()
   at MySql.Data.MySqlClient.MySqlCommand.ExecuteReader(CommandBehavior behavior)
   at System.Data.Common.DbDataAdapter.FillInternal(DataSet dataset, DataTable[] datatables, Int32 startRecord, Int32 maxRecords, String srcTable, IDbCommand command, CommandBehavior behavior)
   at System.Data.Common.DbDataAdapter.Fill(DataSet dataSet, Int32 startRecord, Int32 maxRecords, String srcTable, IDbCommand command, CommandBehavior behavior)
   at System.Data.Common.DbDataAdapter.Fill(DataSet dataSet)
   at PharmaSYSDistributorPlus.DataLayer.DBInterface.SelectDataSet(String strQuery) in E:\GitDistributor - New\PharmaSYSDistributorPlus\DataLayer\DBInterface.cs:line 94
[18:21:40:412]ERROR >> <<UnboxT`1.ReferenceField>> -    at System.Data.DataRowExtensions.UnboxT`1.ReferenceField(Object value)
   at PharmaSYSDistributorPlus.DataLayer.DBProduct.<>c.<GetMergedProductStock>b__36_1(DataRow t) in E:\GitDistributor - New\PharmaSYSDistributorPlus\DataLayer\DBProduct.cs:line 444
   at System.Linq.Lookup`2.CreateForJoin(IEnumerable`1 source, Func`2 keySelector, IEqualityComparer`1 comparer)
   at System.Linq.Enumerable.<JoinIterator>d__37`4.MoveNext()
   at System.Collections.Generic.List`1..ctor(IEnumerable`1 collection)
   at System.Linq.Enumerable.ToList[TSource](IEnumerable`1 source)
   at PharmaSYSDistributorPlus.DataLayer.DBProduct.GetMergedProductStock(DataTable dtProduct, DataTable dtStock, DataTable EditedTempDataList) in E:\GitDistributor - New\PharmaSYSDistributorPlus\DataLayer\DBProduct.cs:line 442
[18:45:40:449]ERROR >> Backup Path  Missing 
[18:50:08:477]Debug >> Log [ctor] >> Log path = [E:\GitDistributor - New\PharmaSYSDistributorPlus\bin\Debug]
[18:50:08:513]ERROR >> <<__Error.WinIOError>> -    at System.IO.__Error.WinIOError(Int32 errorCode, String maybeFullPath)
   at System.IO.FileStream.Init(String path, FileMode mode, FileAccess access, Int32 rights, Boolean useRights, FileShare share, Int32 bufferSize, FileOptions options, SECURITY_ATTRIBUTES secAttrs, String msgPath, Boolean bFromProxy, Boolean useLongPath, Boolean checkHost)
   at System.IO.FileStream..ctor(String path, FileMode mode, FileAccess access, FileShare share, Int32 bufferSize)
   at System.Xml.XmlDownloadManager.GetStream(Uri uri, ICredentials credentials, IWebProxy proxy, RequestCachePolicy cachePolicy)
   at System.Xml.XmlUrlResolver.GetEntity(Uri absoluteUri, String role, Type ofObjectToReturn)
   at System.Xml.XmlTextReaderImpl.OpenUrlDelegate(Object xmlResolver)
   at System.Runtime.CompilerServices.RuntimeHelpers.ExecuteCodeWithGuaranteedCleanup(TryCode code, CleanupCode backoutCode, Object userData)
   at System.Threading.CompressedStack.Run(CompressedStack compressedStack, ContextCallback callback, Object state)
   at System.Xml.XmlTextReaderImpl.OpenUrl()
   at System.Xml.XmlTextReaderImpl.Read()
   at System.Xml.XmlLoader.Load(XmlDocument doc, XmlReader reader, Boolean preserveWhitespace)
   at System.Xml.XmlDocument.Load(XmlReader reader)
   at System.Xml.XmlDocument.Load(String filename)
   at PharmaSYSDistributorPlus.InterfaceLayer.CustomizePrintSetting.GetXMLData() in E:\GitDistributor - New\PharmaSYSDistributorPlus\InterfaceLayer\Controls\CustomizePrintSetting.cs:line 4330
[18:50:18:987]ERROR >> <<MySqlStream.ReadPacket>> -    at MySql.Data.MySqlClient.MySqlStream.ReadPacket()
   at MySql.Data.MySqlClient.NativeDriver.GetResult(Int32& affectedRow, Int64& insertedId)
   at MySql.Data.MySqlClient.Driver.NextResult(Int32 statementId, Boolean force)
   at MySql.Data.MySqlClient.MySqlDataReader.NextResult()
   at MySql.Data.MySqlClient.MySqlCommand.ExecuteReader(CommandBehavior behavior)
   at System.Data.Common.DbDataAdapter.FillInternal(DataSet dataset, DataTable[] datatables, Int32 startRecord, Int32 maxRecords, String srcTable, IDbCommand command, CommandBehavior behavior)
   at System.Data.Common.DbDataAdapter.Fill(DataSet dataSet, Int32 startRecord, Int32 maxRecords, String srcTable, IDbCommand command, CommandBehavior behavior)
   at System.Data.Common.DbDataAdapter.Fill(DataSet dataSet)
   at PharmaSYSDistributorPlus.DataLayer.DBInterface.SelectDataSet(String strQuery) in E:\GitDistributor - New\PharmaSYSDistributorPlus\DataLayer\DBInterface.cs:line 94
[18:50:22:329]ERROR >> <<MySqlStream.ReadPacket>> -    at MySql.Data.MySqlClient.MySqlStream.ReadPacket()
   at MySql.Data.MySqlClient.NativeDriver.GetResult(Int32& affectedRow, Int64& insertedId)
   at MySql.Data.MySqlClient.Driver.NextResult(Int32 statementId, Boolean force)
   at MySql.Data.MySqlClient.MySqlDataReader.NextResult()
   at MySql.Data.MySqlClient.MySqlCommand.ExecuteReader(CommandBehavior behavior)
   at System.Data.Common.DbDataAdapter.FillInternal(DataSet dataset, DataTable[] datatables, Int32 startRecord, Int32 maxRecords, String srcTable, IDbCommand command, CommandBehavior behavior)
   at System.Data.Common.DbDataAdapter.Fill(DataSet dataSet, Int32 startRecord, Int32 maxRecords, String srcTable, IDbCommand command, CommandBehavior behavior)
   at System.Data.Common.DbDataAdapter.Fill(DataSet dataSet)
   at PharmaSYSDistributorPlus.DataLayer.DBInterface.SelectDataSet(String strQuery) in E:\GitDistributor - New\PharmaSYSDistributorPlus\DataLayer\DBInterface.cs:line 94
[18:50:22:394]ERROR >> <<MySqlStream.ReadPacket>> -    at MySql.Data.MySqlClient.MySqlStream.ReadPacket()
   at MySql.Data.MySqlClient.NativeDriver.GetResult(Int32& affectedRow, Int64& insertedId)
   at MySql.Data.MySqlClient.Driver.NextResult(Int32 statementId, Boolean force)
   at MySql.Data.MySqlClient.MySqlDataReader.NextResult()
   at MySql.Data.MySqlClient.MySqlCommand.ExecuteReader(CommandBehavior behavior)
   at System.Data.Common.DbDataAdapter.FillInternal(DataSet dataset, DataTable[] datatables, Int32 startRecord, Int32 maxRecords, String srcTable, IDbCommand command, CommandBehavior behavior)
   at System.Data.Common.DbDataAdapter.Fill(DataSet dataSet, Int32 startRecord, Int32 maxRecords, String srcTable, IDbCommand command, CommandBehavior behavior)
   at System.Data.Common.DbDataAdapter.Fill(DataSet dataSet)
   at PharmaSYSDistributorPlus.DataLayer.DBInterface.SelectDataSet(String strQuery) in E:\GitDistributor - New\PharmaSYSDistributorPlus\DataLayer\DBInterface.cs:line 94
[18:50:25:687]ERROR >> <<UnboxT`1.ReferenceField>> -    at System.Data.DataRowExtensions.UnboxT`1.ReferenceField(Object value)
   at PharmaSYSDistributorPlus.DataLayer.DBProduct.<>c.<GetMergedProductStock>b__36_1(DataRow t) in E:\GitDistributor - New\PharmaSYSDistributorPlus\DataLayer\DBProduct.cs:line 444
   at System.Linq.Lookup`2.CreateForJoin(IEnumerable`1 source, Func`2 keySelector, IEqualityComparer`1 comparer)
   at System.Linq.Enumerable.<JoinIterator>d__37`4.MoveNext()
   at System.Collections.Generic.List`1..ctor(IEnumerable`1 collection)
   at System.Linq.Enumerable.ToList[TSource](IEnumerable`1 source)
   at PharmaSYSDistributorPlus.DataLayer.DBProduct.GetMergedProductStock(DataTable dtProduct, DataTable dtStock, DataTable EditedTempDataList) in E:\GitDistributor - New\PharmaSYSDistributorPlus\DataLayer\DBProduct.cs:line 442
[18:51:51:710]ERROR >> Backup Path  Missing 
[18:52:59:391]Debug >> Log [ctor] >> Log path = [E:\GitDistributor - New\PharmaSYSDistributorPlus\bin\Debug]
[18:52:59:400]ERROR >> <<__Error.WinIOError>> -    at System.IO.__Error.WinIOError(Int32 errorCode, String maybeFullPath)
   at System.IO.FileStream.Init(String path, FileMode mode, FileAccess access, Int32 rights, Boolean useRights, FileShare share, Int32 bufferSize, FileOptions options, SECURITY_ATTRIBUTES secAttrs, String msgPath, Boolean bFromProxy, Boolean useLongPath, Boolean checkHost)
   at System.IO.FileStream..ctor(String path, FileMode mode, FileAccess access, FileShare share, Int32 bufferSize)
   at System.Xml.XmlDownloadManager.GetStream(Uri uri, ICredentials credentials, IWebProxy proxy, RequestCachePolicy cachePolicy)
   at System.Xml.XmlUrlResolver.GetEntity(Uri absoluteUri, String role, Type ofObjectToReturn)
   at System.Xml.XmlTextReaderImpl.OpenUrlDelegate(Object xmlResolver)
   at System.Runtime.CompilerServices.RuntimeHelpers.ExecuteCodeWithGuaranteedCleanup(TryCode code, CleanupCode backoutCode, Object userData)
   at System.Threading.CompressedStack.Run(CompressedStack compressedStack, ContextCallback callback, Object state)
   at System.Xml.XmlTextReaderImpl.OpenUrl()
   at System.Xml.XmlTextReaderImpl.Read()
   at System.Xml.XmlLoader.Load(XmlDocument doc, XmlReader reader, Boolean preserveWhitespace)
   at System.Xml.XmlDocument.Load(XmlReader reader)
   at System.Xml.XmlDocument.Load(String filename)
   at PharmaSYSDistributorPlus.InterfaceLayer.CustomizePrintSetting.GetXMLData() in E:\GitDistributor - New\PharmaSYSDistributorPlus\InterfaceLayer\Controls\CustomizePrintSetting.cs:line 4330
[18:53:01:469]ERROR >> <<MySqlStream.ReadPacket>> -    at MySql.Data.MySqlClient.MySqlStream.ReadPacket()
   at MySql.Data.MySqlClient.NativeDriver.GetResult(Int32& affectedRow, Int64& insertedId)
   at MySql.Data.MySqlClient.Driver.NextResult(Int32 statementId, Boolean force)
   at MySql.Data.MySqlClient.MySqlDataReader.NextResult()
   at MySql.Data.MySqlClient.MySqlCommand.ExecuteReader(CommandBehavior behavior)
   at System.Data.Common.DbDataAdapter.FillInternal(DataSet dataset, DataTable[] datatables, Int32 startRecord, Int32 maxRecords, String srcTable, IDbCommand command, CommandBehavior behavior)
   at System.Data.Common.DbDataAdapter.Fill(DataSet dataSet, Int32 startRecord, Int32 maxRecords, String srcTable, IDbCommand command, CommandBehavior behavior)
   at System.Data.Common.DbDataAdapter.Fill(DataSet dataSet)
   at PharmaSYSDistributorPlus.DataLayer.DBInterface.SelectDataSet(String strQuery) in E:\GitDistributor - New\PharmaSYSDistributorPlus\DataLayer\DBInterface.cs:line 94
[18:53:04:055]ERROR >> <<MySqlStream.ReadPacket>> -    at MySql.Data.MySqlClient.MySqlStream.ReadPacket()
   at MySql.Data.MySqlClient.NativeDriver.GetResult(Int32& affectedRow, Int64& insertedId)
   at MySql.Data.MySqlClient.Driver.NextResult(Int32 statementId, Boolean force)
   at MySql.Data.MySqlClient.MySqlDataReader.NextResult()
   at MySql.Data.MySqlClient.MySqlCommand.ExecuteReader(CommandBehavior behavior)
   at System.Data.Common.DbDataAdapter.FillInternal(DataSet dataset, DataTable[] datatables, Int32 startRecord, Int32 maxRecords, String srcTable, IDbCommand command, CommandBehavior behavior)
   at System.Data.Common.DbDataAdapter.Fill(DataSet dataSet, Int32 startRecord, Int32 maxRecords, String srcTable, IDbCommand command, CommandBehavior behavior)
   at System.Data.Common.DbDataAdapter.Fill(DataSet dataSet)
   at PharmaSYSDistributorPlus.DataLayer.DBInterface.SelectDataSet(String strQuery) in E:\GitDistributor - New\PharmaSYSDistributorPlus\DataLayer\DBInterface.cs:line 94
[18:53:04:113]ERROR >> <<MySqlStream.ReadPacket>> -    at MySql.Data.MySqlClient.MySqlStream.ReadPacket()
   at MySql.Data.MySqlClient.NativeDriver.GetResult(Int32& affectedRow, Int64& insertedId)
   at MySql.Data.MySqlClient.Driver.NextResult(Int32 statementId, Boolean force)
   at MySql.Data.MySqlClient.MySqlDataReader.NextResult()
   at MySql.Data.MySqlClient.MySqlCommand.ExecuteReader(CommandBehavior behavior)
   at System.Data.Common.DbDataAdapter.FillInternal(DataSet dataset, DataTable[] datatables, Int32 startRecord, Int32 maxRecords, String srcTable, IDbCommand command, CommandBehavior behavior)
   at System.Data.Common.DbDataAdapter.Fill(DataSet dataSet, Int32 startRecord, Int32 maxRecords, String srcTable, IDbCommand command, CommandBehavior behavior)
   at System.Data.Common.DbDataAdapter.Fill(DataSet dataSet)
   at PharmaSYSDistributorPlus.DataLayer.DBInterface.SelectDataSet(String strQuery) in E:\GitDistributor - New\PharmaSYSDistributorPlus\DataLayer\DBInterface.cs:line 94
[18:53:06:482]ERROR >> <<UnboxT`1.ReferenceField>> -    at System.Data.DataRowExtensions.UnboxT`1.ReferenceField(Object value)
   at PharmaSYSDistributorPlus.DataLayer.DBProduct.<>c.<GetMergedProductStock>b__36_1(DataRow t) in E:\GitDistributor - New\PharmaSYSDistributorPlus\DataLayer\DBProduct.cs:line 444
   at System.Linq.Lookup`2.CreateForJoin(IEnumerable`1 source, Func`2 keySelector, IEqualityComparer`1 comparer)
   at System.Linq.Enumerable.<JoinIterator>d__37`4.MoveNext()
   at System.Collections.Generic.List`1..ctor(IEnumerable`1 collection)
   at System.Linq.Enumerable.ToList[TSource](IEnumerable`1 source)
   at PharmaSYSDistributorPlus.DataLayer.DBProduct.GetMergedProductStock(DataTable dtProduct, DataTable dtStock, DataTable EditedTempDataList) in E:\GitDistributor - New\PharmaSYSDistributorPlus\DataLayer\DBProduct.cs:line 442
[18:53:44:098]ERROR >> System.NullReferenceException: Object reference not set to an instance of an object.
   at PharmaSYSDistributorPlus.InterfaceLayer.CommonControls.PSMainSubViewControl.GetFilterString(String filterValue) in E:\GitDistributor - New\PharmaSYSDistributorPlus\InterfaceLayer\CommonControls\PSMainSubViewControl.cs:line 474
[18:59:37:242]ERROR >> Backup Path  Missing 
[19:19:00:620]Debug >> Log [ctor] >> Log path = [E:\GitDistributor - New\PharmaSYSDistributorPlus\bin\Debug]
[19:19:00:632]ERROR >> <<__Error.WinIOError>> -    at System.IO.__Error.WinIOError(Int32 errorCode, String maybeFullPath)
   at System.IO.FileStream.Init(String path, FileMode mode, FileAccess access, Int32 rights, Boolean useRights, FileShare share, Int32 bufferSize, FileOptions options, SECURITY_ATTRIBUTES secAttrs, String msgPath, Boolean bFromProxy, Boolean useLongPath, Boolean checkHost)
   at System.IO.FileStream..ctor(String path, FileMode mode, FileAccess access, FileShare share, Int32 bufferSize)
   at System.Xml.XmlDownloadManager.GetStream(Uri uri, ICredentials credentials, IWebProxy proxy, RequestCachePolicy cachePolicy)
   at System.Xml.XmlUrlResolver.GetEntity(Uri absoluteUri, String role, Type ofObjectToReturn)
   at System.Xml.XmlTextReaderImpl.OpenUrlDelegate(Object xmlResolver)
   at System.Runtime.CompilerServices.RuntimeHelpers.ExecuteCodeWithGuaranteedCleanup(TryCode code, CleanupCode backoutCode, Object userData)
   at System.Threading.CompressedStack.Run(CompressedStack compressedStack, ContextCallback callback, Object state)
   at System.Xml.XmlTextReaderImpl.OpenUrl()
   at System.Xml.XmlTextReaderImpl.Read()
   at System.Xml.XmlLoader.Load(XmlDocument doc, XmlReader reader, Boolean preserveWhitespace)
   at System.Xml.XmlDocument.Load(XmlReader reader)
   at System.Xml.XmlDocument.Load(String filename)
   at PharmaSYSDistributorPlus.InterfaceLayer.CustomizePrintSetting.GetXMLData() in E:\GitDistributor - New\PharmaSYSDistributorPlus\InterfaceLayer\Controls\CustomizePrintSetting.cs:line 4330
[19:19:02:951]ERROR >> <<MySqlStream.ReadPacket>> -    at MySql.Data.MySqlClient.MySqlStream.ReadPacket()
   at MySql.Data.MySqlClient.NativeDriver.GetResult(Int32& affectedRow, Int64& insertedId)
   at MySql.Data.MySqlClient.Driver.NextResult(Int32 statementId, Boolean force)
   at MySql.Data.MySqlClient.MySqlDataReader.NextResult()
   at MySql.Data.MySqlClient.MySqlCommand.ExecuteReader(CommandBehavior behavior)
   at System.Data.Common.DbDataAdapter.FillInternal(DataSet dataset, DataTable[] datatables, Int32 startRecord, Int32 maxRecords, String srcTable, IDbCommand command, CommandBehavior behavior)
   at System.Data.Common.DbDataAdapter.Fill(DataSet dataSet, Int32 startRecord, Int32 maxRecords, String srcTable, IDbCommand command, CommandBehavior behavior)
   at System.Data.Common.DbDataAdapter.Fill(DataSet dataSet)
   at PharmaSYSDistributorPlus.DataLayer.DBInterface.SelectDataSet(String strQuery) in E:\GitDistributor - New\PharmaSYSDistributorPlus\DataLayer\DBInterface.cs:line 94
[19:19:05:471]ERROR >> <<MySqlStream.ReadPacket>> -    at MySql.Data.MySqlClient.MySqlStream.ReadPacket()
   at MySql.Data.MySqlClient.NativeDriver.GetResult(Int32& affectedRow, Int64& insertedId)
   at MySql.Data.MySqlClient.Driver.NextResult(Int32 statementId, Boolean force)
   at MySql.Data.MySqlClient.MySqlDataReader.NextResult()
   at MySql.Data.MySqlClient.MySqlCommand.ExecuteReader(CommandBehavior behavior)
   at System.Data.Common.DbDataAdapter.FillInternal(DataSet dataset, DataTable[] datatables, Int32 startRecord, Int32 maxRecords, String srcTable, IDbCommand command, CommandBehavior behavior)
   at System.Data.Common.DbDataAdapter.Fill(DataSet dataSet, Int32 startRecord, Int32 maxRecords, String srcTable, IDbCommand command, CommandBehavior behavior)
   at System.Data.Common.DbDataAdapter.Fill(DataSet dataSet)
   at PharmaSYSDistributorPlus.DataLayer.DBInterface.SelectDataSet(String strQuery) in E:\GitDistributor - New\PharmaSYSDistributorPlus\DataLayer\DBInterface.cs:line 94
[19:19:05:523]ERROR >> <<MySqlStream.ReadPacket>> -    at MySql.Data.MySqlClient.MySqlStream.ReadPacket()
   at MySql.Data.MySqlClient.NativeDriver.GetResult(Int32& affectedRow, Int64& insertedId)
   at MySql.Data.MySqlClient.Driver.NextResult(Int32 statementId, Boolean force)
   at MySql.Data.MySqlClient.MySqlDataReader.NextResult()
   at MySql.Data.MySqlClient.MySqlCommand.ExecuteReader(CommandBehavior behavior)
   at System.Data.Common.DbDataAdapter.FillInternal(DataSet dataset, DataTable[] datatables, Int32 startRecord, Int32 maxRecords, String srcTable, IDbCommand command, CommandBehavior behavior)
   at System.Data.Common.DbDataAdapter.Fill(DataSet dataSet, Int32 startRecord, Int32 maxRecords, String srcTable, IDbCommand command, CommandBehavior behavior)
   at System.Data.Common.DbDataAdapter.Fill(DataSet dataSet)
   at PharmaSYSDistributorPlus.DataLayer.DBInterface.SelectDataSet(String strQuery) in E:\GitDistributor - New\PharmaSYSDistributorPlus\DataLayer\DBInterface.cs:line 94
[19:19:08:774]ERROR >> <<UnboxT`1.ReferenceField>> -    at System.Data.DataRowExtensions.UnboxT`1.ReferenceField(Object value)
   at PharmaSYSDistributorPlus.DataLayer.DBProduct.<>c.<GetMergedProductStock>b__36_1(DataRow t) in E:\GitDistributor - New\PharmaSYSDistributorPlus\DataLayer\DBProduct.cs:line 444
   at System.Linq.Lookup`2.CreateForJoin(IEnumerable`1 source, Func`2 keySelector, IEqualityComparer`1 comparer)
   at System.Linq.Enumerable.<JoinIterator>d__37`4.MoveNext()
   at System.Collections.Generic.List`1..ctor(IEnumerable`1 collection)
   at System.Linq.Enumerable.ToList[TSource](IEnumerable`1 source)
   at PharmaSYSDistributorPlus.DataLayer.DBProduct.GetMergedProductStock(DataTable dtProduct, DataTable dtStock, DataTable EditedTempDataList) in E:\GitDistributor - New\PharmaSYSDistributorPlus\DataLayer\DBProduct.cs:line 442
[19:20:50:439]ERROR >> <<DataGridViewCellCollection.get_Item>> -    at System.Windows.Forms.DataGridViewCellCollection.get_Item(String columnName)
   at PharmaSYSDistributorPlus.InterfaceLayer.UclDistributorSale.CalculateAmount(Int32 deletedrowindex) in E:\GitDistributor - New\PharmaSYSDistributorPlus\InterfaceLayer\Controls\UclDistributorSale.cs:line 5910
[19:20:53:224]ERROR >> <<DataGridViewCellCollection.get_Item>> -    at System.Windows.Forms.DataGridViewCellCollection.get_Item(String columnName)
   at PharmaSYSDistributorPlus.InterfaceLayer.UclDistributorSale.CalculateAmount(Int32 deletedrowindex) in E:\GitDistributor - New\PharmaSYSDistributorPlus\InterfaceLayer\Controls\UclDistributorSale.cs:line 5910
[19:20:53:269]ERROR >> <<MySqlStream.ReadPacket>> -    at MySql.Data.MySqlClient.MySqlStream.ReadPacket()
   at MySql.Data.MySqlClient.NativeDriver.GetResult(Int32& affectedRow, Int64& insertedId)
   at MySql.Data.MySqlClient.Driver.NextResult(Int32 statementId, Boolean force)
   at MySql.Data.MySqlClient.MySqlDataReader.NextResult()
   at MySql.Data.MySqlClient.MySqlCommand.ExecuteReader(CommandBehavior behavior)
   at System.Data.Common.DbDataAdapter.FillInternal(DataSet dataset, DataTable[] datatables, Int32 startRecord, Int32 maxRecords, String srcTable, IDbCommand command, CommandBehavior behavior)
   at System.Data.Common.DbDataAdapter.Fill(DataSet dataSet, Int32 startRecord, Int32 maxRecords, String srcTable, IDbCommand command, CommandBehavior behavior)
   at System.Data.Common.DbDataAdapter.Fill(DataSet dataSet)
   at PharmaSYSDistributorPlus.DataLayer.DBInterface.SelectDataSet(String strQuery) in E:\GitDistributor - New\PharmaSYSDistributorPlus\DataLayer\DBInterface.cs:line 94
[20:33:20:607]Debug >> Log [ctor] >> Log path = [E:\GitDistributor - New\PharmaSYSDistributorPlus\bin\Debug]
[20:33:20:615]ERROR >> <<__Error.WinIOError>> -    at System.IO.__Error.WinIOError(Int32 errorCode, String maybeFullPath)
   at System.IO.FileStream.Init(String path, FileMode mode, FileAccess access, Int32 rights, Boolean useRights, FileShare share, Int32 bufferSize, FileOptions options, SECURITY_ATTRIBUTES secAttrs, String msgPath, Boolean bFromProxy, Boolean useLongPath, Boolean checkHost)
   at System.IO.FileStream..ctor(String path, FileMode mode, FileAccess access, FileShare share, Int32 bufferSize)
   at System.Xml.XmlDownloadManager.GetStream(Uri uri, ICredentials credentials, IWebProxy proxy, RequestCachePolicy cachePolicy)
   at System.Xml.XmlUrlResolver.GetEntity(Uri absoluteUri, String role, Type ofObjectToReturn)
   at System.Xml.XmlTextReaderImpl.OpenUrlDelegate(Object xmlResolver)
   at System.Runtime.CompilerServices.RuntimeHelpers.ExecuteCodeWithGuaranteedCleanup(TryCode code, CleanupCode backoutCode, Object userData)
   at System.Threading.CompressedStack.Run(CompressedStack compressedStack, ContextCallback callback, Object state)
   at System.Xml.XmlTextReaderImpl.OpenUrl()
   at System.Xml.XmlTextReaderImpl.Read()
   at System.Xml.XmlLoader.Load(XmlDocument doc, XmlReader reader, Boolean preserveWhitespace)
   at System.Xml.XmlDocument.Load(XmlReader reader)
   at System.Xml.XmlDocument.Load(String filename)
   at PharmaSYSDistributorPlus.InterfaceLayer.CustomizePrintSetting.GetXMLData() in E:\GitDistributor - New\PharmaSYSDistributorPlus\InterfaceLayer\Controls\CustomizePrintSetting.cs:line 4330
[20:33:22:371]ERROR >> <<MySqlStream.ReadPacket>> -    at MySql.Data.MySqlClient.MySqlStream.ReadPacket()
   at MySql.Data.MySqlClient.NativeDriver.GetResult(Int32& affectedRow, Int64& insertedId)
   at MySql.Data.MySqlClient.Driver.NextResult(Int32 statementId, Boolean force)
   at MySql.Data.MySqlClient.MySqlDataReader.NextResult()
   at MySql.Data.MySqlClient.MySqlCommand.ExecuteReader(CommandBehavior behavior)
   at System.Data.Common.DbDataAdapter.FillInternal(DataSet dataset, DataTable[] datatables, Int32 startRecord, Int32 maxRecords, String srcTable, IDbCommand command, CommandBehavior behavior)
   at System.Data.Common.DbDataAdapter.Fill(DataSet dataSet, Int32 startRecord, Int32 maxRecords, String srcTable, IDbCommand command, CommandBehavior behavior)
   at System.Data.Common.DbDataAdapter.Fill(DataSet dataSet)
   at PharmaSYSDistributorPlus.DataLayer.DBInterface.SelectDataSet(String strQuery) in E:\GitDistributor - New\PharmaSYSDistributorPlus\DataLayer\DBInterface.cs:line 94
[20:33:25:758]ERROR >> <<MySqlStream.ReadPacket>> -    at MySql.Data.MySqlClient.MySqlStream.ReadPacket()
   at MySql.Data.MySqlClient.NativeDriver.GetResult(Int32& affectedRow, Int64& insertedId)
   at MySql.Data.MySqlClient.Driver.NextResult(Int32 statementId, Boolean force)
   at MySql.Data.MySqlClient.MySqlDataReader.NextResult()
   at MySql.Data.MySqlClient.MySqlCommand.ExecuteReader(CommandBehavior behavior)
   at System.Data.Common.DbDataAdapter.FillInternal(DataSet dataset, DataTable[] datatables, Int32 startRecord, Int32 maxRecords, String srcTable, IDbCommand command, CommandBehavior behavior)
   at System.Data.Common.DbDataAdapter.Fill(DataSet dataSet, Int32 startRecord, Int32 maxRecords, String srcTable, IDbCommand command, CommandBehavior behavior)
   at System.Data.Common.DbDataAdapter.Fill(DataSet dataSet)
   at PharmaSYSDistributorPlus.DataLayer.DBInterface.SelectDataSet(String strQuery) in E:\GitDistributor - New\PharmaSYSDistributorPlus\DataLayer\DBInterface.cs:line 94
[20:33:25:809]ERROR >> <<MySqlStream.ReadPacket>> -    at MySql.Data.MySqlClient.MySqlStream.ReadPacket()
   at MySql.Data.MySqlClient.NativeDriver.GetResult(Int32& affectedRow, Int64& insertedId)
   at MySql.Data.MySqlClient.Driver.NextResult(Int32 statementId, Boolean force)
   at MySql.Data.MySqlClient.MySqlDataReader.NextResult()
   at MySql.Data.MySqlClient.MySqlCommand.ExecuteReader(CommandBehavior behavior)
   at System.Data.Common.DbDataAdapter.FillInternal(DataSet dataset, DataTable[] datatables, Int32 startRecord, Int32 maxRecords, String srcTable, IDbCommand command, CommandBehavior behavior)
   at System.Data.Common.DbDataAdapter.Fill(DataSet dataSet, Int32 startRecord, Int32 maxRecords, String srcTable, IDbCommand command, CommandBehavior behavior)
   at System.Data.Common.DbDataAdapter.Fill(DataSet dataSet)
   at PharmaSYSDistributorPlus.DataLayer.DBInterface.SelectDataSet(String strQuery) in E:\GitDistributor - New\PharmaSYSDistributorPlus\DataLayer\DBInterface.cs:line 94
[20:33:27:864]ERROR >> <<UnboxT`1.ReferenceField>> -    at System.Data.DataRowExtensions.UnboxT`1.ReferenceField(Object value)
   at PharmaSYSDistributorPlus.DataLayer.DBProduct.<>c.<GetMergedProductStock>b__36_1(DataRow t) in E:\GitDistributor - New\PharmaSYSDistributorPlus\DataLayer\DBProduct.cs:line 444
   at System.Linq.Lookup`2.CreateForJoin(IEnumerable`1 source, Func`2 keySelector, IEqualityComparer`1 comparer)
   at System.Linq.Enumerable.<JoinIterator>d__37`4.MoveNext()
   at System.Collections.Generic.List`1..ctor(IEnumerable`1 collection)
   at System.Linq.Enumerable.ToList[TSource](IEnumerable`1 source)
   at PharmaSYSDistributorPlus.DataLayer.DBProduct.GetMergedProductStock(DataTable dtProduct, DataTable dtStock, DataTable EditedTempDataList) in E:\GitDistributor - New\PharmaSYSDistributorPlus\DataLayer\DBProduct.cs:line 442
[20:54:06:269]ERROR >> <<MySqlStream.ReadPacket>> -    at MySql.Data.MySqlClient.MySqlStream.ReadPacket()
   at MySql.Data.MySqlClient.NativeDriver.GetResult(Int32& affectedRow, Int64& insertedId)
   at MySql.Data.MySqlClient.Driver.NextResult(Int32 statementId, Boolean force)
   at MySql.Data.MySqlClient.MySqlDataReader.NextResult()
   at MySql.Data.MySqlClient.MySqlCommand.ExecuteReader(CommandBehavior behavior)
   at System.Data.Common.DbDataAdapter.FillInternal(DataSet dataset, DataTable[] datatables, Int32 startRecord, Int32 maxRecords, String srcTable, IDbCommand command, CommandBehavior behavior)
   at System.Data.Common.DbDataAdapter.Fill(DataSet dataSet, Int32 startRecord, Int32 maxRecords, String srcTable, IDbCommand command, CommandBehavior behavior)
   at System.Data.Common.DbDataAdapter.Fill(DataSet dataSet)
   at PharmaSYSDistributorPlus.DataLayer.DBInterface.SelectDataSet(String strQuery)
[20:57:01:273]ERROR >> Backup Path  Missing 
