[04:17:53:704]Debug >> Log [ctor] >> Log path = [E:\GitDistributor - New\PharmaSYSDistributorPlus\bin\Debug]
[04:17:53:711]ERROR >> <<MySqlStream.ReadPacket>> -    at MySql.Data.MySqlClient.MySqlStream.ReadPacket()
   at MySql.Data.MySqlClient.NativeDriver.GetResult(Int32& affectedRow, Int64& insertedId)
   at MySql.Data.MySqlClient.Driver.NextResult(Int32 statementId, Boolean force)
   at MySql.Data.MySqlClient.MySqlDataReader.NextResult()
   at MySql.Data.MySqlClient.MySqlCommand.ExecuteReader(CommandBehavior behavior)
   at System.Data.Common.DbDataAdapter.FillInternal(DataSet dataset, DataTable[] datatables, Int32 startRecord, Int32 maxRecords, String srcTable, IDbCommand command, CommandBehavior behavior)
   at System.Data.Common.DbDataAdapter.Fill(DataSet dataSet, Int32 startRecord, Int32 maxRecords, String srcTable, IDbCommand command, CommandBehavior behavior)
   at System.Data.Common.DbDataAdapter.Fill(DataSet dataSet)
   at PharmaSYSDistributorPlus.DataLayer.DBInterface.SelectDataSet(String strQuery) in E:\GitDistributor - New\PharmaSYSDistributorPlus\DataLayer\DBInterface.cs:line 94
[04:17:57:324]ERROR >> System.Data.EvaluateException: Cannot find column [Barcode].
   at System.Data.NameNode.Bind(DataTable table, List`1 list)
   at System.Data.BinaryNode.Bind(DataTable table, List`1 list)
   at System.Data.DataExpression.Bind(DataTable table)
   at System.Data.DataView.set_RowFilter(String value)
   at System.Windows.Forms.BindingSource.set_InnerListFilter(String value)
   at PharmaSYSDistributorPlus.InterfaceLayer.CommonControls.PSMainSubViewControl.DoFilter(String filterValue) in E:\GitDistributor - New\PharmaSYSDistributorPlus\InterfaceLayer\CommonControls\PSMainSubViewControl.cs:line 450
[04:18:01:402]ERROR >> System.Data.EvaluateException: Cannot find column [Barcode].
   at System.Data.NameNode.Bind(DataTable table, List`1 list)
   at System.Data.BinaryNode.Bind(DataTable table, List`1 list)
   at System.Data.DataExpression.Bind(DataTable table)
   at System.Data.DataView.set_RowFilter(String value)
   at System.Windows.Forms.BindingSource.set_InnerListFilter(String value)
   at System.Windows.Forms.BindingSource.SetList(IList list, Boolean metaDataChanged, Boolean applySortAndFilter)
   at System.Windows.Forms.BindingSource.set_DataSource(Object value)
   at PharmaSYSDistributorPlus.InterfaceLayer.CommonControls.PSMainSubViewControl.GetFilterString(String filterValue) in E:\GitDistributor - New\PharmaSYSDistributorPlus\InterfaceLayer\CommonControls\PSMainSubViewControl.cs:line 489
[04:56:13:693]Debug >> Log [ctor] >> Log path = [E:\GitDistributor - New\PharmaSYSDistributorPlus\bin\Debug]
[04:56:13:704]ERROR >> <<MySqlStream.ReadPacket>> -    at MySql.Data.MySqlClient.MySqlStream.ReadPacket()
   at MySql.Data.MySqlClient.NativeDriver.GetResult(Int32& affectedRow, Int64& insertedId)
   at MySql.Data.MySqlClient.Driver.NextResult(Int32 statementId, Boolean force)
   at MySql.Data.MySqlClient.MySqlDataReader.NextResult()
   at MySql.Data.MySqlClient.MySqlCommand.ExecuteReader(CommandBehavior behavior)
   at System.Data.Common.DbDataAdapter.FillInternal(DataSet dataset, DataTable[] datatables, Int32 startRecord, Int32 maxRecords, String srcTable, IDbCommand command, CommandBehavior behavior)
   at System.Data.Common.DbDataAdapter.Fill(DataSet dataSet, Int32 startRecord, Int32 maxRecords, String srcTable, IDbCommand command, CommandBehavior behavior)
   at System.Data.Common.DbDataAdapter.Fill(DataSet dataSet)
   at PharmaSYSDistributorPlus.DataLayer.DBInterface.SelectDataSet(String strQuery) in E:\GitDistributor - New\PharmaSYSDistributorPlus\DataLayer\DBInterface.cs:line 94
[04:56:18:690]ERROR >> <<MySqlStream.ReadPacket>> -    at MySql.Data.MySqlClient.MySqlStream.ReadPacket()
   at MySql.Data.MySqlClient.NativeDriver.GetResult(Int32& affectedRow, Int64& insertedId)
   at MySql.Data.MySqlClient.Driver.NextResult(Int32 statementId, Boolean force)
   at MySql.Data.MySqlClient.MySqlDataReader.NextResult()
   at MySql.Data.MySqlClient.MySqlCommand.ExecuteReader(CommandBehavior behavior)
   at System.Data.Common.DbDataAdapter.FillInternal(DataSet dataset, DataTable[] datatables, Int32 startRecord, Int32 maxRecords, String srcTable, IDbCommand command, CommandBehavior behavior)
   at System.Data.Common.DbDataAdapter.Fill(DataSet dataSet, Int32 startRecord, Int32 maxRecords, String srcTable, IDbCommand command, CommandBehavior behavior)
   at System.Data.Common.DbDataAdapter.Fill(DataSet dataSet)
   at PharmaSYSDistributorPlus.DataLayer.DBInterface.SelectDataSet(String strQuery) in E:\GitDistributor - New\PharmaSYSDistributorPlus\DataLayer\DBInterface.cs:line 94
[04:56:18:823]ERROR >> <<MySqlStream.ReadPacket>> -    at MySql.Data.MySqlClient.MySqlStream.ReadPacket()
   at MySql.Data.MySqlClient.NativeDriver.GetResult(Int32& affectedRow, Int64& insertedId)
   at MySql.Data.MySqlClient.Driver.NextResult(Int32 statementId, Boolean force)
   at MySql.Data.MySqlClient.MySqlDataReader.NextResult()
   at MySql.Data.MySqlClient.MySqlCommand.ExecuteReader(CommandBehavior behavior)
   at System.Data.Common.DbDataAdapter.FillInternal(DataSet dataset, DataTable[] datatables, Int32 startRecord, Int32 maxRecords, String srcTable, IDbCommand command, CommandBehavior behavior)
   at System.Data.Common.DbDataAdapter.Fill(DataSet dataSet, Int32 startRecord, Int32 maxRecords, String srcTable, IDbCommand command, CommandBehavior behavior)
   at System.Data.Common.DbDataAdapter.Fill(DataSet dataSet)
   at PharmaSYSDistributorPlus.DataLayer.DBInterface.SelectDataSet(String strQuery) in E:\GitDistributor - New\PharmaSYSDistributorPlus\DataLayer\DBInterface.cs:line 94
[04:56:21:136]ERROR >> System.Data.EvaluateException: Cannot find column [Barcode].
   at System.Data.NameNode.Bind(DataTable table, List`1 list)
   at System.Data.BinaryNode.Bind(DataTable table, List`1 list)
   at System.Data.DataExpression.Bind(DataTable table)
   at System.Data.DataView.set_RowFilter(String value)
   at System.Windows.Forms.BindingSource.set_InnerListFilter(String value)
   at PharmaSYSDistributorPlus.InterfaceLayer.CommonControls.PSMainSubViewControl.DoFilter(String filterValue) in E:\GitDistributor - New\PharmaSYSDistributorPlus\InterfaceLayer\CommonControls\PSMainSubViewControl.cs:line 450
[04:56:32:205]ERROR >> System.Data.EvaluateException: Cannot find column [Barcode].
   at System.Data.NameNode.Bind(DataTable table, List`1 list)
   at System.Data.BinaryNode.Bind(DataTable table, List`1 list)
   at System.Data.DataExpression.Bind(DataTable table)
   at System.Data.DataView.set_RowFilter(String value)
   at System.Windows.Forms.BindingSource.set_InnerListFilter(String value)
   at System.Windows.Forms.BindingSource.SetList(IList list, Boolean metaDataChanged, Boolean applySortAndFilter)
   at System.Windows.Forms.BindingSource.set_DataSource(Object value)
   at PharmaSYSDistributorPlus.InterfaceLayer.CommonControls.PSMainSubViewControl.GetFilterString(String filterValue) in E:\GitDistributor - New\PharmaSYSDistributorPlus\InterfaceLayer\CommonControls\PSMainSubViewControl.cs:line 489
[04:56:38:492]ERROR >> System.Data.EvaluateException: Cannot find column [Barcode].
   at System.Data.NameNode.Bind(DataTable table, List`1 list)
   at System.Data.BinaryNode.Bind(DataTable table, List`1 list)
   at System.Data.DataExpression.Bind(DataTable table)
   at System.Data.DataView.set_RowFilter(String value)
   at System.Windows.Forms.BindingSource.set_InnerListFilter(String value)
   at PharmaSYSDistributorPlus.InterfaceLayer.CommonControls.PSMainSubViewControl.DoFilter(String filterValue) in E:\GitDistributor - New\PharmaSYSDistributorPlus\InterfaceLayer\CommonControls\PSMainSubViewControl.cs:line 450
[04:56:40:995]ERROR >> System.Data.EvaluateException: Cannot find column [Barcode].
   at System.Data.NameNode.Bind(DataTable table, List`1 list)
   at System.Data.BinaryNode.Bind(DataTable table, List`1 list)
   at System.Data.DataExpression.Bind(DataTable table)
   at System.Data.DataView.set_RowFilter(String value)
   at System.Windows.Forms.BindingSource.set_InnerListFilter(String value)
   at System.Windows.Forms.BindingSource.SetList(IList list, Boolean metaDataChanged, Boolean applySortAndFilter)
   at System.Windows.Forms.BindingSource.set_DataSource(Object value)
   at PharmaSYSDistributorPlus.InterfaceLayer.CommonControls.PSMainSubViewControl.GetFilterString(String filterValue) in E:\GitDistributor - New\PharmaSYSDistributorPlus\InterfaceLayer\CommonControls\PSMainSubViewControl.cs:line 489
[04:56:48:912]ERROR >> System.Data.EvaluateException: Cannot find column [Barcode].
   at System.Data.NameNode.Bind(DataTable table, List`1 list)
   at System.Data.BinaryNode.Bind(DataTable table, List`1 list)
   at System.Data.DataExpression.Bind(DataTable table)
   at System.Data.DataView.set_RowFilter(String value)
   at System.Windows.Forms.BindingSource.set_InnerListFilter(String value)
   at PharmaSYSDistributorPlus.InterfaceLayer.CommonControls.PSMainSubViewControl.DoFilter(String filterValue) in E:\GitDistributor - New\PharmaSYSDistributorPlus\InterfaceLayer\CommonControls\PSMainSubViewControl.cs:line 450
[04:56:52:719]ERROR >> System.Data.EvaluateException: Cannot find column [Barcode].
   at System.Data.NameNode.Bind(DataTable table, List`1 list)
   at System.Data.BinaryNode.Bind(DataTable table, List`1 list)
   at System.Data.DataExpression.Bind(DataTable table)
   at System.Data.DataView.set_RowFilter(String value)
   at System.Windows.Forms.BindingSource.set_InnerListFilter(String value)
   at System.Windows.Forms.BindingSource.SetList(IList list, Boolean metaDataChanged, Boolean applySortAndFilter)
   at System.Windows.Forms.BindingSource.set_DataSource(Object value)
   at PharmaSYSDistributorPlus.InterfaceLayer.CommonControls.PSMainSubViewControl.GetFilterString(String filterValue) in E:\GitDistributor - New\PharmaSYSDistributorPlus\InterfaceLayer\CommonControls\PSMainSubViewControl.cs:line 489
[04:56:53:703]ERROR >> System.Data.EvaluateException: Cannot find column [Barcode].
   at System.Data.NameNode.Bind(DataTable table, List`1 list)
   at System.Data.BinaryNode.Bind(DataTable table, List`1 list)
   at System.Data.DataExpression.Bind(DataTable table)
   at System.Data.DataView.set_RowFilter(String value)
   at System.Windows.Forms.BindingSource.set_InnerListFilter(String value)
   at PharmaSYSDistributorPlus.InterfaceLayer.CommonControls.PSMainSubViewControl.DoFilter(String filterValue) in E:\GitDistributor - New\PharmaSYSDistributorPlus\InterfaceLayer\CommonControls\PSMainSubViewControl.cs:line 450
[04:56:58:590]ERROR >> <<MySqlStream.ReadPacket>> -    at MySql.Data.MySqlClient.MySqlStream.ReadPacket()
   at MySql.Data.MySqlClient.NativeDriver.GetResult(Int32& affectedRow, Int64& insertedId)
   at MySql.Data.MySqlClient.Driver.NextResult(Int32 statementId, Boolean force)
   at MySql.Data.MySqlClient.MySqlDataReader.NextResult()
   at MySql.Data.MySqlClient.MySqlCommand.ExecuteReader(CommandBehavior behavior)
   at System.Data.Common.DbDataAdapter.FillInternal(DataSet dataset, DataTable[] datatables, Int32 startRecord, Int32 maxRecords, String srcTable, IDbCommand command, CommandBehavior behavior)
   at System.Data.Common.DbDataAdapter.Fill(DataSet dataSet, Int32 startRecord, Int32 maxRecords, String srcTable, IDbCommand command, CommandBehavior behavior)
   at System.Data.Common.DbDataAdapter.Fill(DataSet dataSet)
   at PharmaSYSDistributorPlus.DataLayer.DBInterface.SelectDataSet(String strQuery) in E:\GitDistributor - New\PharmaSYSDistributorPlus\DataLayer\DBInterface.cs:line 94
[04:57:24:437]ERROR >> <<MySqlStream.ReadPacket>> -    at MySql.Data.MySqlClient.MySqlStream.ReadPacket()
   at MySql.Data.MySqlClient.NativeDriver.GetResult(Int32& affectedRow, Int64& insertedId)
   at MySql.Data.MySqlClient.Driver.NextResult(Int32 statementId, Boolean force)
   at MySql.Data.MySqlClient.MySqlDataReader.NextResult()
   at MySql.Data.MySqlClient.MySqlCommand.ExecuteReader(CommandBehavior behavior)
   at System.Data.Common.DbDataAdapter.FillInternal(DataSet dataset, DataTable[] datatables, Int32 startRecord, Int32 maxRecords, String srcTable, IDbCommand command, CommandBehavior behavior)
   at System.Data.Common.DbDataAdapter.Fill(DataSet dataSet, Int32 startRecord, Int32 maxRecords, String srcTable, IDbCommand command, CommandBehavior behavior)
   at System.Data.Common.DbDataAdapter.Fill(DataSet dataSet)
   at PharmaSYSDistributorPlus.DataLayer.DBInterface.SelectDataSet(String strQuery) in E:\GitDistributor - New\PharmaSYSDistributorPlus\DataLayer\DBInterface.cs:line 94
[04:57:54:048]ERROR >> <<MySqlStream.ReadPacket>> -    at MySql.Data.MySqlClient.MySqlStream.ReadPacket()
   at MySql.Data.MySqlClient.NativeDriver.GetResult(Int32& affectedRow, Int64& insertedId)
   at MySql.Data.MySqlClient.Driver.NextResult(Int32 statementId, Boolean force)
   at MySql.Data.MySqlClient.MySqlDataReader.NextResult()
   at MySql.Data.MySqlClient.MySqlCommand.ExecuteReader(CommandBehavior behavior)
   at System.Data.Common.DbDataAdapter.FillInternal(DataSet dataset, DataTable[] datatables, Int32 startRecord, Int32 maxRecords, String srcTable, IDbCommand command, CommandBehavior behavior)
   at System.Data.Common.DbDataAdapter.Fill(DataSet dataSet, Int32 startRecord, Int32 maxRecords, String srcTable, IDbCommand command, CommandBehavior behavior)
   at System.Data.Common.DbDataAdapter.Fill(DataSet dataSet)
   at PharmaSYSDistributorPlus.DataLayer.DBInterface.SelectDataSet(String strQuery) in E:\GitDistributor - New\PharmaSYSDistributorPlus\DataLayer\DBInterface.cs:line 94
[05:16:12:851]Debug >> Log [ctor] >> Log path = [E:\GitDistributor - New\PharmaSYSDistributorPlus\bin\Debug]
[05:16:12:861]ERROR >> <<MySqlStream.ReadPacket>> -    at MySql.Data.MySqlClient.MySqlStream.ReadPacket()
   at MySql.Data.MySqlClient.NativeDriver.GetResult(Int32& affectedRow, Int64& insertedId)
   at MySql.Data.MySqlClient.Driver.NextResult(Int32 statementId, Boolean force)
   at MySql.Data.MySqlClient.MySqlDataReader.NextResult()
   at MySql.Data.MySqlClient.MySqlCommand.ExecuteReader(CommandBehavior behavior)
   at System.Data.Common.DbDataAdapter.FillInternal(DataSet dataset, DataTable[] datatables, Int32 startRecord, Int32 maxRecords, String srcTable, IDbCommand command, CommandBehavior behavior)
   at System.Data.Common.DbDataAdapter.Fill(DataSet dataSet, Int32 startRecord, Int32 maxRecords, String srcTable, IDbCommand command, CommandBehavior behavior)
   at System.Data.Common.DbDataAdapter.Fill(DataSet dataSet)
   at PharmaSYSDistributorPlus.DataLayer.DBInterface.SelectDataSet(String strQuery) in E:\GitDistributor - New\PharmaSYSDistributorPlus\DataLayer\DBInterface.cs:line 94
[05:16:17:205]ERROR >> <<MySqlStream.ReadPacket>> -    at MySql.Data.MySqlClient.MySqlStream.ReadPacket()
   at MySql.Data.MySqlClient.NativeDriver.GetResult(Int32& affectedRow, Int64& insertedId)
   at MySql.Data.MySqlClient.Driver.NextResult(Int32 statementId, Boolean force)
   at MySql.Data.MySqlClient.MySqlDataReader.NextResult()
   at MySql.Data.MySqlClient.MySqlCommand.ExecuteReader(CommandBehavior behavior)
   at System.Data.Common.DbDataAdapter.FillInternal(DataSet dataset, DataTable[] datatables, Int32 startRecord, Int32 maxRecords, String srcTable, IDbCommand command, CommandBehavior behavior)
   at System.Data.Common.DbDataAdapter.Fill(DataSet dataSet, Int32 startRecord, Int32 maxRecords, String srcTable, IDbCommand command, CommandBehavior behavior)
   at System.Data.Common.DbDataAdapter.Fill(DataSet dataSet)
   at PharmaSYSDistributorPlus.DataLayer.DBInterface.SelectDataSet(String strQuery) in E:\GitDistributor - New\PharmaSYSDistributorPlus\DataLayer\DBInterface.cs:line 94
[05:16:17:289]ERROR >> <<MySqlStream.ReadPacket>> -    at MySql.Data.MySqlClient.MySqlStream.ReadPacket()
   at MySql.Data.MySqlClient.NativeDriver.GetResult(Int32& affectedRow, Int64& insertedId)
   at MySql.Data.MySqlClient.Driver.NextResult(Int32 statementId, Boolean force)
   at MySql.Data.MySqlClient.MySqlDataReader.NextResult()
   at MySql.Data.MySqlClient.MySqlCommand.ExecuteReader(CommandBehavior behavior)
   at System.Data.Common.DbDataAdapter.FillInternal(DataSet dataset, DataTable[] datatables, Int32 startRecord, Int32 maxRecords, String srcTable, IDbCommand command, CommandBehavior behavior)
   at System.Data.Common.DbDataAdapter.Fill(DataSet dataSet, Int32 startRecord, Int32 maxRecords, String srcTable, IDbCommand command, CommandBehavior behavior)
   at System.Data.Common.DbDataAdapter.Fill(DataSet dataSet)
   at PharmaSYSDistributorPlus.DataLayer.DBInterface.SelectDataSet(String strQuery) in E:\GitDistributor - New\PharmaSYSDistributorPlus\DataLayer\DBInterface.cs:line 94
[05:16:21:930]ERROR >> System.Data.EvaluateException: Cannot find column [Barcode].
   at System.Data.NameNode.Bind(DataTable table, List`1 list)
   at System.Data.BinaryNode.Bind(DataTable table, List`1 list)
   at System.Data.DataExpression.Bind(DataTable table)
   at System.Data.DataView.set_RowFilter(String value)
   at System.Windows.Forms.BindingSource.set_InnerListFilter(String value)
   at PharmaSYSDistributorPlus.InterfaceLayer.CommonControls.PSMainSubViewControl.DoFilter(String filterValue) in E:\GitDistributor - New\PharmaSYSDistributorPlus\InterfaceLayer\CommonControls\PSMainSubViewControl.cs:line 450
[05:16:32:245]ERROR >> System.Data.EvaluateException: Cannot find column [Barcode].
   at System.Data.NameNode.Bind(DataTable table, List`1 list)
   at System.Data.BinaryNode.Bind(DataTable table, List`1 list)
   at System.Data.DataExpression.Bind(DataTable table)
   at System.Data.DataView.set_RowFilter(String value)
   at System.Windows.Forms.BindingSource.set_InnerListFilter(String value)
   at System.Windows.Forms.BindingSource.SetList(IList list, Boolean metaDataChanged, Boolean applySortAndFilter)
   at System.Windows.Forms.BindingSource.set_DataSource(Object value)
   at PharmaSYSDistributorPlus.InterfaceLayer.CommonControls.PSMainSubViewControl.GetFilterString(String filterValue) in E:\GitDistributor - New\PharmaSYSDistributorPlus\InterfaceLayer\CommonControls\PSMainSubViewControl.cs:line 489
[05:16:37:855]ERROR >> System.Data.EvaluateException: Cannot find column [Barcode].
   at System.Data.NameNode.Bind(DataTable table, List`1 list)
   at System.Data.BinaryNode.Bind(DataTable table, List`1 list)
   at System.Data.DataExpression.Bind(DataTable table)
   at System.Data.DataView.set_RowFilter(String value)
   at System.Windows.Forms.BindingSource.set_InnerListFilter(String value)
   at PharmaSYSDistributorPlus.InterfaceLayer.CommonControls.PSMainSubViewControl.DoFilter(String filterValue) in E:\GitDistributor - New\PharmaSYSDistributorPlus\InterfaceLayer\CommonControls\PSMainSubViewControl.cs:line 450
[05:16:40:063]ERROR >> System.Data.EvaluateException: Cannot find column [Barcode].
   at System.Data.NameNode.Bind(DataTable table, List`1 list)
   at System.Data.BinaryNode.Bind(DataTable table, List`1 list)
   at System.Data.DataExpression.Bind(DataTable table)
   at System.Data.DataView.set_RowFilter(String value)
   at System.Windows.Forms.BindingSource.set_InnerListFilter(String value)
   at System.Windows.Forms.BindingSource.SetList(IList list, Boolean metaDataChanged, Boolean applySortAndFilter)
   at System.Windows.Forms.BindingSource.set_DataSource(Object value)
   at PharmaSYSDistributorPlus.InterfaceLayer.CommonControls.PSMainSubViewControl.GetFilterString(String filterValue) in E:\GitDistributor - New\PharmaSYSDistributorPlus\InterfaceLayer\CommonControls\PSMainSubViewControl.cs:line 489
[05:16:46:100]ERROR >> <<MySqlStream.ReadPacket>> -    at MySql.Data.MySqlClient.MySqlStream.ReadPacket()
   at MySql.Data.MySqlClient.NativeDriver.GetResult(Int32& affectedRow, Int64& insertedId)
   at MySql.Data.MySqlClient.Driver.NextResult(Int32 statementId, Boolean force)
   at MySql.Data.MySqlClient.MySqlDataReader.NextResult()
   at MySql.Data.MySqlClient.MySqlCommand.ExecuteReader(CommandBehavior behavior)
   at System.Data.Common.DbDataAdapter.FillInternal(DataSet dataset, DataTable[] datatables, Int32 startRecord, Int32 maxRecords, String srcTable, IDbCommand command, CommandBehavior behavior)
   at System.Data.Common.DbDataAdapter.Fill(DataSet dataSet, Int32 startRecord, Int32 maxRecords, String srcTable, IDbCommand command, CommandBehavior behavior)
   at System.Data.Common.DbDataAdapter.Fill(DataSet dataSet)
   at PharmaSYSDistributorPlus.DataLayer.DBInterface.SelectDataSet(String strQuery) in E:\GitDistributor - New\PharmaSYSDistributorPlus\DataLayer\DBInterface.cs:line 94
[05:18:05:667]ERROR >> <<MySqlStream.ReadPacket>> -    at MySql.Data.MySqlClient.MySqlStream.ReadPacket()
   at MySql.Data.MySqlClient.NativeDriver.GetResult(Int32& affectedRow, Int64& insertedId)
   at MySql.Data.MySqlClient.Driver.NextResult(Int32 statementId, Boolean force)
   at MySql.Data.MySqlClient.MySqlDataReader.NextResult()
   at MySql.Data.MySqlClient.MySqlCommand.ExecuteReader(CommandBehavior behavior)
   at System.Data.Common.DbDataAdapter.FillInternal(DataSet dataset, DataTable[] datatables, Int32 startRecord, Int32 maxRecords, String srcTable, IDbCommand command, CommandBehavior behavior)
   at System.Data.Common.DbDataAdapter.Fill(DataSet dataSet, Int32 startRecord, Int32 maxRecords, String srcTable, IDbCommand command, CommandBehavior behavior)
   at System.Data.Common.DbDataAdapter.Fill(DataSet dataSet)
   at PharmaSYSDistributorPlus.DataLayer.DBInterface.SelectDataSet(String strQuery)
[05:18:33:357]ERROR >> <<MySqlStream.ReadPacket>> -    at MySql.Data.MySqlClient.MySqlStream.ReadPacket()
   at MySql.Data.MySqlClient.NativeDriver.GetResult(Int32& affectedRow, Int64& insertedId)
   at MySql.Data.MySqlClient.Driver.NextResult(Int32 statementId, Boolean force)
   at MySql.Data.MySqlClient.MySqlDataReader.NextResult()
   at MySql.Data.MySqlClient.MySqlCommand.ExecuteReader(CommandBehavior behavior)
   at System.Data.Common.DbDataAdapter.FillInternal(DataSet dataset, DataTable[] datatables, Int32 startRecord, Int32 maxRecords, String srcTable, IDbCommand command, CommandBehavior behavior)
   at System.Data.Common.DbDataAdapter.Fill(DataSet dataSet, Int32 startRecord, Int32 maxRecords, String srcTable, IDbCommand command, CommandBehavior behavior)
   at System.Data.Common.DbDataAdapter.Fill(DataSet dataSet)
   at PharmaSYSDistributorPlus.DataLayer.DBInterface.SelectDataSet(String strQuery)
[05:18:33:407]ERROR >> <<MySqlStream.ReadPacket>> -    at MySql.Data.MySqlClient.MySqlStream.ReadPacket()
   at MySql.Data.MySqlClient.NativeDriver.GetResult(Int32& affectedRow, Int64& insertedId)
   at MySql.Data.MySqlClient.Driver.NextResult(Int32 statementId, Boolean force)
   at MySql.Data.MySqlClient.MySqlDataReader.NextResult()
   at MySql.Data.MySqlClient.MySqlCommand.ExecuteReader(CommandBehavior behavior)
   at System.Data.Common.DbDataAdapter.FillInternal(DataSet dataset, DataTable[] datatables, Int32 startRecord, Int32 maxRecords, String srcTable, IDbCommand command, CommandBehavior behavior)
   at System.Data.Common.DbDataAdapter.Fill(DataSet dataSet, Int32 startRecord, Int32 maxRecords, String srcTable, IDbCommand command, CommandBehavior behavior)
   at System.Data.Common.DbDataAdapter.Fill(DataSet dataSet)
   at PharmaSYSDistributorPlus.DataLayer.DBInterface.SelectDataSet(String strQuery)
[05:18:35:419]ERROR >> System.Data.EvaluateException: Cannot find column [Barcode].
   at System.Data.NameNode.Bind(DataTable table, List`1 list)
   at System.Data.BinaryNode.Bind(DataTable table, List`1 list)
   at System.Data.DataExpression.Bind(DataTable table)
   at System.Data.DataView.set_RowFilter(String value)
   at System.Windows.Forms.BindingSource.set_InnerListFilter(String value)
   at PharmaSYSDistributorPlus.InterfaceLayer.CommonControls.PSMainSubViewControl.DoFilter(String filterValue)
[05:18:43:793]ERROR >> <<MySqlStream.ReadPacket>> -    at MySql.Data.MySqlClient.MySqlStream.ReadPacket()
   at MySql.Data.MySqlClient.NativeDriver.GetResult(Int32& affectedRow, Int64& insertedId)
   at MySql.Data.MySqlClient.Driver.NextResult(Int32 statementId, Boolean force)
   at MySql.Data.MySqlClient.MySqlDataReader.NextResult()
   at MySql.Data.MySqlClient.MySqlCommand.ExecuteReader(CommandBehavior behavior)
   at System.Data.Common.DbDataAdapter.FillInternal(DataSet dataset, DataTable[] datatables, Int32 startRecord, Int32 maxRecords, String srcTable, IDbCommand command, CommandBehavior behavior)
   at System.Data.Common.DbDataAdapter.Fill(DataSet dataSet, Int32 startRecord, Int32 maxRecords, String srcTable, IDbCommand command, CommandBehavior behavior)
   at System.Data.Common.DbDataAdapter.Fill(DataSet dataSet)
   at PharmaSYSDistributorPlus.DataLayer.DBInterface.SelectDataSet(String strQuery)
[06:23:50:573]Debug >> Log [ctor] >> Log path = [E:\GitDistributor - New\PharmaSYSDistributorPlus\bin\Debug]
[06:23:50:590]ERROR >> <<MySqlStream.ReadPacket>> -    at MySql.Data.MySqlClient.MySqlStream.ReadPacket()
   at MySql.Data.MySqlClient.NativeDriver.GetResult(Int32& affectedRow, Int64& insertedId)
   at MySql.Data.MySqlClient.Driver.NextResult(Int32 statementId, Boolean force)
   at MySql.Data.MySqlClient.MySqlDataReader.NextResult()
   at MySql.Data.MySqlClient.MySqlCommand.ExecuteReader(CommandBehavior behavior)
   at System.Data.Common.DbDataAdapter.FillInternal(DataSet dataset, DataTable[] datatables, Int32 startRecord, Int32 maxRecords, String srcTable, IDbCommand command, CommandBehavior behavior)
   at System.Data.Common.DbDataAdapter.Fill(DataSet dataSet, Int32 startRecord, Int32 maxRecords, String srcTable, IDbCommand command, CommandBehavior behavior)
   at System.Data.Common.DbDataAdapter.Fill(DataSet dataSet)
   at PharmaSYSDistributorPlus.DataLayer.DBInterface.SelectDataSet(String strQuery) in E:\GitDistributor - New\PharmaSYSDistributorPlus\DataLayer\DBInterface.cs:line 94
[06:23:57:248]ERROR >> <<MySqlStream.ReadPacket>> -    at MySql.Data.MySqlClient.MySqlStream.ReadPacket()
   at MySql.Data.MySqlClient.NativeDriver.GetResult(Int32& affectedRow, Int64& insertedId)
   at MySql.Data.MySqlClient.Driver.NextResult(Int32 statementId, Boolean force)
   at MySql.Data.MySqlClient.MySqlDataReader.NextResult()
   at MySql.Data.MySqlClient.MySqlCommand.ExecuteReader(CommandBehavior behavior)
   at System.Data.Common.DbDataAdapter.FillInternal(DataSet dataset, DataTable[] datatables, Int32 startRecord, Int32 maxRecords, String srcTable, IDbCommand command, CommandBehavior behavior)
   at System.Data.Common.DbDataAdapter.Fill(DataSet dataSet, Int32 startRecord, Int32 maxRecords, String srcTable, IDbCommand command, CommandBehavior behavior)
   at System.Data.Common.DbDataAdapter.Fill(DataSet dataSet)
   at PharmaSYSDistributorPlus.DataLayer.DBInterface.SelectDataSet(String strQuery) in E:\GitDistributor - New\PharmaSYSDistributorPlus\DataLayer\DBInterface.cs:line 94
[06:23:57:318]ERROR >> <<MySqlStream.ReadPacket>> -    at MySql.Data.MySqlClient.MySqlStream.ReadPacket()
   at MySql.Data.MySqlClient.NativeDriver.GetResult(Int32& affectedRow, Int64& insertedId)
   at MySql.Data.MySqlClient.Driver.NextResult(Int32 statementId, Boolean force)
   at MySql.Data.MySqlClient.MySqlDataReader.NextResult()
   at MySql.Data.MySqlClient.MySqlCommand.ExecuteReader(CommandBehavior behavior)
   at System.Data.Common.DbDataAdapter.FillInternal(DataSet dataset, DataTable[] datatables, Int32 startRecord, Int32 maxRecords, String srcTable, IDbCommand command, CommandBehavior behavior)
   at System.Data.Common.DbDataAdapter.Fill(DataSet dataSet, Int32 startRecord, Int32 maxRecords, String srcTable, IDbCommand command, CommandBehavior behavior)
   at System.Data.Common.DbDataAdapter.Fill(DataSet dataSet)
   at PharmaSYSDistributorPlus.DataLayer.DBInterface.SelectDataSet(String strQuery) in E:\GitDistributor - New\PharmaSYSDistributorPlus\DataLayer\DBInterface.cs:line 94
[06:24:07:009]ERROR >> System.Data.EvaluateException: Cannot find column [Barcode].
   at System.Data.NameNode.Bind(DataTable table, List`1 list)
   at System.Data.BinaryNode.Bind(DataTable table, List`1 list)
   at System.Data.DataExpression.Bind(DataTable table)
   at System.Data.DataView.set_RowFilter(String value)
   at System.Windows.Forms.BindingSource.set_InnerListFilter(String value)
   at PharmaSYSDistributorPlus.InterfaceLayer.CommonControls.PSMainSubViewControl.DoFilter(String filterValue) in E:\GitDistributor - New\PharmaSYSDistributorPlus\InterfaceLayer\CommonControls\PSMainSubViewControl.cs:line 450
[06:24:14:257]ERROR >> <<MySqlStream.ReadPacket>> -    at MySql.Data.MySqlClient.MySqlStream.ReadPacket()
   at MySql.Data.MySqlClient.NativeDriver.GetResult(Int32& affectedRow, Int64& insertedId)
   at MySql.Data.MySqlClient.Driver.NextResult(Int32 statementId, Boolean force)
   at MySql.Data.MySqlClient.MySqlDataReader.NextResult()
   at MySql.Data.MySqlClient.MySqlCommand.ExecuteReader(CommandBehavior behavior)
   at System.Data.Common.DbDataAdapter.FillInternal(DataSet dataset, DataTable[] datatables, Int32 startRecord, Int32 maxRecords, String srcTable, IDbCommand command, CommandBehavior behavior)
   at System.Data.Common.DbDataAdapter.Fill(DataSet dataSet, Int32 startRecord, Int32 maxRecords, String srcTable, IDbCommand command, CommandBehavior behavior)
   at System.Data.Common.DbDataAdapter.Fill(DataSet dataSet)
   at PharmaSYSDistributorPlus.DataLayer.DBInterface.SelectDataSet(String strQuery) in E:\GitDistributor - New\PharmaSYSDistributorPlus\DataLayer\DBInterface.cs:line 94
[06:25:24:589]ERROR >> <<MySqlStream.ReadPacket>> -    at MySql.Data.MySqlClient.MySqlStream.ReadPacket()
   at MySql.Data.MySqlClient.NativeDriver.GetResult(Int32& affectedRow, Int64& insertedId)
   at MySql.Data.MySqlClient.Driver.NextResult(Int32 statementId, Boolean force)
   at MySql.Data.MySqlClient.MySqlDataReader.NextResult()
   at MySql.Data.MySqlClient.MySqlCommand.ExecuteReader(CommandBehavior behavior)
   at System.Data.Common.DbDataAdapter.FillInternal(DataSet dataset, DataTable[] datatables, Int32 startRecord, Int32 maxRecords, String srcTable, IDbCommand command, CommandBehavior behavior)
   at System.Data.Common.DbDataAdapter.Fill(DataSet dataSet, Int32 startRecord, Int32 maxRecords, String srcTable, IDbCommand command, CommandBehavior behavior)
   at System.Data.Common.DbDataAdapter.Fill(DataSet dataSet)
   at PharmaSYSDistributorPlus.DataLayer.DBInterface.SelectDataSet(String strQuery) in E:\GitDistributor - New\PharmaSYSDistributorPlus\DataLayer\DBInterface.cs:line 94
[06:25:44:701]ERROR >> <<MySqlStream.ReadPacket>> -    at MySql.Data.MySqlClient.MySqlStream.ReadPacket()
   at MySql.Data.MySqlClient.NativeDriver.GetResult(Int32& affectedRow, Int64& insertedId)
   at MySql.Data.MySqlClient.Driver.NextResult(Int32 statementId, Boolean force)
   at MySql.Data.MySqlClient.MySqlDataReader.NextResult()
   at MySql.Data.MySqlClient.MySqlCommand.ExecuteReader(CommandBehavior behavior)
   at System.Data.Common.DbDataAdapter.FillInternal(DataSet dataset, DataTable[] datatables, Int32 startRecord, Int32 maxRecords, String srcTable, IDbCommand command, CommandBehavior behavior)
   at System.Data.Common.DbDataAdapter.Fill(DataSet dataSet, Int32 startRecord, Int32 maxRecords, String srcTable, IDbCommand command, CommandBehavior behavior)
   at System.Data.Common.DbDataAdapter.Fill(DataSet dataSet)
   at PharmaSYSDistributorPlus.DataLayer.DBInterface.SelectDataSet(String strQuery) in E:\GitDistributor - New\PharmaSYSDistributorPlus\DataLayer\DBInterface.cs:line 94
[06:25:44:769]ERROR >> <<MySqlStream.ReadPacket>> -    at MySql.Data.MySqlClient.MySqlStream.ReadPacket()
   at MySql.Data.MySqlClient.NativeDriver.GetResult(Int32& affectedRow, Int64& insertedId)
   at MySql.Data.MySqlClient.Driver.NextResult(Int32 statementId, Boolean force)
   at MySql.Data.MySqlClient.MySqlDataReader.NextResult()
   at MySql.Data.MySqlClient.MySqlCommand.ExecuteReader(CommandBehavior behavior)
   at System.Data.Common.DbDataAdapter.FillInternal(DataSet dataset, DataTable[] datatables, Int32 startRecord, Int32 maxRecords, String srcTable, IDbCommand command, CommandBehavior behavior)
   at System.Data.Common.DbDataAdapter.Fill(DataSet dataSet, Int32 startRecord, Int32 maxRecords, String srcTable, IDbCommand command, CommandBehavior behavior)
   at System.Data.Common.DbDataAdapter.Fill(DataSet dataSet)
   at PharmaSYSDistributorPlus.DataLayer.DBInterface.SelectDataSet(String strQuery) in E:\GitDistributor - New\PharmaSYSDistributorPlus\DataLayer\DBInterface.cs:line 94
[06:25:54:565]ERROR >> <<MySqlStream.ReadPacket>> -    at MySql.Data.MySqlClient.MySqlStream.ReadPacket()
   at MySql.Data.MySqlClient.NativeDriver.GetResult(Int32& affectedRow, Int64& insertedId)
   at MySql.Data.MySqlClient.Driver.NextResult(Int32 statementId, Boolean force)
   at MySql.Data.MySqlClient.MySqlDataReader.NextResult()
   at MySql.Data.MySqlClient.MySqlCommand.ExecuteReader(CommandBehavior behavior)
   at System.Data.Common.DbDataAdapter.FillInternal(DataSet dataset, DataTable[] datatables, Int32 startRecord, Int32 maxRecords, String srcTable, IDbCommand command, CommandBehavior behavior)
   at System.Data.Common.DbDataAdapter.Fill(DataSet dataSet, Int32 startRecord, Int32 maxRecords, String srcTable, IDbCommand command, CommandBehavior behavior)
   at System.Data.Common.DbDataAdapter.Fill(DataSet dataSet)
   at PharmaSYSDistributorPlus.DataLayer.DBInterface.SelectDataSet(String strQuery) in E:\GitDistributor - New\PharmaSYSDistributorPlus\DataLayer\DBInterface.cs:line 94
[06:38:12:917]ERROR >> <<MySqlStream.ReadPacket>> -    at MySql.Data.MySqlClient.MySqlStream.ReadPacket()
   at MySql.Data.MySqlClient.NativeDriver.GetResult(Int32& affectedRow, Int64& insertedId)
   at MySql.Data.MySqlClient.Driver.NextResult(Int32 statementId, Boolean force)
   at MySql.Data.MySqlClient.MySqlDataReader.NextResult()
   at MySql.Data.MySqlClient.MySqlCommand.ExecuteReader(CommandBehavior behavior)
   at System.Data.Common.DbDataAdapter.FillInternal(DataSet dataset, DataTable[] datatables, Int32 startRecord, Int32 maxRecords, String srcTable, IDbCommand command, CommandBehavior behavior)
   at System.Data.Common.DbDataAdapter.Fill(DataSet dataSet, Int32 startRecord, Int32 maxRecords, String srcTable, IDbCommand command, CommandBehavior behavior)
   at System.Data.Common.DbDataAdapter.Fill(DataSet dataSet)
   at PharmaSYSDistributorPlus.DataLayer.DBInterface.SelectDataSet(String strQuery)
[06:38:13:190]ERROR >> <<MySqlStream.ReadPacket>> -    at MySql.Data.MySqlClient.MySqlStream.ReadPacket()
   at MySql.Data.MySqlClient.NativeDriver.GetResult(Int32& affectedRow, Int64& insertedId)
   at MySql.Data.MySqlClient.Driver.NextResult(Int32 statementId, Boolean force)
   at MySql.Data.MySqlClient.MySqlDataReader.NextResult()
   at MySql.Data.MySqlClient.MySqlCommand.ExecuteReader(CommandBehavior behavior)
   at System.Data.Common.DbDataAdapter.FillInternal(DataSet dataset, DataTable[] datatables, Int32 startRecord, Int32 maxRecords, String srcTable, IDbCommand command, CommandBehavior behavior)
   at System.Data.Common.DbDataAdapter.Fill(DataSet dataSet, Int32 startRecord, Int32 maxRecords, String srcTable, IDbCommand command, CommandBehavior behavior)
   at System.Data.Common.DbDataAdapter.Fill(DataSet dataSet)
   at PharmaSYSDistributorPlus.DataLayer.DBInterface.SelectDataSet(String strQuery)
[06:38:54:831]ERROR >> <<MySqlStream.ReadPacket>> -    at MySql.Data.MySqlClient.MySqlStream.ReadPacket()
   at MySql.Data.MySqlClient.NativeDriver.GetResult(Int32& affectedRow, Int64& insertedId)
   at MySql.Data.MySqlClient.Driver.NextResult(Int32 statementId, Boolean force)
   at MySql.Data.MySqlClient.MySqlDataReader.NextResult()
   at MySql.Data.MySqlClient.MySqlCommand.ExecuteReader(CommandBehavior behavior)
   at System.Data.Common.DbDataAdapter.FillInternal(DataSet dataset, DataTable[] datatables, Int32 startRecord, Int32 maxRecords, String srcTable, IDbCommand command, CommandBehavior behavior)
   at System.Data.Common.DbDataAdapter.Fill(DataSet dataSet, Int32 startRecord, Int32 maxRecords, String srcTable, IDbCommand command, CommandBehavior behavior)
   at System.Data.Common.DbDataAdapter.Fill(DataSet dataSet)
   at PharmaSYSDistributorPlus.DataLayer.DBInterface.SelectDataSet(String strQuery)
[06:38:55:031]ERROR >> <<MySqlStream.ReadPacket>> -    at MySql.Data.MySqlClient.MySqlStream.ReadPacket()
   at MySql.Data.MySqlClient.NativeDriver.GetResult(Int32& affectedRow, Int64& insertedId)
   at MySql.Data.MySqlClient.Driver.NextResult(Int32 statementId, Boolean force)
   at MySql.Data.MySqlClient.MySqlDataReader.NextResult()
   at MySql.Data.MySqlClient.MySqlCommand.ExecuteReader(CommandBehavior behavior)
   at System.Data.Common.DbDataAdapter.FillInternal(DataSet dataset, DataTable[] datatables, Int32 startRecord, Int32 maxRecords, String srcTable, IDbCommand command, CommandBehavior behavior)
   at System.Data.Common.DbDataAdapter.Fill(DataSet dataSet, Int32 startRecord, Int32 maxRecords, String srcTable, IDbCommand command, CommandBehavior behavior)
   at System.Data.Common.DbDataAdapter.Fill(DataSet dataSet)
   at PharmaSYSDistributorPlus.DataLayer.DBInterface.SelectDataSet(String strQuery)
[06:39:01:083]ERROR >> <<MySqlStream.ReadPacket>> -    at MySql.Data.MySqlClient.MySqlStream.ReadPacket()
   at MySql.Data.MySqlClient.NativeDriver.GetResult(Int32& affectedRow, Int64& insertedId)
   at MySql.Data.MySqlClient.Driver.NextResult(Int32 statementId, Boolean force)
   at MySql.Data.MySqlClient.MySqlDataReader.NextResult()
   at MySql.Data.MySqlClient.MySqlCommand.ExecuteReader(CommandBehavior behavior)
   at System.Data.Common.DbDataAdapter.FillInternal(DataSet dataset, DataTable[] datatables, Int32 startRecord, Int32 maxRecords, String srcTable, IDbCommand command, CommandBehavior behavior)
   at System.Data.Common.DbDataAdapter.Fill(DataSet dataSet, Int32 startRecord, Int32 maxRecords, String srcTable, IDbCommand command, CommandBehavior behavior)
   at System.Data.Common.DbDataAdapter.Fill(DataSet dataSet)
   at PharmaSYSDistributorPlus.DataLayer.DBInterface.SelectDataSet(String strQuery)
[06:39:57:668]ERROR >> <<MySqlStream.ReadPacket>> -    at MySql.Data.MySqlClient.MySqlStream.ReadPacket()
   at MySql.Data.MySqlClient.NativeDriver.GetResult(Int32& affectedRow, Int64& insertedId)
   at MySql.Data.MySqlClient.Driver.NextResult(Int32 statementId, Boolean force)
   at MySql.Data.MySqlClient.MySqlDataReader.NextResult()
   at MySql.Data.MySqlClient.MySqlCommand.ExecuteReader(CommandBehavior behavior)
   at System.Data.Common.DbDataAdapter.FillInternal(DataSet dataset, DataTable[] datatables, Int32 startRecord, Int32 maxRecords, String srcTable, IDbCommand command, CommandBehavior behavior)
   at System.Data.Common.DbDataAdapter.Fill(DataSet dataSet, Int32 startRecord, Int32 maxRecords, String srcTable, IDbCommand command, CommandBehavior behavior)
   at System.Data.Common.DbDataAdapter.Fill(DataSet dataSet)
   at PharmaSYSDistributorPlus.DataLayer.DBInterface.SelectDataSet(String strQuery)
[06:39:57:990]ERROR >> <<MySqlStream.ReadPacket>> -    at MySql.Data.MySqlClient.MySqlStream.ReadPacket()
   at MySql.Data.MySqlClient.NativeDriver.GetResult(Int32& affectedRow, Int64& insertedId)
   at MySql.Data.MySqlClient.Driver.NextResult(Int32 statementId, Boolean force)
   at MySql.Data.MySqlClient.MySqlDataReader.NextResult()
   at MySql.Data.MySqlClient.MySqlCommand.ExecuteReader(CommandBehavior behavior)
   at System.Data.Common.DbDataAdapter.FillInternal(DataSet dataset, DataTable[] datatables, Int32 startRecord, Int32 maxRecords, String srcTable, IDbCommand command, CommandBehavior behavior)
   at System.Data.Common.DbDataAdapter.Fill(DataSet dataSet, Int32 startRecord, Int32 maxRecords, String srcTable, IDbCommand command, CommandBehavior behavior)
   at System.Data.Common.DbDataAdapter.Fill(DataSet dataSet)
   at PharmaSYSDistributorPlus.DataLayer.DBInterface.SelectDataSet(String strQuery)
[06:40:09:897]ERROR >> <<MySqlStream.ReadPacket>> -    at MySql.Data.MySqlClient.MySqlStream.ReadPacket()
   at MySql.Data.MySqlClient.NativeDriver.GetResult(Int32& affectedRow, Int64& insertedId)
   at MySql.Data.MySqlClient.Driver.NextResult(Int32 statementId, Boolean force)
   at MySql.Data.MySqlClient.MySqlDataReader.NextResult()
   at MySql.Data.MySqlClient.MySqlCommand.ExecuteReader(CommandBehavior behavior)
   at System.Data.Common.DbDataAdapter.FillInternal(DataSet dataset, DataTable[] datatables, Int32 startRecord, Int32 maxRecords, String srcTable, IDbCommand command, CommandBehavior behavior)
   at System.Data.Common.DbDataAdapter.Fill(DataSet dataSet, Int32 startRecord, Int32 maxRecords, String srcTable, IDbCommand command, CommandBehavior behavior)
   at System.Data.Common.DbDataAdapter.Fill(DataSet dataSet)
   at PharmaSYSDistributorPlus.DataLayer.DBInterface.SelectDataSet(String strQuery)
[06:40:10:119]ERROR >> <<MySqlStream.ReadPacket>> -    at MySql.Data.MySqlClient.MySqlStream.ReadPacket()
   at MySql.Data.MySqlClient.NativeDriver.GetResult(Int32& affectedRow, Int64& insertedId)
   at MySql.Data.MySqlClient.Driver.NextResult(Int32 statementId, Boolean force)
   at MySql.Data.MySqlClient.MySqlDataReader.NextResult()
   at MySql.Data.MySqlClient.MySqlCommand.ExecuteReader(CommandBehavior behavior)
   at System.Data.Common.DbDataAdapter.FillInternal(DataSet dataset, DataTable[] datatables, Int32 startRecord, Int32 maxRecords, String srcTable, IDbCommand command, CommandBehavior behavior)
   at System.Data.Common.DbDataAdapter.Fill(DataSet dataSet, Int32 startRecord, Int32 maxRecords, String srcTable, IDbCommand command, CommandBehavior behavior)
   at System.Data.Common.DbDataAdapter.Fill(DataSet dataSet)
   at PharmaSYSDistributorPlus.DataLayer.DBInterface.SelectDataSet(String strQuery)
[06:40:28:842]ERROR >> <<MySqlStream.ReadPacket>> -    at MySql.Data.MySqlClient.MySqlStream.ReadPacket()
   at MySql.Data.MySqlClient.NativeDriver.GetResult(Int32& affectedRow, Int64& insertedId)
   at MySql.Data.MySqlClient.Driver.NextResult(Int32 statementId, Boolean force)
   at MySql.Data.MySqlClient.MySqlDataReader.NextResult()
   at MySql.Data.MySqlClient.MySqlCommand.ExecuteReader(CommandBehavior behavior)
   at System.Data.Common.DbDataAdapter.FillInternal(DataSet dataset, DataTable[] datatables, Int32 startRecord, Int32 maxRecords, String srcTable, IDbCommand command, CommandBehavior behavior)
   at System.Data.Common.DbDataAdapter.Fill(DataSet dataSet, Int32 startRecord, Int32 maxRecords, String srcTable, IDbCommand command, CommandBehavior behavior)
   at System.Data.Common.DbDataAdapter.Fill(DataSet dataSet)
   at PharmaSYSDistributorPlus.DataLayer.DBInterface.SelectDataSet(String strQuery)
[06:40:50:666]ERROR >> <<MySqlStream.ReadPacket>> -    at MySql.Data.MySqlClient.MySqlStream.ReadPacket()
   at MySql.Data.MySqlClient.NativeDriver.GetResult(Int32& affectedRow, Int64& insertedId)
   at MySql.Data.MySqlClient.Driver.NextResult(Int32 statementId, Boolean force)
   at MySql.Data.MySqlClient.MySqlDataReader.NextResult()
   at MySql.Data.MySqlClient.MySqlCommand.ExecuteReader(CommandBehavior behavior)
   at System.Data.Common.DbDataAdapter.FillInternal(DataSet dataset, DataTable[] datatables, Int32 startRecord, Int32 maxRecords, String srcTable, IDbCommand command, CommandBehavior behavior)
   at System.Data.Common.DbDataAdapter.Fill(DataSet dataSet, Int32 startRecord, Int32 maxRecords, String srcTable, IDbCommand command, CommandBehavior behavior)
   at System.Data.Common.DbDataAdapter.Fill(DataSet dataSet)
   at PharmaSYSDistributorPlus.DataLayer.DBInterface.SelectDataSet(String strQuery)
[06:40:50:915]ERROR >> <<MySqlStream.ReadPacket>> -    at MySql.Data.MySqlClient.MySqlStream.ReadPacket()
   at MySql.Data.MySqlClient.NativeDriver.GetResult(Int32& affectedRow, Int64& insertedId)
   at MySql.Data.MySqlClient.Driver.NextResult(Int32 statementId, Boolean force)
   at MySql.Data.MySqlClient.MySqlDataReader.NextResult()
   at MySql.Data.MySqlClient.MySqlCommand.ExecuteReader(CommandBehavior behavior)
   at System.Data.Common.DbDataAdapter.FillInternal(DataSet dataset, DataTable[] datatables, Int32 startRecord, Int32 maxRecords, String srcTable, IDbCommand command, CommandBehavior behavior)
   at System.Data.Common.DbDataAdapter.Fill(DataSet dataSet, Int32 startRecord, Int32 maxRecords, String srcTable, IDbCommand command, CommandBehavior behavior)
   at System.Data.Common.DbDataAdapter.Fill(DataSet dataSet)
   at PharmaSYSDistributorPlus.DataLayer.DBInterface.SelectDataSet(String strQuery)
[06:40:58:728]ERROR >> <<MySqlStream.ReadPacket>> -    at MySql.Data.MySqlClient.MySqlStream.ReadPacket()
   at MySql.Data.MySqlClient.NativeDriver.GetResult(Int32& affectedRow, Int64& insertedId)
   at MySql.Data.MySqlClient.Driver.NextResult(Int32 statementId, Boolean force)
   at MySql.Data.MySqlClient.MySqlDataReader.NextResult()
   at MySql.Data.MySqlClient.MySqlCommand.ExecuteReader(CommandBehavior behavior)
   at System.Data.Common.DbDataAdapter.FillInternal(DataSet dataset, DataTable[] datatables, Int32 startRecord, Int32 maxRecords, String srcTable, IDbCommand command, CommandBehavior behavior)
   at System.Data.Common.DbDataAdapter.Fill(DataSet dataSet, Int32 startRecord, Int32 maxRecords, String srcTable, IDbCommand command, CommandBehavior behavior)
   at System.Data.Common.DbDataAdapter.Fill(DataSet dataSet)
   at PharmaSYSDistributorPlus.DataLayer.DBInterface.SelectDataSet(String strQuery)
[07:05:43:894]ERROR >> <<MySqlStream.ReadPacket>> -    at MySql.Data.MySqlClient.MySqlStream.ReadPacket()
   at MySql.Data.MySqlClient.NativeDriver.GetResult(Int32& affectedRow, Int64& insertedId)
   at MySql.Data.MySqlClient.Driver.NextResult(Int32 statementId, Boolean force)
   at MySql.Data.MySqlClient.MySqlDataReader.NextResult()
   at MySql.Data.MySqlClient.MySqlCommand.ExecuteReader(CommandBehavior behavior)
   at MySql.Data.MySqlClient.MySqlCommand.ExecuteNonQuery()
   at PharmaSYSDistributorPlus.DataLayer.DBInterface.ExecuteQuery(String strSql)
[07:05:44:011]ERROR >> <<MySqlStream.ReadPacket>> -    at MySql.Data.MySqlClient.MySqlStream.ReadPacket()
   at MySql.Data.MySqlClient.NativeDriver.GetResult(Int32& affectedRow, Int64& insertedId)
   at MySql.Data.MySqlClient.Driver.NextResult(Int32 statementId, Boolean force)
   at MySql.Data.MySqlClient.MySqlDataReader.NextResult()
   at MySql.Data.MySqlClient.MySqlCommand.ExecuteReader(CommandBehavior behavior)
   at MySql.Data.MySqlClient.MySqlCommand.ExecuteNonQuery()
   at PharmaSYSDistributorPlus.DataLayer.DBInterface.ExecuteQuery(String strSql)
[07:05:44:127]ERROR >> <<MySqlStream.ReadPacket>> -    at MySql.Data.MySqlClient.MySqlStream.ReadPacket()
   at MySql.Data.MySqlClient.NativeDriver.GetResult(Int32& affectedRow, Int64& insertedId)
   at MySql.Data.MySqlClient.Driver.NextResult(Int32 statementId, Boolean force)
   at MySql.Data.MySqlClient.MySqlDataReader.NextResult()
   at MySql.Data.MySqlClient.MySqlCommand.ExecuteReader(CommandBehavior behavior)
   at MySql.Data.MySqlClient.MySqlCommand.ExecuteNonQuery()
   at PharmaSYSDistributorPlus.DataLayer.DBInterface.ExecuteQuery(String strSql)
[07:05:44:255]ERROR >> <<MySqlStream.ReadPacket>> -    at MySql.Data.MySqlClient.MySqlStream.ReadPacket()
   at MySql.Data.MySqlClient.NativeDriver.GetResult(Int32& affectedRow, Int64& insertedId)
   at MySql.Data.MySqlClient.Driver.NextResult(Int32 statementId, Boolean force)
   at MySql.Data.MySqlClient.MySqlDataReader.NextResult()
   at MySql.Data.MySqlClient.MySqlCommand.ExecuteReader(CommandBehavior behavior)
   at MySql.Data.MySqlClient.MySqlCommand.ExecuteNonQuery()
   at PharmaSYSDistributorPlus.DataLayer.DBInterface.ExecuteQuery(String strSql)
[07:05:44:373]ERROR >> <<MySqlStream.ReadPacket>> -    at MySql.Data.MySqlClient.MySqlStream.ReadPacket()
   at MySql.Data.MySqlClient.NativeDriver.GetResult(Int32& affectedRow, Int64& insertedId)
   at MySql.Data.MySqlClient.Driver.NextResult(Int32 statementId, Boolean force)
   at MySql.Data.MySqlClient.MySqlDataReader.NextResult()
   at MySql.Data.MySqlClient.MySqlCommand.ExecuteReader(CommandBehavior behavior)
   at MySql.Data.MySqlClient.MySqlCommand.ExecuteNonQuery()
   at PharmaSYSDistributorPlus.DataLayer.DBInterface.ExecuteQuery(String strSql)
[07:05:44:499]ERROR >> <<MySqlStream.ReadPacket>> -    at MySql.Data.MySqlClient.MySqlStream.ReadPacket()
   at MySql.Data.MySqlClient.NativeDriver.GetResult(Int32& affectedRow, Int64& insertedId)
   at MySql.Data.MySqlClient.Driver.NextResult(Int32 statementId, Boolean force)
   at MySql.Data.MySqlClient.MySqlDataReader.NextResult()
   at MySql.Data.MySqlClient.MySqlCommand.ExecuteReader(CommandBehavior behavior)
   at MySql.Data.MySqlClient.MySqlCommand.ExecuteNonQuery()
   at PharmaSYSDistributorPlus.DataLayer.DBInterface.ExecuteQuery(String strSql)
[22:18:46:221]Debug >> Log [ctor] >> Log path = [E:\GitDistributor - New\PharmaSYSDistributorPlus\bin\Debug]
[22:18:46:243]ERROR >> <<MySqlStream.ReadPacket>> -    at MySql.Data.MySqlClient.MySqlStream.ReadPacket()
   at MySql.Data.MySqlClient.NativeDriver.GetResult(Int32& affectedRow, Int64& insertedId)
   at MySql.Data.MySqlClient.Driver.NextResult(Int32 statementId, Boolean force)
   at MySql.Data.MySqlClient.MySqlDataReader.NextResult()
   at MySql.Data.MySqlClient.MySqlCommand.ExecuteReader(CommandBehavior behavior)
   at System.Data.Common.DbDataAdapter.FillInternal(DataSet dataset, DataTable[] datatables, Int32 startRecord, Int32 maxRecords, String srcTable, IDbCommand command, CommandBehavior behavior)
   at System.Data.Common.DbDataAdapter.Fill(DataSet dataSet, Int32 startRecord, Int32 maxRecords, String srcTable, IDbCommand command, CommandBehavior behavior)
   at System.Data.Common.DbDataAdapter.Fill(DataSet dataSet)
   at PharmaSYSDistributorPlus.DataLayer.DBInterface.SelectDataSet(String strQuery) in E:\GitDistributor - New\PharmaSYSDistributorPlus\DataLayer\DBInterface.cs:line 94
[22:18:50:168]ERROR >> <<MySqlStream.ReadPacket>> -    at MySql.Data.MySqlClient.MySqlStream.ReadPacket()
   at MySql.Data.MySqlClient.NativeDriver.GetResult(Int32& affectedRow, Int64& insertedId)
   at MySql.Data.MySqlClient.Driver.NextResult(Int32 statementId, Boolean force)
   at MySql.Data.MySqlClient.MySqlDataReader.NextResult()
   at MySql.Data.MySqlClient.MySqlCommand.ExecuteReader(CommandBehavior behavior)
   at System.Data.Common.DbDataAdapter.FillInternal(DataSet dataset, DataTable[] datatables, Int32 startRecord, Int32 maxRecords, String srcTable, IDbCommand command, CommandBehavior behavior)
   at System.Data.Common.DbDataAdapter.Fill(DataSet dataSet, Int32 startRecord, Int32 maxRecords, String srcTable, IDbCommand command, CommandBehavior behavior)
   at System.Data.Common.DbDataAdapter.Fill(DataSet dataSet)
   at PharmaSYSDistributorPlus.DataLayer.DBInterface.SelectDataSet(String strQuery) in E:\GitDistributor - New\PharmaSYSDistributorPlus\DataLayer\DBInterface.cs:line 94
[22:18:50:292]ERROR >> <<MySqlStream.ReadPacket>> -    at MySql.Data.MySqlClient.MySqlStream.ReadPacket()
   at MySql.Data.MySqlClient.NativeDriver.GetResult(Int32& affectedRow, Int64& insertedId)
   at MySql.Data.MySqlClient.Driver.NextResult(Int32 statementId, Boolean force)
   at MySql.Data.MySqlClient.MySqlDataReader.NextResult()
   at MySql.Data.MySqlClient.MySqlCommand.ExecuteReader(CommandBehavior behavior)
   at System.Data.Common.DbDataAdapter.FillInternal(DataSet dataset, DataTable[] datatables, Int32 startRecord, Int32 maxRecords, String srcTable, IDbCommand command, CommandBehavior behavior)
   at System.Data.Common.DbDataAdapter.Fill(DataSet dataSet, Int32 startRecord, Int32 maxRecords, String srcTable, IDbCommand command, CommandBehavior behavior)
   at System.Data.Common.DbDataAdapter.Fill(DataSet dataSet)
   at PharmaSYSDistributorPlus.DataLayer.DBInterface.SelectDataSet(String strQuery) in E:\GitDistributor - New\PharmaSYSDistributorPlus\DataLayer\DBInterface.cs:line 94
[22:18:53:193]ERROR >> System.Data.EvaluateException: Cannot find column [Barcode].
   at System.Data.NameNode.Bind(DataTable table, List`1 list)
   at System.Data.BinaryNode.Bind(DataTable table, List`1 list)
   at System.Data.DataExpression.Bind(DataTable table)
   at System.Data.DataView.set_RowFilter(String value)
   at System.Windows.Forms.BindingSource.set_InnerListFilter(String value)
   at PharmaSYSDistributorPlus.InterfaceLayer.CommonControls.PSMainSubViewControl.DoFilter(String filterValue) in E:\GitDistributor - New\PharmaSYSDistributorPlus\InterfaceLayer\CommonControls\PSMainSubViewControl.cs:line 450
[22:19:42:846]ERROR >> <<MySqlStream.ReadPacket>> -    at MySql.Data.MySqlClient.MySqlStream.ReadPacket()
   at MySql.Data.MySqlClient.NativeDriver.GetResult(Int32& affectedRow, Int64& insertedId)
   at MySql.Data.MySqlClient.Driver.NextResult(Int32 statementId, Boolean force)
   at MySql.Data.MySqlClient.MySqlDataReader.NextResult()
   at MySql.Data.MySqlClient.MySqlCommand.ExecuteReader(CommandBehavior behavior)
   at System.Data.Common.DbDataAdapter.FillInternal(DataSet dataset, DataTable[] datatables, Int32 startRecord, Int32 maxRecords, String srcTable, IDbCommand command, CommandBehavior behavior)
   at System.Data.Common.DbDataAdapter.Fill(DataSet dataSet, Int32 startRecord, Int32 maxRecords, String srcTable, IDbCommand command, CommandBehavior behavior)
   at System.Data.Common.DbDataAdapter.Fill(DataSet dataSet)
   at PharmaSYSDistributorPlus.DataLayer.DBInterface.SelectDataSet(String strQuery)
[22:19:47:376]ERROR >> <<Number.StringToNumber>> -    at System.Number.StringToNumber(String str, NumberStyles options, NumberBuffer& number, NumberFormatInfo info, Boolean parseDecimal)
   at System.Number.ParseInt32(String s, NumberStyles style, NumberFormatInfo info)
   at System.Convert.ToInt32(String value)
   at PharmaSYSDistributorPlus.InterfaceLayer.UclDistributorSale.SaveData(Boolean printData)
   at PharmaSYSDistributorPlus.InterfaceLayer.UclDistributorSale.Save()
   at PharmaSYSDistributorPlus.InterfaceLayer.BaseControl.tsbtnSaveClik()
   at PharmaSYSDistributorPlus.InterfaceLayer.BaseControl.tsBtnSave_Click(Object sender, EventArgs e)
   at System.Windows.Forms.ToolStripItem.RaiseEvent(Object key, EventArgs e)
   at System.Windows.Forms.ToolStripButton.OnClick(EventArgs e)
   at System.Windows.Forms.ToolStripItem.HandleClick(EventArgs e)
   at System.Windows.Forms.ToolStripItem.HandleMouseUp(MouseEventArgs e)
   at System.Windows.Forms.ToolStrip.OnMouseUp(MouseEventArgs mea)
   at System.Windows.Forms.Control.WmMouseUp(Message& m, MouseButtons button, Int32 clicks)
   at System.Windows.Forms.Control.WndProc(Message& m)
   at System.Windows.Forms.ToolStrip.WndProc(Message& m)
   at System.Windows.Forms.NativeWindow.DebuggableCallback(IntPtr hWnd, Int32 msg, IntPtr wparam, IntPtr lparam)
   at System.Windows.Forms.UnsafeNativeMethods.DispatchMessageW(MSG& msg)
   at System.Windows.Forms.Application.ComponentManager.System.Windows.Forms.UnsafeNativeMethods.IMsoComponentManager.FPushMessageLoop(IntPtr dwComponentID, Int32 reason, Int32 pvLoopData)
   at System.Windows.Forms.Application.ThreadContext.RunMessageLoopInner(Int32 reason, ApplicationContext context)
   at System.Windows.Forms.Application.ThreadContext.RunMessageLoop(Int32 reason, ApplicationContext context)
   at PharmaSYSDistributorPlus.Program.RunPharmaSYSDistributorPlus()
[22:20:22:585]Debug >> Log [ctor] >> Log path = [E:\GitDistributor - New\PharmaSYSDistributorPlus\bin\Debug]
[22:20:22:593]ERROR >> <<MySqlStream.ReadPacket>> -    at MySql.Data.MySqlClient.MySqlStream.ReadPacket()
   at MySql.Data.MySqlClient.NativeDriver.GetResult(Int32& affectedRow, Int64& insertedId)
   at MySql.Data.MySqlClient.Driver.NextResult(Int32 statementId, Boolean force)
   at MySql.Data.MySqlClient.MySqlDataReader.NextResult()
   at MySql.Data.MySqlClient.MySqlCommand.ExecuteReader(CommandBehavior behavior)
   at System.Data.Common.DbDataAdapter.FillInternal(DataSet dataset, DataTable[] datatables, Int32 startRecord, Int32 maxRecords, String srcTable, IDbCommand command, CommandBehavior behavior)
   at System.Data.Common.DbDataAdapter.Fill(DataSet dataSet, Int32 startRecord, Int32 maxRecords, String srcTable, IDbCommand command, CommandBehavior behavior)
   at System.Data.Common.DbDataAdapter.Fill(DataSet dataSet)
   at PharmaSYSDistributorPlus.DataLayer.DBInterface.SelectDataSet(String strQuery) in E:\GitDistributor - New\PharmaSYSDistributorPlus\DataLayer\DBInterface.cs:line 94
[22:20:30:992]ERROR >> Backup Path  Missing 
